TimeQuest Timing Analyzer report for TopLevel
Mon Mar 27 15:52:35 2017
Quartus II 32-bit Version 12.0 Build 178 05/31/2012 SJ Web Edition


---------------------
; Table of Contents ;
---------------------
  1. Legal Notice
  2. TimeQuest Timing Analyzer Summary
  3. Parallel Compilation
  4. Clocks
  5. Fmax Summary
  6. Setup Summary
  7. Hold Summary
  8. Recovery Summary
  9. Removal Summary
 10. Minimum Pulse Width Summary
 11. Setup: 'clk'
 12. Hold: 'clk'
 13. Minimum Pulse Width: 'clk'
 14. Setup Times
 15. Hold Times
 16. Clock to Output Times
 17. Minimum Clock to Output Times
 18. Propagation Delay
 19. Minimum Propagation Delay
 20. Output Enable Times
 21. Minimum Output Enable Times
 22. Output Disable Times
 23. Minimum Output Disable Times
 24. Setup Transfers
 25. Hold Transfers
 26. Report TCCS
 27. Report RSKM
 28. Unconstrained Paths
 29. TimeQuest Timing Analyzer Messages



----------------
; Legal Notice ;
----------------
Copyright (C) 1991-2012 Altera Corporation
Your use of Altera Corporation's design tools, logic functions 
and other software and tools, and its AMPP partner logic 
functions, and any output files from any of the foregoing 
(including device programming or simulation files), and any 
associated documentation or information are expressly subject 
to the terms and conditions of the Altera Program License 
Subscription Agreement, Altera MegaCore Function License 
Agreement, or other applicable license agreement, including, 
without limitation, that your use is for the sole purpose of 
programming logic devices manufactured by Altera and sold by 
Altera or its authorized distributors.  Please refer to the 
applicable agreement for further details.



+-----------------------------------------------------------------------+
; TimeQuest Timing Analyzer Summary                                     ;
+--------------------+--------------------------------------------------+
; Quartus II Version ; Version 12.0 Build 178 05/31/2012 SJ Web Edition ;
; Revision Name      ; TopLevel                                         ;
; Device Family      ; MAX V                                            ;
; Device Name        ; 5M1270ZT144C5                                    ;
; Timing Models      ; Final                                            ;
; Delay Model        ; Slow Model                                       ;
; Rise/Fall Delays   ; Unavailable                                      ;
+--------------------+--------------------------------------------------+


Parallel compilation was disabled, but you have multiple processors available. Enable parallel compilation to reduce compilation time.
+-------------------------------------+
; Parallel Compilation                ;
+----------------------------+--------+
; Processors                 ; Number ;
+----------------------------+--------+
; Number detected on machine ; 4      ;
; Maximum allowed            ; 1      ;
+----------------------------+--------+


+---------------------------------------------------------------------------------------------------------------------------------------------------------------------------------+
; Clocks                                                                                                                                                                          ;
+------------+------+--------+------------+-------+-------+------------+-----------+-------------+-------+--------+-----------+------------+----------+--------+--------+---------+
; Clock Name ; Type ; Period ; Frequency  ; Rise  ; Fall  ; Duty Cycle ; Divide by ; Multiply by ; Phase ; Offset ; Edge List ; Edge Shift ; Inverted ; Master ; Source ; Targets ;
+------------+------+--------+------------+-------+-------+------------+-----------+-------------+-------+--------+-----------+------------+----------+--------+--------+---------+
; clk        ; Base ; 1.000  ; 1000.0 MHz ; 0.000 ; 0.500 ;            ;           ;             ;       ;        ;           ;            ;          ;        ;        ; { clk } ;
+------------+------+--------+------------+-------+-------+------------+-----------+-------------+-------+--------+-----------+------------+----------+--------+--------+---------+


+-------------------------------------------------+
; Fmax Summary                                    ;
+-----------+-----------------+------------+------+
; Fmax      ; Restricted Fmax ; Clock Name ; Note ;
+-----------+-----------------+------------+------+
; 73.48 MHz ; 73.48 MHz       ; clk        ;      ;
+-----------+-----------------+------------+------+
This panel reports FMAX for every clock in the design, regardless of the user-specified clock periods.  FMAX is only computed for paths where the source and destination registers or ports are driven by the same clock.  Paths of different clocks, including generated clocks, are ignored.  For paths between a clock and its inversion, FMAX is computed as if the rising and falling edges are scaled along with FMAX, such that the duty cycle (in terms of a percentage) is maintained. Altera recommends that you always use clock constraints and other slack reports for sign-off analysis.


+---------------------------------+
; Setup Summary                   ;
+-------+---------+---------------+
; Clock ; Slack   ; End Point TNS ;
+-------+---------+---------------+
; clk   ; -12.609 ; -1925.364     ;
+-------+---------+---------------+


+-------------------------------+
; Hold Summary                  ;
+-------+-------+---------------+
; Clock ; Slack ; End Point TNS ;
+-------+-------+---------------+
; clk   ; 1.639 ; 0.000         ;
+-------+-------+---------------+


--------------------
; Recovery Summary ;
--------------------
No paths to report.


-------------------
; Removal Summary ;
-------------------
No paths to report.


+--------------------------------+
; Minimum Pulse Width Summary    ;
+-------+--------+---------------+
; Clock ; Slack  ; End Point TNS ;
+-------+--------+---------------+
; clk   ; -2.289 ; -2.289        ;
+-------+--------+---------------+


+-------------------------------------------------------------------------------------------------------------------------------------------------------------------------------+
; Setup: 'clk'                                                                                                                                                                  ;
+---------+-----------------------------------------------+-----------------------------------------------+--------------+-------------+--------------+------------+------------+
; Slack   ; From Node                                     ; To Node                                       ; Launch Clock ; Latch Clock ; Relationship ; Clock Skew ; Data Delay ;
+---------+-----------------------------------------------+-----------------------------------------------+--------------+-------------+--------------+------------+------------+
; -12.609 ; SMC:ram|SMCData:data|DataRegister:rw|Dout[26] ; SMC:ram|SMCData:data|DataRegister:rw|Dout[27] ; clk          ; clk         ; 1.000        ; 0.000      ; 13.276     ;
; -12.609 ; SMC:ram|SMCData:data|DataRegister:rw|Dout[26] ; SMC:ram|SMCData:data|DataRegister:rw|Dout[26] ; clk          ; clk         ; 1.000        ; 0.000      ; 13.276     ;
; -12.609 ; SMC:ram|SMCData:data|DataRegister:rw|Dout[26] ; SMC:ram|SMCData:data|DataRegister:rw|Dout[29] ; clk          ; clk         ; 1.000        ; 0.000      ; 13.276     ;
; -12.609 ; SMC:ram|SMCData:data|DataRegister:rw|Dout[26] ; SMC:ram|SMCData:data|DataRegister:rw|Dout[28] ; clk          ; clk         ; 1.000        ; 0.000      ; 13.276     ;
; -12.609 ; SMC:ram|SMCData:data|DataRegister:rw|Dout[26] ; SMC:ram|SMCData:data|DataRegister:rw|Dout[31] ; clk          ; clk         ; 1.000        ; 0.000      ; 13.276     ;
; -12.609 ; SMC:ram|SMCData:data|DataRegister:rw|Dout[26] ; SMC:ram|SMCData:data|DataRegister:rw|Dout[30] ; clk          ; clk         ; 1.000        ; 0.000      ; 13.276     ;
; -12.385 ; SMC:ram|SMCData:data|DataRegister:rw|Dout[12] ; SMC:ram|SMCData:data|DataRegister:rw|Dout[27] ; clk          ; clk         ; 1.000        ; 0.000      ; 13.052     ;
; -12.385 ; SMC:ram|SMCData:data|DataRegister:rw|Dout[12] ; SMC:ram|SMCData:data|DataRegister:rw|Dout[26] ; clk          ; clk         ; 1.000        ; 0.000      ; 13.052     ;
; -12.385 ; SMC:ram|SMCData:data|DataRegister:rw|Dout[12] ; SMC:ram|SMCData:data|DataRegister:rw|Dout[29] ; clk          ; clk         ; 1.000        ; 0.000      ; 13.052     ;
; -12.385 ; SMC:ram|SMCData:data|DataRegister:rw|Dout[12] ; SMC:ram|SMCData:data|DataRegister:rw|Dout[28] ; clk          ; clk         ; 1.000        ; 0.000      ; 13.052     ;
; -12.385 ; SMC:ram|SMCData:data|DataRegister:rw|Dout[12] ; SMC:ram|SMCData:data|DataRegister:rw|Dout[31] ; clk          ; clk         ; 1.000        ; 0.000      ; 13.052     ;
; -12.385 ; SMC:ram|SMCData:data|DataRegister:rw|Dout[12] ; SMC:ram|SMCData:data|DataRegister:rw|Dout[30] ; clk          ; clk         ; 1.000        ; 0.000      ; 13.052     ;
; -12.293 ; SMC:ram|SMCData:data|DataRegister:rw|Dout[25] ; SMC:ram|SMCData:data|DataRegister:rw|Dout[27] ; clk          ; clk         ; 1.000        ; 0.000      ; 12.960     ;
; -12.293 ; SMC:ram|SMCData:data|DataRegister:rw|Dout[25] ; SMC:ram|SMCData:data|DataRegister:rw|Dout[26] ; clk          ; clk         ; 1.000        ; 0.000      ; 12.960     ;
; -12.293 ; SMC:ram|SMCData:data|DataRegister:rw|Dout[25] ; SMC:ram|SMCData:data|DataRegister:rw|Dout[29] ; clk          ; clk         ; 1.000        ; 0.000      ; 12.960     ;
; -12.293 ; SMC:ram|SMCData:data|DataRegister:rw|Dout[25] ; SMC:ram|SMCData:data|DataRegister:rw|Dout[28] ; clk          ; clk         ; 1.000        ; 0.000      ; 12.960     ;
; -12.293 ; SMC:ram|SMCData:data|DataRegister:rw|Dout[25] ; SMC:ram|SMCData:data|DataRegister:rw|Dout[31] ; clk          ; clk         ; 1.000        ; 0.000      ; 12.960     ;
; -12.293 ; SMC:ram|SMCData:data|DataRegister:rw|Dout[25] ; SMC:ram|SMCData:data|DataRegister:rw|Dout[30] ; clk          ; clk         ; 1.000        ; 0.000      ; 12.960     ;
; -12.174 ; SMC:ram|SMCData:data|DataRegister:rw|Dout[26] ; SMC:ram|SMCData:data|DataRegister:rw|Dout[17] ; clk          ; clk         ; 1.000        ; 0.000      ; 12.841     ;
; -12.174 ; SMC:ram|SMCData:data|DataRegister:rw|Dout[26] ; SMC:ram|SMCData:data|DataRegister:rw|Dout[16] ; clk          ; clk         ; 1.000        ; 0.000      ; 12.841     ;
; -12.174 ; SMC:ram|SMCData:data|DataRegister:rw|Dout[26] ; SMC:ram|SMCData:data|DataRegister:rw|Dout[19] ; clk          ; clk         ; 1.000        ; 0.000      ; 12.841     ;
; -12.174 ; SMC:ram|SMCData:data|DataRegister:rw|Dout[26] ; SMC:ram|SMCData:data|DataRegister:rw|Dout[18] ; clk          ; clk         ; 1.000        ; 0.000      ; 12.841     ;
; -12.174 ; SMC:ram|SMCData:data|DataRegister:rw|Dout[26] ; SMC:ram|SMCData:data|DataRegister:rw|Dout[21] ; clk          ; clk         ; 1.000        ; 0.000      ; 12.841     ;
; -12.174 ; SMC:ram|SMCData:data|DataRegister:rw|Dout[26] ; SMC:ram|SMCData:data|DataRegister:rw|Dout[20] ; clk          ; clk         ; 1.000        ; 0.000      ; 12.841     ;
; -12.174 ; SMC:ram|SMCData:data|DataRegister:rw|Dout[26] ; SMC:ram|SMCData:data|DataRegister:rw|Dout[23] ; clk          ; clk         ; 1.000        ; 0.000      ; 12.841     ;
; -12.174 ; SMC:ram|SMCData:data|DataRegister:rw|Dout[26] ; SMC:ram|SMCData:data|DataRegister:rw|Dout[22] ; clk          ; clk         ; 1.000        ; 0.000      ; 12.841     ;
; -12.174 ; SMC:ram|SMCData:data|DataRegister:rw|Dout[26] ; SMC:ram|SMCData:data|DataRegister:rw|Dout[25] ; clk          ; clk         ; 1.000        ; 0.000      ; 12.841     ;
; -12.174 ; SMC:ram|SMCData:data|DataRegister:rw|Dout[26] ; SMC:ram|SMCData:data|DataRegister:rw|Dout[24] ; clk          ; clk         ; 1.000        ; 0.000      ; 12.841     ;
; -12.095 ; SMC:ram|SMCData:data|DataRegister:rw|Dout[8]  ; SMC:ram|SMCData:data|DataRegister:rw|Dout[27] ; clk          ; clk         ; 1.000        ; 0.000      ; 12.762     ;
; -12.095 ; SMC:ram|SMCData:data|DataRegister:rw|Dout[8]  ; SMC:ram|SMCData:data|DataRegister:rw|Dout[26] ; clk          ; clk         ; 1.000        ; 0.000      ; 12.762     ;
; -12.095 ; SMC:ram|SMCData:data|DataRegister:rw|Dout[8]  ; SMC:ram|SMCData:data|DataRegister:rw|Dout[29] ; clk          ; clk         ; 1.000        ; 0.000      ; 12.762     ;
; -12.095 ; SMC:ram|SMCData:data|DataRegister:rw|Dout[8]  ; SMC:ram|SMCData:data|DataRegister:rw|Dout[28] ; clk          ; clk         ; 1.000        ; 0.000      ; 12.762     ;
; -12.095 ; SMC:ram|SMCData:data|DataRegister:rw|Dout[8]  ; SMC:ram|SMCData:data|DataRegister:rw|Dout[31] ; clk          ; clk         ; 1.000        ; 0.000      ; 12.762     ;
; -12.095 ; SMC:ram|SMCData:data|DataRegister:rw|Dout[8]  ; SMC:ram|SMCData:data|DataRegister:rw|Dout[30] ; clk          ; clk         ; 1.000        ; 0.000      ; 12.762     ;
; -12.088 ; SMC:ram|SMCData:data|DataRegister:rw|Dout[28] ; SMC:ram|SMCData:data|DataRegister:rw|Dout[27] ; clk          ; clk         ; 1.000        ; 0.000      ; 12.755     ;
; -12.088 ; SMC:ram|SMCData:data|DataRegister:rw|Dout[28] ; SMC:ram|SMCData:data|DataRegister:rw|Dout[26] ; clk          ; clk         ; 1.000        ; 0.000      ; 12.755     ;
; -12.088 ; SMC:ram|SMCData:data|DataRegister:rw|Dout[28] ; SMC:ram|SMCData:data|DataRegister:rw|Dout[29] ; clk          ; clk         ; 1.000        ; 0.000      ; 12.755     ;
; -12.088 ; SMC:ram|SMCData:data|DataRegister:rw|Dout[28] ; SMC:ram|SMCData:data|DataRegister:rw|Dout[28] ; clk          ; clk         ; 1.000        ; 0.000      ; 12.755     ;
; -12.088 ; SMC:ram|SMCData:data|DataRegister:rw|Dout[28] ; SMC:ram|SMCData:data|DataRegister:rw|Dout[31] ; clk          ; clk         ; 1.000        ; 0.000      ; 12.755     ;
; -12.088 ; SMC:ram|SMCData:data|DataRegister:rw|Dout[28] ; SMC:ram|SMCData:data|DataRegister:rw|Dout[30] ; clk          ; clk         ; 1.000        ; 0.000      ; 12.755     ;
; -12.069 ; SMC:ram|SMCData:data|DataRegister:rw|Dout[1]  ; SMC:ram|SMCData:data|DataRegister:rw|Dout[27] ; clk          ; clk         ; 1.000        ; 0.000      ; 12.736     ;
; -12.069 ; SMC:ram|SMCData:data|DataRegister:rw|Dout[1]  ; SMC:ram|SMCData:data|DataRegister:rw|Dout[26] ; clk          ; clk         ; 1.000        ; 0.000      ; 12.736     ;
; -12.069 ; SMC:ram|SMCData:data|DataRegister:rw|Dout[1]  ; SMC:ram|SMCData:data|DataRegister:rw|Dout[29] ; clk          ; clk         ; 1.000        ; 0.000      ; 12.736     ;
; -12.069 ; SMC:ram|SMCData:data|DataRegister:rw|Dout[1]  ; SMC:ram|SMCData:data|DataRegister:rw|Dout[28] ; clk          ; clk         ; 1.000        ; 0.000      ; 12.736     ;
; -12.069 ; SMC:ram|SMCData:data|DataRegister:rw|Dout[1]  ; SMC:ram|SMCData:data|DataRegister:rw|Dout[31] ; clk          ; clk         ; 1.000        ; 0.000      ; 12.736     ;
; -12.069 ; SMC:ram|SMCData:data|DataRegister:rw|Dout[1]  ; SMC:ram|SMCData:data|DataRegister:rw|Dout[30] ; clk          ; clk         ; 1.000        ; 0.000      ; 12.736     ;
; -12.046 ; SMC:ram|SMCData:data|DataRegister:rw|Dout[26] ; SMC:ram|SMCData:data|DataRegister:rw|Dout[7]  ; clk          ; clk         ; 1.000        ; 0.000      ; 12.713     ;
; -12.046 ; SMC:ram|SMCData:data|DataRegister:rw|Dout[26] ; SMC:ram|SMCData:data|DataRegister:rw|Dout[6]  ; clk          ; clk         ; 1.000        ; 0.000      ; 12.713     ;
; -12.046 ; SMC:ram|SMCData:data|DataRegister:rw|Dout[26] ; SMC:ram|SMCData:data|DataRegister:rw|Dout[9]  ; clk          ; clk         ; 1.000        ; 0.000      ; 12.713     ;
; -12.046 ; SMC:ram|SMCData:data|DataRegister:rw|Dout[26] ; SMC:ram|SMCData:data|DataRegister:rw|Dout[8]  ; clk          ; clk         ; 1.000        ; 0.000      ; 12.713     ;
; -12.046 ; SMC:ram|SMCData:data|DataRegister:rw|Dout[26] ; SMC:ram|SMCData:data|DataRegister:rw|Dout[11] ; clk          ; clk         ; 1.000        ; 0.000      ; 12.713     ;
; -12.046 ; SMC:ram|SMCData:data|DataRegister:rw|Dout[26] ; SMC:ram|SMCData:data|DataRegister:rw|Dout[10] ; clk          ; clk         ; 1.000        ; 0.000      ; 12.713     ;
; -12.046 ; SMC:ram|SMCData:data|DataRegister:rw|Dout[26] ; SMC:ram|SMCData:data|DataRegister:rw|Dout[13] ; clk          ; clk         ; 1.000        ; 0.000      ; 12.713     ;
; -12.046 ; SMC:ram|SMCData:data|DataRegister:rw|Dout[26] ; SMC:ram|SMCData:data|DataRegister:rw|Dout[12] ; clk          ; clk         ; 1.000        ; 0.000      ; 12.713     ;
; -12.046 ; SMC:ram|SMCData:data|DataRegister:rw|Dout[26] ; SMC:ram|SMCData:data|DataRegister:rw|Dout[15] ; clk          ; clk         ; 1.000        ; 0.000      ; 12.713     ;
; -12.046 ; SMC:ram|SMCData:data|DataRegister:rw|Dout[26] ; SMC:ram|SMCData:data|DataRegister:rw|Dout[14] ; clk          ; clk         ; 1.000        ; 0.000      ; 12.713     ;
; -12.045 ; SMC:ram|SMCData:data|DataRegister:rw|Dout[26] ; SMC:ram|SMCData:data|DataRegister:rw|Dout[1]  ; clk          ; clk         ; 1.000        ; 0.000      ; 12.712     ;
; -12.045 ; SMC:ram|SMCData:data|DataRegister:rw|Dout[26] ; SMC:ram|SMCData:data|DataRegister:rw|Dout[0]  ; clk          ; clk         ; 1.000        ; 0.000      ; 12.712     ;
; -12.045 ; SMC:ram|SMCData:data|DataRegister:rw|Dout[26] ; SMC:ram|SMCData:data|DataRegister:rw|Dout[3]  ; clk          ; clk         ; 1.000        ; 0.000      ; 12.712     ;
; -12.045 ; SMC:ram|SMCData:data|DataRegister:rw|Dout[26] ; SMC:ram|SMCData:data|DataRegister:rw|Dout[2]  ; clk          ; clk         ; 1.000        ; 0.000      ; 12.712     ;
; -12.045 ; SMC:ram|SMCData:data|DataRegister:rw|Dout[26] ; SMC:ram|SMCData:data|DataRegister:rw|Dout[5]  ; clk          ; clk         ; 1.000        ; 0.000      ; 12.712     ;
; -12.045 ; SMC:ram|SMCData:data|DataRegister:rw|Dout[26] ; SMC:ram|SMCData:data|DataRegister:rw|Dout[4]  ; clk          ; clk         ; 1.000        ; 0.000      ; 12.712     ;
; -11.990 ; SMC:ram|SMCData:data|DataRegister:rw|Dout[31] ; SMC:ram|SMCData:data|DataRegister:rw|Dout[27] ; clk          ; clk         ; 1.000        ; 0.000      ; 12.657     ;
; -11.990 ; SMC:ram|SMCData:data|DataRegister:rw|Dout[31] ; SMC:ram|SMCData:data|DataRegister:rw|Dout[26] ; clk          ; clk         ; 1.000        ; 0.000      ; 12.657     ;
; -11.990 ; SMC:ram|SMCData:data|DataRegister:rw|Dout[31] ; SMC:ram|SMCData:data|DataRegister:rw|Dout[29] ; clk          ; clk         ; 1.000        ; 0.000      ; 12.657     ;
; -11.990 ; SMC:ram|SMCData:data|DataRegister:rw|Dout[31] ; SMC:ram|SMCData:data|DataRegister:rw|Dout[28] ; clk          ; clk         ; 1.000        ; 0.000      ; 12.657     ;
; -11.990 ; SMC:ram|SMCData:data|DataRegister:rw|Dout[31] ; SMC:ram|SMCData:data|DataRegister:rw|Dout[31] ; clk          ; clk         ; 1.000        ; 0.000      ; 12.657     ;
; -11.990 ; SMC:ram|SMCData:data|DataRegister:rw|Dout[31] ; SMC:ram|SMCData:data|DataRegister:rw|Dout[30] ; clk          ; clk         ; 1.000        ; 0.000      ; 12.657     ;
; -11.990 ; SMC:ram|SMCData:data|DataRegister:rw|Dout[29] ; SMC:ram|SMCData:data|DataRegister:rw|Dout[27] ; clk          ; clk         ; 1.000        ; 0.000      ; 12.657     ;
; -11.990 ; SMC:ram|SMCData:data|DataRegister:rw|Dout[29] ; SMC:ram|SMCData:data|DataRegister:rw|Dout[26] ; clk          ; clk         ; 1.000        ; 0.000      ; 12.657     ;
; -11.990 ; SMC:ram|SMCData:data|DataRegister:rw|Dout[29] ; SMC:ram|SMCData:data|DataRegister:rw|Dout[29] ; clk          ; clk         ; 1.000        ; 0.000      ; 12.657     ;
; -11.990 ; SMC:ram|SMCData:data|DataRegister:rw|Dout[29] ; SMC:ram|SMCData:data|DataRegister:rw|Dout[28] ; clk          ; clk         ; 1.000        ; 0.000      ; 12.657     ;
; -11.990 ; SMC:ram|SMCData:data|DataRegister:rw|Dout[29] ; SMC:ram|SMCData:data|DataRegister:rw|Dout[31] ; clk          ; clk         ; 1.000        ; 0.000      ; 12.657     ;
; -11.990 ; SMC:ram|SMCData:data|DataRegister:rw|Dout[29] ; SMC:ram|SMCData:data|DataRegister:rw|Dout[30] ; clk          ; clk         ; 1.000        ; 0.000      ; 12.657     ;
; -11.952 ; SMC:ram|SMCData:data|DataRegister:rw|Dout[5]  ; SMC:ram|SMCData:data|DataRegister:rw|Dout[27] ; clk          ; clk         ; 1.000        ; 0.000      ; 12.619     ;
; -11.952 ; SMC:ram|SMCData:data|DataRegister:rw|Dout[5]  ; SMC:ram|SMCData:data|DataRegister:rw|Dout[26] ; clk          ; clk         ; 1.000        ; 0.000      ; 12.619     ;
; -11.952 ; SMC:ram|SMCData:data|DataRegister:rw|Dout[5]  ; SMC:ram|SMCData:data|DataRegister:rw|Dout[29] ; clk          ; clk         ; 1.000        ; 0.000      ; 12.619     ;
; -11.952 ; SMC:ram|SMCData:data|DataRegister:rw|Dout[5]  ; SMC:ram|SMCData:data|DataRegister:rw|Dout[28] ; clk          ; clk         ; 1.000        ; 0.000      ; 12.619     ;
; -11.952 ; SMC:ram|SMCData:data|DataRegister:rw|Dout[5]  ; SMC:ram|SMCData:data|DataRegister:rw|Dout[31] ; clk          ; clk         ; 1.000        ; 0.000      ; 12.619     ;
; -11.952 ; SMC:ram|SMCData:data|DataRegister:rw|Dout[5]  ; SMC:ram|SMCData:data|DataRegister:rw|Dout[30] ; clk          ; clk         ; 1.000        ; 0.000      ; 12.619     ;
; -11.950 ; SMC:ram|SMCData:data|DataRegister:rw|Dout[12] ; SMC:ram|SMCData:data|DataRegister:rw|Dout[17] ; clk          ; clk         ; 1.000        ; 0.000      ; 12.617     ;
; -11.950 ; SMC:ram|SMCData:data|DataRegister:rw|Dout[12] ; SMC:ram|SMCData:data|DataRegister:rw|Dout[16] ; clk          ; clk         ; 1.000        ; 0.000      ; 12.617     ;
; -11.950 ; SMC:ram|SMCData:data|DataRegister:rw|Dout[12] ; SMC:ram|SMCData:data|DataRegister:rw|Dout[19] ; clk          ; clk         ; 1.000        ; 0.000      ; 12.617     ;
; -11.950 ; SMC:ram|SMCData:data|DataRegister:rw|Dout[12] ; SMC:ram|SMCData:data|DataRegister:rw|Dout[18] ; clk          ; clk         ; 1.000        ; 0.000      ; 12.617     ;
; -11.950 ; SMC:ram|SMCData:data|DataRegister:rw|Dout[12] ; SMC:ram|SMCData:data|DataRegister:rw|Dout[21] ; clk          ; clk         ; 1.000        ; 0.000      ; 12.617     ;
; -11.950 ; SMC:ram|SMCData:data|DataRegister:rw|Dout[12] ; SMC:ram|SMCData:data|DataRegister:rw|Dout[20] ; clk          ; clk         ; 1.000        ; 0.000      ; 12.617     ;
; -11.950 ; SMC:ram|SMCData:data|DataRegister:rw|Dout[12] ; SMC:ram|SMCData:data|DataRegister:rw|Dout[23] ; clk          ; clk         ; 1.000        ; 0.000      ; 12.617     ;
; -11.950 ; SMC:ram|SMCData:data|DataRegister:rw|Dout[12] ; SMC:ram|SMCData:data|DataRegister:rw|Dout[22] ; clk          ; clk         ; 1.000        ; 0.000      ; 12.617     ;
; -11.950 ; SMC:ram|SMCData:data|DataRegister:rw|Dout[12] ; SMC:ram|SMCData:data|DataRegister:rw|Dout[25] ; clk          ; clk         ; 1.000        ; 0.000      ; 12.617     ;
; -11.950 ; SMC:ram|SMCData:data|DataRegister:rw|Dout[12] ; SMC:ram|SMCData:data|DataRegister:rw|Dout[24] ; clk          ; clk         ; 1.000        ; 0.000      ; 12.617     ;
; -11.946 ; SMC:ram|SMCData:data|DataRegister:rw|Dout[27] ; SMC:ram|SMCData:data|DataRegister:rw|Dout[27] ; clk          ; clk         ; 1.000        ; 0.000      ; 12.613     ;
; -11.946 ; SMC:ram|SMCData:data|DataRegister:rw|Dout[27] ; SMC:ram|SMCData:data|DataRegister:rw|Dout[26] ; clk          ; clk         ; 1.000        ; 0.000      ; 12.613     ;
; -11.946 ; SMC:ram|SMCData:data|DataRegister:rw|Dout[27] ; SMC:ram|SMCData:data|DataRegister:rw|Dout[29] ; clk          ; clk         ; 1.000        ; 0.000      ; 12.613     ;
; -11.946 ; SMC:ram|SMCData:data|DataRegister:rw|Dout[27] ; SMC:ram|SMCData:data|DataRegister:rw|Dout[28] ; clk          ; clk         ; 1.000        ; 0.000      ; 12.613     ;
; -11.946 ; SMC:ram|SMCData:data|DataRegister:rw|Dout[27] ; SMC:ram|SMCData:data|DataRegister:rw|Dout[31] ; clk          ; clk         ; 1.000        ; 0.000      ; 12.613     ;
; -11.946 ; SMC:ram|SMCData:data|DataRegister:rw|Dout[27] ; SMC:ram|SMCData:data|DataRegister:rw|Dout[30] ; clk          ; clk         ; 1.000        ; 0.000      ; 12.613     ;
; -11.932 ; SMC:ram|SMCData:data|DataRegister:rw|Dout[11] ; SMC:ram|SMCData:data|DataRegister:rw|Dout[27] ; clk          ; clk         ; 1.000        ; 0.000      ; 12.599     ;
; -11.932 ; SMC:ram|SMCData:data|DataRegister:rw|Dout[11] ; SMC:ram|SMCData:data|DataRegister:rw|Dout[26] ; clk          ; clk         ; 1.000        ; 0.000      ; 12.599     ;
; -11.932 ; SMC:ram|SMCData:data|DataRegister:rw|Dout[11] ; SMC:ram|SMCData:data|DataRegister:rw|Dout[29] ; clk          ; clk         ; 1.000        ; 0.000      ; 12.599     ;
; -11.932 ; SMC:ram|SMCData:data|DataRegister:rw|Dout[11] ; SMC:ram|SMCData:data|DataRegister:rw|Dout[28] ; clk          ; clk         ; 1.000        ; 0.000      ; 12.599     ;
+---------+-----------------------------------------------+-----------------------------------------------+--------------+-------------+--------------+------------+------------+


+-------------------------------------------------------------------------------------------------------------------------------------------------------------------------------------------------------------------------------------------------------------------------------------------+
; Hold: 'clk'                                                                                                                                                                                                                                                                               ;
+-------+------------------------------------------------------------------------------------------------------+------------------------------------------------------------------------------------------------------+--------------+-------------+--------------+------------+------------+
; Slack ; From Node                                                                                            ; To Node                                                                                              ; Launch Clock ; Latch Clock ; Relationship ; Clock Skew ; Data Delay ;
+-------+------------------------------------------------------------------------------------------------------+------------------------------------------------------------------------------------------------------+--------------+-------------+--------------+------------+------------+
; 1.639 ; UARTReceiver:uart|UARTReceiverControl:CP|count_sig[24]                                               ; UARTReceiver:uart|UARTReceiverControl:CP|count_sig[24]                                               ; clk          ; clk         ; 0.000        ; 0.000      ; 1.860      ;
; 1.642 ; done                                                                                                 ; sync_pulse_signal                                                                                    ; clk          ; clk         ; 0.000        ; 0.000      ; 1.863      ;
; 1.646 ; UARTReceiver:uart|UARTReceiverData:DP|DataRegister:shift_r|Dout[9]                                   ; UARTReceiver:uart|UARTReceiverData:DP|DataRegister:shift_r|Dout[8]                                   ; clk          ; clk         ; 0.000        ; 0.000      ; 1.867      ;
; 1.649 ; UARTReceiver:uart|UARTReceiverControl:CP|count_sig[13]                                               ; UARTReceiver:uart|UARTReceiverControl:CP|count_sig[13]                                               ; clk          ; clk         ; 0.000        ; 0.000      ; 1.870      ;
; 1.650 ; UARTReceiver:uart|UARTReceiverControl:CP|count_sig[6]                                                ; UARTReceiver:uart|UARTReceiverControl:CP|count_sig[6]                                                ; clk          ; clk         ; 0.000        ; 0.000      ; 1.871      ;
; 1.650 ; UARTReceiver:uart|UARTReceiverControl:CP|count_sig[19]                                               ; UARTReceiver:uart|UARTReceiverControl:CP|count_sig[19]                                               ; clk          ; clk         ; 0.000        ; 0.000      ; 1.871      ;
; 1.652 ; UARTReceiver:uart|UARTReceiverData:DP|DataRegister:shift_r|Dout[3]                                   ; UARTReceiver:uart|UARTReceiverData:DP|DataRegister:shift_r|Dout[2]                                   ; clk          ; clk         ; 0.000        ; 0.000      ; 1.873      ;
; 1.675 ; UARTReceiver:uart|UARTReceiverControl:CP|count_sig[4]                                                ; UARTReceiver:uart|UARTReceiverControl:CP|count_sig[4]                                                ; clk          ; clk         ; 0.000        ; 0.000      ; 1.896      ;
; 1.678 ; SMC:ram|SMCData:data|DataRegister:output|Dout[7]                                                     ; old_output[7]                                                                                        ; clk          ; clk         ; 0.000        ; 0.000      ; 1.899      ;
; 1.682 ; SMC:ram|SMCData:data|DataRegister:output|Dout[5]                                                     ; old_output[5]                                                                                        ; clk          ; clk         ; 0.000        ; 0.000      ; 1.903      ;
; 1.683 ; SMC:ram|SMCData:data|DataRegister:output|Dout[4]                                                     ; old_output[4]                                                                                        ; clk          ; clk         ; 0.000        ; 0.000      ; 1.904      ;
; 1.687 ; SMC:ram|SMCControl:cntrl|state.S5                                                                    ; SMC:ram|SMCControl:cntrl|state.S6                                                                    ; clk          ; clk         ; 0.000        ; 0.000      ; 1.908      ;
; 1.691 ; UARTReceiver:uart|UARTReceiverData:DP|DataRegister:shift_r|Dout[5]                                   ; UARTReceiver:uart|UARTReceiverData:DP|DataRegister:shift_r|Dout[4]                                   ; clk          ; clk         ; 0.000        ; 0.000      ; 1.912      ;
; 1.700 ; UARTReceiver:uart|UARTReceiverData:DP|DataRegister:count1|Dout[3]                                    ; UARTReceiver:uart|UARTReceiverData:DP|DataRegister:count1|Dout[3]                                    ; clk          ; clk         ; 0.000        ; 0.000      ; 1.921      ;
; 1.725 ; UARTReceiver:uart|UARTReceiverData:DP|DataRegister:count1|Dout[0]                                    ; UARTReceiver:uart|UARTReceiverData:DP|DataRegister:count1|Dout[0]                                    ; clk          ; clk         ; 0.000        ; 0.000      ; 1.946      ;
; 1.742 ; UARTReceiver:uart|UARTReceiverControl:CP|state.S3                                                    ; UARTReceiver:uart|UARTReceiverData:DP|UARTTicker:tc|UARTTickerControl:CP|state.S4                    ; clk          ; clk         ; 0.000        ; 0.000      ; 1.963      ;
; 1.898 ; UARTReceiver:uart|UARTReceiverControl:CP|count_sig[20]                                               ; UARTReceiver:uart|UARTReceiverControl:CP|count_sig[20]                                               ; clk          ; clk         ; 0.000        ; 0.000      ; 2.119      ;
; 1.901 ; UARTReceiver:uart|UARTReceiverData:DP|DataRegister:shift_r|Dout[8]                                   ; UARTReceiver:uart|UARTReceiverData:DP|DataRegister:shift_r|Dout[7]                                   ; clk          ; clk         ; 0.000        ; 0.000      ; 2.122      ;
; 1.907 ; UARTReceiver:uart|UARTReceiverControl:CP|count_sig[25]                                               ; UARTReceiver:uart|UARTReceiverControl:CP|count_sig[25]                                               ; clk          ; clk         ; 0.000        ; 0.000      ; 2.128      ;
; 1.907 ; UARTReceiver:uart|UARTReceiverControl:CP|count_sig[29]                                               ; UARTReceiver:uart|UARTReceiverControl:CP|count_sig[29]                                               ; clk          ; clk         ; 0.000        ; 0.000      ; 2.128      ;
; 1.908 ; UARTReceiver:uart|UARTReceiverControl:CP|count_sig[15]                                               ; UARTReceiver:uart|UARTReceiverControl:CP|count_sig[15]                                               ; clk          ; clk         ; 0.000        ; 0.000      ; 2.129      ;
; 1.909 ; UARTReceiver:uart|UARTReceiverControl:CP|count_sig[16]                                               ; UARTReceiver:uart|UARTReceiverControl:CP|count_sig[16]                                               ; clk          ; clk         ; 0.000        ; 0.000      ; 2.130      ;
; 1.909 ; UARTReceiver:uart|UARTReceiverControl:CP|count_sig[30]                                               ; UARTReceiver:uart|UARTReceiverControl:CP|count_sig[30]                                               ; clk          ; clk         ; 0.000        ; 0.000      ; 2.130      ;
; 1.918 ; UARTReceiver:uart|UARTReceiverData:DP|DataRegister:shift_r|Dout[2]                                   ; UARTReceiver:uart|UARTReceiverData:DP|DataRegister:shift_r|Dout[1]                                   ; clk          ; clk         ; 0.000        ; 0.000      ; 2.139      ;
; 1.925 ; SMC:ram|SMCControl:cntrl|state.S0                                                                    ; SMC:ram|SMCControl:cntrl|state.S5                                                                    ; clk          ; clk         ; 0.000        ; 0.000      ; 2.146      ;
; 1.928 ; UARTReceiver:uart|UARTReceiverData:DP|DataRegister:shift_r|Dout[6]                                   ; UARTReceiver:uart|UARTReceiverData:DP|DataRegister:shift_r|Dout[5]                                   ; clk          ; clk         ; 0.000        ; 0.000      ; 2.149      ;
; 1.956 ; SMC:ram|SMCData:data|DataRegister:waddr|Dout[3]                                                      ; SMC:ram|SMCData:data|DataRegister:addr|Dout[3]                                                       ; clk          ; clk         ; 0.000        ; 0.000      ; 2.177      ;
; 1.957 ; SMC:ram|SMCData:data|DataRegister:waddr|Dout[2]                                                      ; SMC:ram|SMCData:data|DataRegister:addr|Dout[2]                                                       ; clk          ; clk         ; 0.000        ; 0.000      ; 2.178      ;
; 1.962 ; SMC:ram|SMCControl:cntrl|state.S7                                                                    ; SMC:ram|SMCControl:cntrl|state.S7                                                                    ; clk          ; clk         ; 0.000        ; 0.000      ; 2.183      ;
; 1.971 ; SMC:ram|SMCControl:cntrl|state.S7                                                                    ; SMC:ram|SMCData:data|DataRegisterSp:contrl|Dout[2]                                                   ; clk          ; clk         ; 0.000        ; 0.000      ; 2.192      ;
; 1.974 ; UARTReceiver:uart|UARTReceiverData:DP|UARTTicker:tc|UARTTickerControl:CP|state.S2                    ; UARTReceiver:uart|UARTReceiverData:DP|UARTTicker:tc|UARTTickerControl:CP|state.S3                    ; clk          ; clk         ; 0.000        ; 0.000      ; 2.195      ;
; 1.974 ; SMC:ram|SMCData:data|DataRegister:ww|Dout[0]                                                         ; SMC:ram|SMCData:data|DataRegister:ww|Dout[2]                                                         ; clk          ; clk         ; 0.000        ; 0.000      ; 2.195      ;
; 1.975 ; SMC:ram|SMCControl:cntrl|state.S7                                                                    ; SMC:ram|SMCData:data|DataRegisterSp:contrl|Dout[0]                                                   ; clk          ; clk         ; 0.000        ; 0.000      ; 2.196      ;
; 1.981 ; SMC:ram|SMCData:data|DataRegister:ww|Dout[0]                                                         ; SMC:ram|SMCData:data|DataRegister:ww|Dout[1]                                                         ; clk          ; clk         ; 0.000        ; 0.000      ; 2.202      ;
; 1.990 ; SMC:ram|SMCControl:cntrl|count_sig[0]                                                                ; SMC:ram|SMCControl:cntrl|count_sig[0]                                                                ; clk          ; clk         ; 0.000        ; 0.000      ; 2.211      ;
; 1.991 ; SMC:ram|SMCControl:cntrl|count_sig[1]                                                                ; SMC:ram|SMCControl:cntrl|count_sig[1]                                                                ; clk          ; clk         ; 0.000        ; 0.000      ; 2.212      ;
; 2.051 ; UARTReceiver:uart|UARTReceiverData:DP|DataRegister:shift_r|Dout[7]                                   ; UARTReceiver:uart|UARTReceiverData:DP|DataRegister:shift_r|Dout[6]                                   ; clk          ; clk         ; 0.000        ; 0.000      ; 2.272      ;
; 2.068 ; SMC:ram|SMCControl:cntrl|state.S4                                                                    ; SMC:ram|SMCData:data|DataRegister:ww|Dout[0]                                                         ; clk          ; clk         ; 0.000        ; 0.000      ; 2.289      ;
; 2.106 ; SMC:ram|SMCControl:cntrl|state.S2                                                                    ; SMC:ram|SMCControl:cntrl|state.S3                                                                    ; clk          ; clk         ; 0.000        ; 0.000      ; 2.327      ;
; 2.107 ; UARTReceiver:uart|UARTReceiverData:DP|UARTTicker:tc|UARTTickerData:DP|DataRegister:count_reg|Dout[5] ; UARTReceiver:uart|UARTReceiverData:DP|UARTTicker:tc|UARTTickerData:DP|DataRegister:count_reg|Dout[5] ; clk          ; clk         ; 0.000        ; 0.000      ; 2.328      ;
; 2.107 ; SMC:ram|SMCData:data|DataRegister:rw|Dout[5]                                                         ; SMC:ram|SMCData:data|DataRegister:rw|Dout[5]                                                         ; clk          ; clk         ; 0.000        ; 0.000      ; 2.328      ;
; 2.107 ; SMC:ram|SMCData:data|DataRegister:rw|Dout[26]                                                        ; SMC:ram|SMCData:data|DataRegister:rw|Dout[26]                                                        ; clk          ; clk         ; 0.000        ; 0.000      ; 2.328      ;
; 2.107 ; SMC:ram|SMCData:data|DataRegister:raddr|Dout[6]                                                      ; SMC:ram|SMCData:data|DataRegister:raddr|Dout[6]                                                      ; clk          ; clk         ; 0.000        ; 0.000      ; 2.328      ;
; 2.107 ; UARTReceiver:uart|UARTReceiverControl:CP|count_sig[8]                                                ; UARTReceiver:uart|UARTReceiverControl:CP|count_sig[8]                                                ; clk          ; clk         ; 0.000        ; 0.000      ; 2.328      ;
; 2.107 ; UARTReceiver:uart|UARTReceiverControl:CP|count_sig[17]                                               ; UARTReceiver:uart|UARTReceiverControl:CP|count_sig[17]                                               ; clk          ; clk         ; 0.000        ; 0.000      ; 2.328      ;
; 2.107 ; UARTReceiver:uart|UARTReceiverControl:CP|count_sig[22]                                               ; UARTReceiver:uart|UARTReceiverControl:CP|count_sig[22]                                               ; clk          ; clk         ; 0.000        ; 0.000      ; 2.328      ;
; 2.108 ; SMC:ram|SMCData:data|DataRegister:rw|Dout[3]                                                         ; SMC:ram|SMCData:data|DataRegister:rw|Dout[3]                                                         ; clk          ; clk         ; 0.000        ; 0.000      ; 2.329      ;
; 2.108 ; SMC:ram|SMCData:data|DataRegister:waddr|Dout[4]                                                      ; SMC:ram|SMCData:data|DataRegister:waddr|Dout[4]                                                      ; clk          ; clk         ; 0.000        ; 0.000      ; 2.329      ;
; 2.108 ; SMC:ram|SMCData:data|DataRegister:raddr|Dout[4]                                                      ; SMC:ram|SMCData:data|DataRegister:raddr|Dout[4]                                                      ; clk          ; clk         ; 0.000        ; 0.000      ; 2.329      ;
; 2.109 ; SMC:ram|SMCControl:cntrl|state.S2                                                                    ; SMC:ram|SMCData:data|DataRegisterSp:contrl|Dout[1]                                                   ; clk          ; clk         ; 0.000        ; 0.000      ; 2.330      ;
; 2.111 ; UARTReceiver:uart|UARTReceiverData:DP|DataRegister:dout|Dout[2]                                      ; SMC:ram|SMCData:data|DataRegister:signal_size2|Dout[2]                                               ; clk          ; clk         ; 0.000        ; 0.000      ; 2.332      ;
; 2.116 ; SMC:ram|SMCData:data|DataRegister:rw|Dout[6]                                                         ; SMC:ram|SMCData:data|DataRegister:rw|Dout[6]                                                         ; clk          ; clk         ; 0.000        ; 0.000      ; 2.337      ;
; 2.116 ; SMC:ram|SMCData:data|DataRegister:rw|Dout[16]                                                        ; SMC:ram|SMCData:data|DataRegister:rw|Dout[16]                                                        ; clk          ; clk         ; 0.000        ; 0.000      ; 2.337      ;
; 2.116 ; SMC:ram|SMCData:data|DataRegister:waddr|Dout[7]                                                      ; SMC:ram|SMCData:data|DataRegister:waddr|Dout[7]                                                      ; clk          ; clk         ; 0.000        ; 0.000      ; 2.337      ;
; 2.116 ; SMC:ram|SMCData:data|DataRegister:raddr|Dout[7]                                                      ; SMC:ram|SMCData:data|DataRegister:raddr|Dout[7]                                                      ; clk          ; clk         ; 0.000        ; 0.000      ; 2.337      ;
; 2.117 ; SMC:ram|SMCData:data|DataRegister:rw|Dout[13]                                                        ; SMC:ram|SMCData:data|DataRegister:rw|Dout[13]                                                        ; clk          ; clk         ; 0.000        ; 0.000      ; 2.338      ;
; 2.117 ; SMC:ram|SMCData:data|DataRegister:rw|Dout[23]                                                        ; SMC:ram|SMCData:data|DataRegister:rw|Dout[23]                                                        ; clk          ; clk         ; 0.000        ; 0.000      ; 2.338      ;
; 2.117 ; SMC:ram|SMCData:data|DataRegister:rw|Dout[27]                                                        ; SMC:ram|SMCData:data|DataRegister:rw|Dout[27]                                                        ; clk          ; clk         ; 0.000        ; 0.000      ; 2.338      ;
; 2.117 ; SMC:ram|SMCData:data|DataRegister:rw|Dout[28]                                                        ; SMC:ram|SMCData:data|DataRegister:rw|Dout[28]                                                        ; clk          ; clk         ; 0.000        ; 0.000      ; 2.338      ;
; 2.117 ; SMC:ram|SMCData:data|DataRegister:waddr|Dout[8]                                                      ; SMC:ram|SMCData:data|DataRegister:waddr|Dout[8]                                                      ; clk          ; clk         ; 0.000        ; 0.000      ; 2.338      ;
; 2.117 ; SMC:ram|SMCData:data|DataRegister:waddr|Dout[9]                                                      ; SMC:ram|SMCData:data|DataRegister:waddr|Dout[9]                                                      ; clk          ; clk         ; 0.000        ; 0.000      ; 2.338      ;
; 2.117 ; SMC:ram|SMCData:data|DataRegister:waddr|Dout[14]                                                     ; SMC:ram|SMCData:data|DataRegister:waddr|Dout[14]                                                     ; clk          ; clk         ; 0.000        ; 0.000      ; 2.338      ;
; 2.117 ; SMC:ram|SMCData:data|DataRegister:raddr|Dout[14]                                                     ; SMC:ram|SMCData:data|DataRegister:raddr|Dout[14]                                                     ; clk          ; clk         ; 0.000        ; 0.000      ; 2.338      ;
; 2.125 ; UARTReceiver:uart|UARTReceiverControl:CP|count_sig[27]                                               ; UARTReceiver:uart|UARTReceiverControl:CP|count_sig[27]                                               ; clk          ; clk         ; 0.000        ; 0.000      ; 2.346      ;
; 2.126 ; SMC:ram|SMCData:data|DataRegister:rw|Dout[7]                                                         ; SMC:ram|SMCData:data|DataRegister:rw|Dout[7]                                                         ; clk          ; clk         ; 0.000        ; 0.000      ; 2.347      ;
; 2.126 ; SMC:ram|SMCData:data|DataRegister:rw|Dout[8]                                                         ; SMC:ram|SMCData:data|DataRegister:rw|Dout[8]                                                         ; clk          ; clk         ; 0.000        ; 0.000      ; 2.347      ;
; 2.126 ; SMC:ram|SMCData:data|DataRegister:rw|Dout[15]                                                        ; SMC:ram|SMCData:data|DataRegister:rw|Dout[15]                                                        ; clk          ; clk         ; 0.000        ; 0.000      ; 2.347      ;
; 2.126 ; SMC:ram|SMCData:data|DataRegister:rw|Dout[17]                                                        ; SMC:ram|SMCData:data|DataRegister:rw|Dout[17]                                                        ; clk          ; clk         ; 0.000        ; 0.000      ; 2.347      ;
; 2.126 ; SMC:ram|SMCData:data|DataRegister:rw|Dout[18]                                                        ; SMC:ram|SMCData:data|DataRegister:rw|Dout[18]                                                        ; clk          ; clk         ; 0.000        ; 0.000      ; 2.347      ;
; 2.126 ; SMC:ram|SMCData:data|DataRegister:rw|Dout[25]                                                        ; SMC:ram|SMCData:data|DataRegister:rw|Dout[25]                                                        ; clk          ; clk         ; 0.000        ; 0.000      ; 2.347      ;
; 2.126 ; SMC:ram|SMCData:data|DataRegister:raddr|Dout[8]                                                      ; SMC:ram|SMCData:data|DataRegister:raddr|Dout[8]                                                      ; clk          ; clk         ; 0.000        ; 0.000      ; 2.347      ;
; 2.126 ; UARTReceiver:uart|UARTReceiverControl:CP|count_sig[9]                                                ; UARTReceiver:uart|UARTReceiverControl:CP|count_sig[9]                                                ; clk          ; clk         ; 0.000        ; 0.000      ; 2.347      ;
; 2.126 ; UARTReceiver:uart|UARTReceiverControl:CP|count_sig[11]                                               ; UARTReceiver:uart|UARTReceiverControl:CP|count_sig[11]                                               ; clk          ; clk         ; 0.000        ; 0.000      ; 2.347      ;
; 2.126 ; UARTReceiver:uart|UARTReceiverControl:CP|count_sig[18]                                               ; UARTReceiver:uart|UARTReceiverControl:CP|count_sig[18]                                               ; clk          ; clk         ; 0.000        ; 0.000      ; 2.347      ;
; 2.126 ; UARTReceiver:uart|UARTReceiverControl:CP|count_sig[28]                                               ; UARTReceiver:uart|UARTReceiverControl:CP|count_sig[28]                                               ; clk          ; clk         ; 0.000        ; 0.000      ; 2.347      ;
; 2.127 ; SMC:ram|SMCData:data|DataRegister:waddr|Dout[6]                                                      ; SMC:ram|SMCData:data|DataRegister:waddr|Dout[6]                                                      ; clk          ; clk         ; 0.000        ; 0.000      ; 2.348      ;
; 2.127 ; SMC:ram|SMCData:data|DataRegister:raddr|Dout[9]                                                      ; SMC:ram|SMCData:data|DataRegister:raddr|Dout[9]                                                      ; clk          ; clk         ; 0.000        ; 0.000      ; 2.348      ;
; 2.131 ; SMC:ram|SMCData:data|DataRegister:waddr|Dout[6]                                                      ; SMC:ram|SMCData:data|DataRegister:addr|Dout[6]                                                       ; clk          ; clk         ; 0.000        ; 0.000      ; 2.352      ;
; 2.133 ; UARTReceiver:uart|UARTReceiverData:DP|UARTTicker:tc|UARTTickerData:DP|DataRegister:count_reg|Dout[6] ; UARTReceiver:uart|UARTReceiverData:DP|UARTTicker:tc|UARTTickerData:DP|DataRegister:count_reg|Dout[6] ; clk          ; clk         ; 0.000        ; 0.000      ; 2.354      ;
; 2.134 ; UARTReceiver:uart|UARTReceiverControl:CP|count_sig[0]                                                ; UARTReceiver:uart|UARTReceiverControl:CP|count_sig[0]                                                ; clk          ; clk         ; 0.000        ; 0.000      ; 2.355      ;
; 2.143 ; UARTReceiver:uart|UARTReceiverData:DP|UARTTicker:tc|UARTTickerData:DP|DataRegister:count_reg|Dout[3] ; UARTReceiver:uart|UARTReceiverData:DP|UARTTicker:tc|UARTTickerData:DP|DataRegister:count_reg|Dout[3] ; clk          ; clk         ; 0.000        ; 0.000      ; 2.364      ;
; 2.143 ; UARTReceiver:uart|UARTReceiverControl:CP|count_sig[1]                                                ; UARTReceiver:uart|UARTReceiverControl:CP|count_sig[1]                                                ; clk          ; clk         ; 0.000        ; 0.000      ; 2.364      ;
; 2.153 ; UARTReceiver:uart|UARTReceiverData:DP|UARTTicker:tc|UARTTickerData:DP|DataRegister:count_reg|Dout[8] ; UARTReceiver:uart|UARTReceiverData:DP|UARTTicker:tc|UARTTickerData:DP|DataRegister:count_reg|Dout[8] ; clk          ; clk         ; 0.000        ; 0.000      ; 2.374      ;
; 2.158 ; UARTReceiver:uart|UARTReceiverData:DP|UARTTicker:tc|UARTTickerData:DP|DataRegister:count_reg|Dout[7] ; UARTReceiver:uart|UARTReceiverData:DP|UARTTicker:tc|UARTTickerData:DP|DataRegister:count_reg|Dout[7] ; clk          ; clk         ; 0.000        ; 0.000      ; 2.379      ;
; 2.159 ; SMC:ram|SMCData:data|DataRegister:ww|Dout[3]                                                         ; SMC:ram|SMCData:data|DataRegister:ww|Dout[3]                                                         ; clk          ; clk         ; 0.000        ; 0.000      ; 2.380      ;
; 2.163 ; SMC:ram|SMCControl:cntrl|state.S8                                                                    ; SMC:ram|SMCControl:cntrl|state.S0                                                                    ; clk          ; clk         ; 0.000        ; 0.000      ; 2.384      ;
; 2.168 ; UARTReceiver:uart|UARTReceiverControl:CP|data_ready                                                  ; SMC:ram|SMCControl:cntrl|state.S1                                                                    ; clk          ; clk         ; 0.000        ; 0.000      ; 2.389      ;
; 2.171 ; UARTReceiver:uart|UARTReceiverData:DP|UARTTicker:tc|UARTTickerControl:CP|state.S1                    ; UARTReceiver:uart|UARTReceiverData:DP|UARTTicker:tc|UARTTickerControl:CP|state.S1                    ; clk          ; clk         ; 0.000        ; 0.000      ; 2.392      ;
; 2.174 ; UARTReceiver:uart|UARTReceiverData:DP|UARTTicker:tc|UARTTickerControl:CP|state.S1                    ; UARTReceiver:uart|UARTReceiverData:DP|UARTTicker:tc|UARTTickerControl:CP|state.S2                    ; clk          ; clk         ; 0.000        ; 0.000      ; 2.395      ;
; 2.178 ; SMC:ram|SMCData:data|DataRegister:ww|Dout[1]                                                         ; SMC:ram|SMCData:data|DataRegister:ww|Dout[1]                                                         ; clk          ; clk         ; 0.000        ; 0.000      ; 2.399      ;
; 2.181 ; SMC:ram|SMCData:data|DataRegister:ww|Dout[0]                                                         ; SMC:ram|SMCData:data|DataRegister:ww|Dout[0]                                                         ; clk          ; clk         ; 0.000        ; 0.000      ; 2.402      ;
; 2.184 ; UARTReceiver:uart|UARTReceiverData:DP|DataRegister:count1|Dout[1]                                    ; UARTReceiver:uart|UARTReceiverData:DP|DataRegister:count1|Dout[1]                                    ; clk          ; clk         ; 0.000        ; 0.000      ; 2.405      ;
; 2.188 ; SMC:ram|SMCData:data|DataRegister:ww|Dout[1]                                                         ; SMC:ram|SMCData:data|DataRegister:ww|Dout[2]                                                         ; clk          ; clk         ; 0.000        ; 0.000      ; 2.409      ;
; 2.197 ; UARTReceiver:uart|UARTReceiverControl:CP|state.S3                                                    ; UARTReceiver:uart|UARTReceiverControl:CP|state.S3                                                    ; clk          ; clk         ; 0.000        ; 0.000      ; 2.418      ;
; 2.207 ; UARTReceiver:uart|UARTReceiverControl:CP|state.S3                                                    ; UARTReceiver:uart|UARTReceiverControl:CP|state.S4                                                    ; clk          ; clk         ; 0.000        ; 0.000      ; 2.428      ;
; 2.212 ; UARTReceiver:uart|UARTReceiverData:DP|UARTTicker:tc|UARTTickerData:DP|DataRegister:count_reg|Dout[4] ; UARTReceiver:uart|UARTReceiverData:DP|UARTTicker:tc|UARTTickerData:DP|DataRegister:count_reg|Dout[4] ; clk          ; clk         ; 0.000        ; 0.000      ; 2.433      ;
; 2.212 ; SMC:ram|SMCData:data|DataRegister:rw|Dout[4]                                                         ; SMC:ram|SMCData:data|DataRegister:rw|Dout[4]                                                         ; clk          ; clk         ; 0.000        ; 0.000      ; 2.433      ;
; 2.212 ; SMC:ram|SMCData:data|DataRegister:rw|Dout[29]                                                        ; SMC:ram|SMCData:data|DataRegister:rw|Dout[29]                                                        ; clk          ; clk         ; 0.000        ; 0.000      ; 2.433      ;
; 2.215 ; UARTReceiver:uart|UARTReceiverData:DP|UARTTicker:tc|UARTTickerControl:CP|state.S4                    ; UARTReceiver:uart|UARTReceiverData:DP|UARTTicker:tc|UARTTickerControl:CP|state.S0                    ; clk          ; clk         ; 0.000        ; 0.000      ; 2.436      ;
; 2.221 ; SMC:ram|SMCData:data|DataRegister:rw|Dout[9]                                                         ; SMC:ram|SMCData:data|DataRegister:rw|Dout[9]                                                         ; clk          ; clk         ; 0.000        ; 0.000      ; 2.442      ;
+-------+------------------------------------------------------------------------------------------------------+------------------------------------------------------------------------------------------------------+--------------+-------------+--------------+------------+------------+


+-----------------------------------------------------------------------------------------------------------------------------------+
; Minimum Pulse Width: 'clk'                                                                                                        ;
+--------+--------------+----------------+------------------+-------+------------+--------------------------------------------------+
; Slack  ; Actual Width ; Required Width ; Type             ; Clock ; Clock Edge ; Target                                           ;
+--------+--------------+----------------+------------------+-------+------------+--------------------------------------------------+
; -2.289 ; 1.000        ; 3.289          ; Port Rate        ; clk   ; Rise       ; clk                                              ;
; 0.234  ; 0.500        ; 0.266          ; High Pulse Width ; clk   ; Rise       ; SMC:ram|SMCControl:cntrl|count_sig[0]            ;
; 0.234  ; 0.500        ; 0.266          ; Low Pulse Width  ; clk   ; Rise       ; SMC:ram|SMCControl:cntrl|count_sig[0]            ;
; 0.234  ; 0.500        ; 0.266          ; High Pulse Width ; clk   ; Rise       ; SMC:ram|SMCControl:cntrl|count_sig[1]            ;
; 0.234  ; 0.500        ; 0.266          ; Low Pulse Width  ; clk   ; Rise       ; SMC:ram|SMCControl:cntrl|count_sig[1]            ;
; 0.234  ; 0.500        ; 0.266          ; High Pulse Width ; clk   ; Rise       ; SMC:ram|SMCControl:cntrl|count_sig[2]            ;
; 0.234  ; 0.500        ; 0.266          ; Low Pulse Width  ; clk   ; Rise       ; SMC:ram|SMCControl:cntrl|count_sig[2]            ;
; 0.234  ; 0.500        ; 0.266          ; High Pulse Width ; clk   ; Rise       ; SMC:ram|SMCControl:cntrl|state.S0                ;
; 0.234  ; 0.500        ; 0.266          ; Low Pulse Width  ; clk   ; Rise       ; SMC:ram|SMCControl:cntrl|state.S0                ;
; 0.234  ; 0.500        ; 0.266          ; High Pulse Width ; clk   ; Rise       ; SMC:ram|SMCControl:cntrl|state.S1                ;
; 0.234  ; 0.500        ; 0.266          ; Low Pulse Width  ; clk   ; Rise       ; SMC:ram|SMCControl:cntrl|state.S1                ;
; 0.234  ; 0.500        ; 0.266          ; High Pulse Width ; clk   ; Rise       ; SMC:ram|SMCControl:cntrl|state.S2                ;
; 0.234  ; 0.500        ; 0.266          ; Low Pulse Width  ; clk   ; Rise       ; SMC:ram|SMCControl:cntrl|state.S2                ;
; 0.234  ; 0.500        ; 0.266          ; High Pulse Width ; clk   ; Rise       ; SMC:ram|SMCControl:cntrl|state.S3                ;
; 0.234  ; 0.500        ; 0.266          ; Low Pulse Width  ; clk   ; Rise       ; SMC:ram|SMCControl:cntrl|state.S3                ;
; 0.234  ; 0.500        ; 0.266          ; High Pulse Width ; clk   ; Rise       ; SMC:ram|SMCControl:cntrl|state.S4                ;
; 0.234  ; 0.500        ; 0.266          ; Low Pulse Width  ; clk   ; Rise       ; SMC:ram|SMCControl:cntrl|state.S4                ;
; 0.234  ; 0.500        ; 0.266          ; High Pulse Width ; clk   ; Rise       ; SMC:ram|SMCControl:cntrl|state.S5                ;
; 0.234  ; 0.500        ; 0.266          ; Low Pulse Width  ; clk   ; Rise       ; SMC:ram|SMCControl:cntrl|state.S5                ;
; 0.234  ; 0.500        ; 0.266          ; High Pulse Width ; clk   ; Rise       ; SMC:ram|SMCControl:cntrl|state.S6                ;
; 0.234  ; 0.500        ; 0.266          ; Low Pulse Width  ; clk   ; Rise       ; SMC:ram|SMCControl:cntrl|state.S6                ;
; 0.234  ; 0.500        ; 0.266          ; High Pulse Width ; clk   ; Rise       ; SMC:ram|SMCControl:cntrl|state.S7                ;
; 0.234  ; 0.500        ; 0.266          ; Low Pulse Width  ; clk   ; Rise       ; SMC:ram|SMCControl:cntrl|state.S7                ;
; 0.234  ; 0.500        ; 0.266          ; High Pulse Width ; clk   ; Rise       ; SMC:ram|SMCControl:cntrl|state.S8                ;
; 0.234  ; 0.500        ; 0.266          ; Low Pulse Width  ; clk   ; Rise       ; SMC:ram|SMCControl:cntrl|state.S8                ;
; 0.234  ; 0.500        ; 0.266          ; High Pulse Width ; clk   ; Rise       ; SMC:ram|SMCData:data|DataRegister:addr|Dout[0]   ;
; 0.234  ; 0.500        ; 0.266          ; Low Pulse Width  ; clk   ; Rise       ; SMC:ram|SMCData:data|DataRegister:addr|Dout[0]   ;
; 0.234  ; 0.500        ; 0.266          ; High Pulse Width ; clk   ; Rise       ; SMC:ram|SMCData:data|DataRegister:addr|Dout[10]  ;
; 0.234  ; 0.500        ; 0.266          ; Low Pulse Width  ; clk   ; Rise       ; SMC:ram|SMCData:data|DataRegister:addr|Dout[10]  ;
; 0.234  ; 0.500        ; 0.266          ; High Pulse Width ; clk   ; Rise       ; SMC:ram|SMCData:data|DataRegister:addr|Dout[11]  ;
; 0.234  ; 0.500        ; 0.266          ; Low Pulse Width  ; clk   ; Rise       ; SMC:ram|SMCData:data|DataRegister:addr|Dout[11]  ;
; 0.234  ; 0.500        ; 0.266          ; High Pulse Width ; clk   ; Rise       ; SMC:ram|SMCData:data|DataRegister:addr|Dout[12]  ;
; 0.234  ; 0.500        ; 0.266          ; Low Pulse Width  ; clk   ; Rise       ; SMC:ram|SMCData:data|DataRegister:addr|Dout[12]  ;
; 0.234  ; 0.500        ; 0.266          ; High Pulse Width ; clk   ; Rise       ; SMC:ram|SMCData:data|DataRegister:addr|Dout[13]  ;
; 0.234  ; 0.500        ; 0.266          ; Low Pulse Width  ; clk   ; Rise       ; SMC:ram|SMCData:data|DataRegister:addr|Dout[13]  ;
; 0.234  ; 0.500        ; 0.266          ; High Pulse Width ; clk   ; Rise       ; SMC:ram|SMCData:data|DataRegister:addr|Dout[14]  ;
; 0.234  ; 0.500        ; 0.266          ; Low Pulse Width  ; clk   ; Rise       ; SMC:ram|SMCData:data|DataRegister:addr|Dout[14]  ;
; 0.234  ; 0.500        ; 0.266          ; High Pulse Width ; clk   ; Rise       ; SMC:ram|SMCData:data|DataRegister:addr|Dout[1]   ;
; 0.234  ; 0.500        ; 0.266          ; Low Pulse Width  ; clk   ; Rise       ; SMC:ram|SMCData:data|DataRegister:addr|Dout[1]   ;
; 0.234  ; 0.500        ; 0.266          ; High Pulse Width ; clk   ; Rise       ; SMC:ram|SMCData:data|DataRegister:addr|Dout[2]   ;
; 0.234  ; 0.500        ; 0.266          ; Low Pulse Width  ; clk   ; Rise       ; SMC:ram|SMCData:data|DataRegister:addr|Dout[2]   ;
; 0.234  ; 0.500        ; 0.266          ; High Pulse Width ; clk   ; Rise       ; SMC:ram|SMCData:data|DataRegister:addr|Dout[3]   ;
; 0.234  ; 0.500        ; 0.266          ; Low Pulse Width  ; clk   ; Rise       ; SMC:ram|SMCData:data|DataRegister:addr|Dout[3]   ;
; 0.234  ; 0.500        ; 0.266          ; High Pulse Width ; clk   ; Rise       ; SMC:ram|SMCData:data|DataRegister:addr|Dout[4]   ;
; 0.234  ; 0.500        ; 0.266          ; Low Pulse Width  ; clk   ; Rise       ; SMC:ram|SMCData:data|DataRegister:addr|Dout[4]   ;
; 0.234  ; 0.500        ; 0.266          ; High Pulse Width ; clk   ; Rise       ; SMC:ram|SMCData:data|DataRegister:addr|Dout[5]   ;
; 0.234  ; 0.500        ; 0.266          ; Low Pulse Width  ; clk   ; Rise       ; SMC:ram|SMCData:data|DataRegister:addr|Dout[5]   ;
; 0.234  ; 0.500        ; 0.266          ; High Pulse Width ; clk   ; Rise       ; SMC:ram|SMCData:data|DataRegister:addr|Dout[6]   ;
; 0.234  ; 0.500        ; 0.266          ; Low Pulse Width  ; clk   ; Rise       ; SMC:ram|SMCData:data|DataRegister:addr|Dout[6]   ;
; 0.234  ; 0.500        ; 0.266          ; High Pulse Width ; clk   ; Rise       ; SMC:ram|SMCData:data|DataRegister:addr|Dout[7]   ;
; 0.234  ; 0.500        ; 0.266          ; Low Pulse Width  ; clk   ; Rise       ; SMC:ram|SMCData:data|DataRegister:addr|Dout[7]   ;
; 0.234  ; 0.500        ; 0.266          ; High Pulse Width ; clk   ; Rise       ; SMC:ram|SMCData:data|DataRegister:addr|Dout[8]   ;
; 0.234  ; 0.500        ; 0.266          ; Low Pulse Width  ; clk   ; Rise       ; SMC:ram|SMCData:data|DataRegister:addr|Dout[8]   ;
; 0.234  ; 0.500        ; 0.266          ; High Pulse Width ; clk   ; Rise       ; SMC:ram|SMCData:data|DataRegister:addr|Dout[9]   ;
; 0.234  ; 0.500        ; 0.266          ; Low Pulse Width  ; clk   ; Rise       ; SMC:ram|SMCData:data|DataRegister:addr|Dout[9]   ;
; 0.234  ; 0.500        ; 0.266          ; High Pulse Width ; clk   ; Rise       ; SMC:ram|SMCData:data|DataRegister:output|Dout[0] ;
; 0.234  ; 0.500        ; 0.266          ; Low Pulse Width  ; clk   ; Rise       ; SMC:ram|SMCData:data|DataRegister:output|Dout[0] ;
; 0.234  ; 0.500        ; 0.266          ; High Pulse Width ; clk   ; Rise       ; SMC:ram|SMCData:data|DataRegister:output|Dout[1] ;
; 0.234  ; 0.500        ; 0.266          ; Low Pulse Width  ; clk   ; Rise       ; SMC:ram|SMCData:data|DataRegister:output|Dout[1] ;
; 0.234  ; 0.500        ; 0.266          ; High Pulse Width ; clk   ; Rise       ; SMC:ram|SMCData:data|DataRegister:output|Dout[2] ;
; 0.234  ; 0.500        ; 0.266          ; Low Pulse Width  ; clk   ; Rise       ; SMC:ram|SMCData:data|DataRegister:output|Dout[2] ;
; 0.234  ; 0.500        ; 0.266          ; High Pulse Width ; clk   ; Rise       ; SMC:ram|SMCData:data|DataRegister:output|Dout[3] ;
; 0.234  ; 0.500        ; 0.266          ; Low Pulse Width  ; clk   ; Rise       ; SMC:ram|SMCData:data|DataRegister:output|Dout[3] ;
; 0.234  ; 0.500        ; 0.266          ; High Pulse Width ; clk   ; Rise       ; SMC:ram|SMCData:data|DataRegister:output|Dout[4] ;
; 0.234  ; 0.500        ; 0.266          ; Low Pulse Width  ; clk   ; Rise       ; SMC:ram|SMCData:data|DataRegister:output|Dout[4] ;
; 0.234  ; 0.500        ; 0.266          ; High Pulse Width ; clk   ; Rise       ; SMC:ram|SMCData:data|DataRegister:output|Dout[5] ;
; 0.234  ; 0.500        ; 0.266          ; Low Pulse Width  ; clk   ; Rise       ; SMC:ram|SMCData:data|DataRegister:output|Dout[5] ;
; 0.234  ; 0.500        ; 0.266          ; High Pulse Width ; clk   ; Rise       ; SMC:ram|SMCData:data|DataRegister:output|Dout[6] ;
; 0.234  ; 0.500        ; 0.266          ; Low Pulse Width  ; clk   ; Rise       ; SMC:ram|SMCData:data|DataRegister:output|Dout[6] ;
; 0.234  ; 0.500        ; 0.266          ; High Pulse Width ; clk   ; Rise       ; SMC:ram|SMCData:data|DataRegister:output|Dout[7] ;
; 0.234  ; 0.500        ; 0.266          ; Low Pulse Width  ; clk   ; Rise       ; SMC:ram|SMCData:data|DataRegister:output|Dout[7] ;
; 0.234  ; 0.500        ; 0.266          ; High Pulse Width ; clk   ; Rise       ; SMC:ram|SMCData:data|DataRegister:raddr|Dout[0]  ;
; 0.234  ; 0.500        ; 0.266          ; Low Pulse Width  ; clk   ; Rise       ; SMC:ram|SMCData:data|DataRegister:raddr|Dout[0]  ;
; 0.234  ; 0.500        ; 0.266          ; High Pulse Width ; clk   ; Rise       ; SMC:ram|SMCData:data|DataRegister:raddr|Dout[10] ;
; 0.234  ; 0.500        ; 0.266          ; Low Pulse Width  ; clk   ; Rise       ; SMC:ram|SMCData:data|DataRegister:raddr|Dout[10] ;
; 0.234  ; 0.500        ; 0.266          ; High Pulse Width ; clk   ; Rise       ; SMC:ram|SMCData:data|DataRegister:raddr|Dout[11] ;
; 0.234  ; 0.500        ; 0.266          ; Low Pulse Width  ; clk   ; Rise       ; SMC:ram|SMCData:data|DataRegister:raddr|Dout[11] ;
; 0.234  ; 0.500        ; 0.266          ; High Pulse Width ; clk   ; Rise       ; SMC:ram|SMCData:data|DataRegister:raddr|Dout[12] ;
; 0.234  ; 0.500        ; 0.266          ; Low Pulse Width  ; clk   ; Rise       ; SMC:ram|SMCData:data|DataRegister:raddr|Dout[12] ;
; 0.234  ; 0.500        ; 0.266          ; High Pulse Width ; clk   ; Rise       ; SMC:ram|SMCData:data|DataRegister:raddr|Dout[13] ;
; 0.234  ; 0.500        ; 0.266          ; Low Pulse Width  ; clk   ; Rise       ; SMC:ram|SMCData:data|DataRegister:raddr|Dout[13] ;
; 0.234  ; 0.500        ; 0.266          ; High Pulse Width ; clk   ; Rise       ; SMC:ram|SMCData:data|DataRegister:raddr|Dout[14] ;
; 0.234  ; 0.500        ; 0.266          ; Low Pulse Width  ; clk   ; Rise       ; SMC:ram|SMCData:data|DataRegister:raddr|Dout[14] ;
; 0.234  ; 0.500        ; 0.266          ; High Pulse Width ; clk   ; Rise       ; SMC:ram|SMCData:data|DataRegister:raddr|Dout[1]  ;
; 0.234  ; 0.500        ; 0.266          ; Low Pulse Width  ; clk   ; Rise       ; SMC:ram|SMCData:data|DataRegister:raddr|Dout[1]  ;
; 0.234  ; 0.500        ; 0.266          ; High Pulse Width ; clk   ; Rise       ; SMC:ram|SMCData:data|DataRegister:raddr|Dout[2]  ;
; 0.234  ; 0.500        ; 0.266          ; Low Pulse Width  ; clk   ; Rise       ; SMC:ram|SMCData:data|DataRegister:raddr|Dout[2]  ;
; 0.234  ; 0.500        ; 0.266          ; High Pulse Width ; clk   ; Rise       ; SMC:ram|SMCData:data|DataRegister:raddr|Dout[3]  ;
; 0.234  ; 0.500        ; 0.266          ; Low Pulse Width  ; clk   ; Rise       ; SMC:ram|SMCData:data|DataRegister:raddr|Dout[3]  ;
; 0.234  ; 0.500        ; 0.266          ; High Pulse Width ; clk   ; Rise       ; SMC:ram|SMCData:data|DataRegister:raddr|Dout[4]  ;
; 0.234  ; 0.500        ; 0.266          ; Low Pulse Width  ; clk   ; Rise       ; SMC:ram|SMCData:data|DataRegister:raddr|Dout[4]  ;
; 0.234  ; 0.500        ; 0.266          ; High Pulse Width ; clk   ; Rise       ; SMC:ram|SMCData:data|DataRegister:raddr|Dout[5]  ;
; 0.234  ; 0.500        ; 0.266          ; Low Pulse Width  ; clk   ; Rise       ; SMC:ram|SMCData:data|DataRegister:raddr|Dout[5]  ;
; 0.234  ; 0.500        ; 0.266          ; High Pulse Width ; clk   ; Rise       ; SMC:ram|SMCData:data|DataRegister:raddr|Dout[6]  ;
; 0.234  ; 0.500        ; 0.266          ; Low Pulse Width  ; clk   ; Rise       ; SMC:ram|SMCData:data|DataRegister:raddr|Dout[6]  ;
; 0.234  ; 0.500        ; 0.266          ; High Pulse Width ; clk   ; Rise       ; SMC:ram|SMCData:data|DataRegister:raddr|Dout[7]  ;
; 0.234  ; 0.500        ; 0.266          ; Low Pulse Width  ; clk   ; Rise       ; SMC:ram|SMCData:data|DataRegister:raddr|Dout[7]  ;
; 0.234  ; 0.500        ; 0.266          ; High Pulse Width ; clk   ; Rise       ; SMC:ram|SMCData:data|DataRegister:raddr|Dout[8]  ;
; 0.234  ; 0.500        ; 0.266          ; Low Pulse Width  ; clk   ; Rise       ; SMC:ram|SMCData:data|DataRegister:raddr|Dout[8]  ;
; 0.234  ; 0.500        ; 0.266          ; High Pulse Width ; clk   ; Rise       ; SMC:ram|SMCData:data|DataRegister:raddr|Dout[9]  ;
+--------+--------------+----------------+------------------+-------+------------+--------------------------------------------------+


+---------------------------------------------------------------------------+
; Setup Times                                                               ;
+-------------+------------+--------+--------+------------+-----------------+
; Data Port   ; Clock Port ; Rise   ; Fall   ; Clock Edge ; Clock Reference ;
+-------------+------------+--------+--------+------------+-----------------+
; data_in     ; clk        ; 6.631  ; 6.631  ; Rise       ; clk             ;
; io[*]       ; clk        ; 3.065  ; 3.065  ; Rise       ; clk             ;
;  io[0]      ; clk        ; 2.924  ; 2.924  ; Rise       ; clk             ;
;  io[1]      ; clk        ; 2.310  ; 2.310  ; Rise       ; clk             ;
;  io[2]      ; clk        ; 3.054  ; 3.054  ; Rise       ; clk             ;
;  io[3]      ; clk        ; 2.782  ; 2.782  ; Rise       ; clk             ;
;  io[4]      ; clk        ; 3.065  ; 3.065  ; Rise       ; clk             ;
;  io[5]      ; clk        ; 3.043  ; 3.043  ; Rise       ; clk             ;
;  io[6]      ; clk        ; 2.328  ; 2.328  ; Rise       ; clk             ;
;  io[7]      ; clk        ; 2.962  ; 2.962  ; Rise       ; clk             ;
; read_data   ; clk        ; 5.440  ; 5.440  ; Rise       ; clk             ;
; reset       ; clk        ; 10.462 ; 10.462 ; Rise       ; clk             ;
; sample_rate ; clk        ; 11.560 ; 11.560 ; Rise       ; clk             ;
+-------------+------------+--------+--------+------------+-----------------+


+---------------------------------------------------------------------------+
; Hold Times                                                                ;
+-------------+------------+--------+--------+------------+-----------------+
; Data Port   ; Clock Port ; Rise   ; Fall   ; Clock Edge ; Clock Reference ;
+-------------+------------+--------+--------+------------+-----------------+
; data_in     ; clk        ; -4.327 ; -4.327 ; Rise       ; clk             ;
; io[*]       ; clk        ; -1.756 ; -1.756 ; Rise       ; clk             ;
;  io[0]      ; clk        ; -2.370 ; -2.370 ; Rise       ; clk             ;
;  io[1]      ; clk        ; -1.756 ; -1.756 ; Rise       ; clk             ;
;  io[2]      ; clk        ; -2.500 ; -2.500 ; Rise       ; clk             ;
;  io[3]      ; clk        ; -2.228 ; -2.228 ; Rise       ; clk             ;
;  io[4]      ; clk        ; -2.511 ; -2.511 ; Rise       ; clk             ;
;  io[5]      ; clk        ; -2.489 ; -2.489 ; Rise       ; clk             ;
;  io[6]      ; clk        ; -1.774 ; -1.774 ; Rise       ; clk             ;
;  io[7]      ; clk        ; -2.408 ; -2.408 ; Rise       ; clk             ;
; read_data   ; clk        ; -2.655 ; -2.655 ; Rise       ; clk             ;
; reset       ; clk        ; -2.023 ; -2.023 ; Rise       ; clk             ;
; sample_rate ; clk        ; -3.556 ; -3.556 ; Rise       ; clk             ;
+-------------+------------+--------+--------+------------+-----------------+


+-------------------------------------------------------------------------------+
; Clock to Output Times                                                         ;
+-----------------+------------+--------+--------+------------+-----------------+
; Data Port       ; Clock Port ; Rise   ; Fall   ; Clock Edge ; Clock Reference ;
+-----------------+------------+--------+--------+------------+-----------------+
; CS              ; clk        ; 9.125  ; 9.125  ; Rise       ; clk             ;
; OE              ; clk        ; 9.194  ; 9.194  ; Rise       ; clk             ;
; WE              ; clk        ; 9.111  ; 9.111  ; Rise       ; clk             ;
; address[*]      ; clk        ; 9.918  ; 9.918  ; Rise       ; clk             ;
;  address[0]     ; clk        ; 9.918  ; 9.918  ; Rise       ; clk             ;
;  address[1]     ; clk        ; 9.862  ; 9.862  ; Rise       ; clk             ;
;  address[2]     ; clk        ; 9.908  ; 9.908  ; Rise       ; clk             ;
;  address[3]     ; clk        ; 9.571  ; 9.571  ; Rise       ; clk             ;
;  address[4]     ; clk        ; 9.488  ; 9.488  ; Rise       ; clk             ;
;  address[5]     ; clk        ; 9.368  ; 9.368  ; Rise       ; clk             ;
;  address[6]     ; clk        ; 8.950  ; 8.950  ; Rise       ; clk             ;
;  address[7]     ; clk        ; 8.828  ; 8.828  ; Rise       ; clk             ;
;  address[8]     ; clk        ; 8.811  ; 8.811  ; Rise       ; clk             ;
;  address[9]     ; clk        ; 8.252  ; 8.252  ; Rise       ; clk             ;
;  address[10]    ; clk        ; 8.382  ; 8.382  ; Rise       ; clk             ;
;  address[11]    ; clk        ; 8.369  ; 8.369  ; Rise       ; clk             ;
;  address[12]    ; clk        ; 7.165  ; 7.165  ; Rise       ; clk             ;
;  address[13]    ; clk        ; 8.860  ; 8.860  ; Rise       ; clk             ;
;  address[14]    ; clk        ; 9.139  ; 9.139  ; Rise       ; clk             ;
; debug[*]        ; clk        ; 9.160  ; 9.160  ; Rise       ; clk             ;
;  debug[0]       ; clk        ; 8.533  ; 8.533  ; Rise       ; clk             ;
;  debug[1]       ; clk        ; 8.321  ; 8.321  ; Rise       ; clk             ;
;  debug[2]       ; clk        ; 8.343  ; 8.343  ; Rise       ; clk             ;
;  debug[3]       ; clk        ; 9.160  ; 9.160  ; Rise       ; clk             ;
;  debug[4]       ; clk        ; 8.396  ; 8.396  ; Rise       ; clk             ;
;  debug[5]       ; clk        ; 8.448  ; 8.448  ; Rise       ; clk             ;
;  debug[6]       ; clk        ; 9.160  ; 9.160  ; Rise       ; clk             ;
;  debug[7]       ; clk        ; 8.570  ; 8.570  ; Rise       ; clk             ;
; debug1[*]       ; clk        ; 8.722  ; 8.722  ; Rise       ; clk             ;
;  debug1[0]      ; clk        ; 8.722  ; 8.722  ; Rise       ; clk             ;
;  debug1[1]      ; clk        ; 8.642  ; 8.642  ; Rise       ; clk             ;
;  debug1[2]      ; clk        ; 8.369  ; 8.369  ; Rise       ; clk             ;
;  debug1[3]      ; clk        ; 8.599  ; 8.599  ; Rise       ; clk             ;
;  debug1[4]      ; clk        ; 8.363  ; 8.363  ; Rise       ; clk             ;
;  debug1[5]      ; clk        ; 8.482  ; 8.482  ; Rise       ; clk             ;
;  debug1[6]      ; clk        ; 8.613  ; 8.613  ; Rise       ; clk             ;
;  debug1[7]      ; clk        ; 8.366  ; 8.366  ; Rise       ; clk             ;
; io[*]           ; clk        ; 10.476 ; 10.476 ; Rise       ; clk             ;
;  io[0]          ; clk        ; 9.327  ; 9.327  ; Rise       ; clk             ;
;  io[1]          ; clk        ; 9.053  ; 9.053  ; Rise       ; clk             ;
;  io[2]          ; clk        ; 9.802  ; 9.802  ; Rise       ; clk             ;
;  io[3]          ; clk        ; 8.998  ; 8.998  ; Rise       ; clk             ;
;  io[4]          ; clk        ; 10.476 ; 10.476 ; Rise       ; clk             ;
;  io[5]          ; clk        ; 10.130 ; 10.130 ; Rise       ; clk             ;
;  io[6]          ; clk        ; 9.772  ; 9.772  ; Rise       ; clk             ;
;  io[7]          ; clk        ; 9.298  ; 9.298  ; Rise       ; clk             ;
; output_data[*]  ; clk        ; 10.942 ; 10.942 ; Rise       ; clk             ;
;  output_data[0] ; clk        ; 8.722  ; 8.722  ; Rise       ; clk             ;
;  output_data[1] ; clk        ; 10.103 ; 10.103 ; Rise       ; clk             ;
;  output_data[2] ; clk        ; 9.855  ; 9.855  ; Rise       ; clk             ;
;  output_data[3] ; clk        ; 10.394 ; 10.394 ; Rise       ; clk             ;
;  output_data[4] ; clk        ; 10.176 ; 10.176 ; Rise       ; clk             ;
;  output_data[5] ; clk        ; 9.743  ; 9.743  ; Rise       ; clk             ;
;  output_data[6] ; clk        ; 10.942 ; 10.942 ; Rise       ; clk             ;
;  output_data[7] ; clk        ; 10.301 ; 10.301 ; Rise       ; clk             ;
; sync_pulse      ; clk        ; 8.392  ; 8.392  ; Rise       ; clk             ;
+-----------------+------------+--------+--------+------------+-----------------+


+-------------------------------------------------------------------------------+
; Minimum Clock to Output Times                                                 ;
+-----------------+------------+--------+--------+------------+-----------------+
; Data Port       ; Clock Port ; Rise   ; Fall   ; Clock Edge ; Clock Reference ;
+-----------------+------------+--------+--------+------------+-----------------+
; CS              ; clk        ; 9.125  ; 9.125  ; Rise       ; clk             ;
; OE              ; clk        ; 9.194  ; 9.194  ; Rise       ; clk             ;
; WE              ; clk        ; 9.111  ; 9.111  ; Rise       ; clk             ;
; address[*]      ; clk        ; 7.165  ; 7.165  ; Rise       ; clk             ;
;  address[0]     ; clk        ; 9.918  ; 9.918  ; Rise       ; clk             ;
;  address[1]     ; clk        ; 9.862  ; 9.862  ; Rise       ; clk             ;
;  address[2]     ; clk        ; 9.908  ; 9.908  ; Rise       ; clk             ;
;  address[3]     ; clk        ; 9.571  ; 9.571  ; Rise       ; clk             ;
;  address[4]     ; clk        ; 9.488  ; 9.488  ; Rise       ; clk             ;
;  address[5]     ; clk        ; 9.368  ; 9.368  ; Rise       ; clk             ;
;  address[6]     ; clk        ; 8.950  ; 8.950  ; Rise       ; clk             ;
;  address[7]     ; clk        ; 8.828  ; 8.828  ; Rise       ; clk             ;
;  address[8]     ; clk        ; 8.811  ; 8.811  ; Rise       ; clk             ;
;  address[9]     ; clk        ; 8.252  ; 8.252  ; Rise       ; clk             ;
;  address[10]    ; clk        ; 8.382  ; 8.382  ; Rise       ; clk             ;
;  address[11]    ; clk        ; 8.369  ; 8.369  ; Rise       ; clk             ;
;  address[12]    ; clk        ; 7.165  ; 7.165  ; Rise       ; clk             ;
;  address[13]    ; clk        ; 8.860  ; 8.860  ; Rise       ; clk             ;
;  address[14]    ; clk        ; 9.139  ; 9.139  ; Rise       ; clk             ;
; debug[*]        ; clk        ; 8.321  ; 8.321  ; Rise       ; clk             ;
;  debug[0]       ; clk        ; 8.533  ; 8.533  ; Rise       ; clk             ;
;  debug[1]       ; clk        ; 8.321  ; 8.321  ; Rise       ; clk             ;
;  debug[2]       ; clk        ; 8.343  ; 8.343  ; Rise       ; clk             ;
;  debug[3]       ; clk        ; 9.160  ; 9.160  ; Rise       ; clk             ;
;  debug[4]       ; clk        ; 8.396  ; 8.396  ; Rise       ; clk             ;
;  debug[5]       ; clk        ; 8.448  ; 8.448  ; Rise       ; clk             ;
;  debug[6]       ; clk        ; 9.160  ; 9.160  ; Rise       ; clk             ;
;  debug[7]       ; clk        ; 8.570  ; 8.570  ; Rise       ; clk             ;
; debug1[*]       ; clk        ; 8.363  ; 8.363  ; Rise       ; clk             ;
;  debug1[0]      ; clk        ; 8.722  ; 8.722  ; Rise       ; clk             ;
;  debug1[1]      ; clk        ; 8.642  ; 8.642  ; Rise       ; clk             ;
;  debug1[2]      ; clk        ; 8.369  ; 8.369  ; Rise       ; clk             ;
;  debug1[3]      ; clk        ; 8.599  ; 8.599  ; Rise       ; clk             ;
;  debug1[4]      ; clk        ; 8.363  ; 8.363  ; Rise       ; clk             ;
;  debug1[5]      ; clk        ; 8.482  ; 8.482  ; Rise       ; clk             ;
;  debug1[6]      ; clk        ; 8.613  ; 8.613  ; Rise       ; clk             ;
;  debug1[7]      ; clk        ; 8.366  ; 8.366  ; Rise       ; clk             ;
; io[*]           ; clk        ; 8.998  ; 8.998  ; Rise       ; clk             ;
;  io[0]          ; clk        ; 9.327  ; 9.327  ; Rise       ; clk             ;
;  io[1]          ; clk        ; 9.053  ; 9.053  ; Rise       ; clk             ;
;  io[2]          ; clk        ; 9.802  ; 9.802  ; Rise       ; clk             ;
;  io[3]          ; clk        ; 8.998  ; 8.998  ; Rise       ; clk             ;
;  io[4]          ; clk        ; 10.476 ; 10.476 ; Rise       ; clk             ;
;  io[5]          ; clk        ; 10.130 ; 10.130 ; Rise       ; clk             ;
;  io[6]          ; clk        ; 9.772  ; 9.772  ; Rise       ; clk             ;
;  io[7]          ; clk        ; 9.298  ; 9.298  ; Rise       ; clk             ;
; output_data[*]  ; clk        ; 8.722  ; 8.722  ; Rise       ; clk             ;
;  output_data[0] ; clk        ; 8.722  ; 8.722  ; Rise       ; clk             ;
;  output_data[1] ; clk        ; 10.103 ; 10.103 ; Rise       ; clk             ;
;  output_data[2] ; clk        ; 9.855  ; 9.855  ; Rise       ; clk             ;
;  output_data[3] ; clk        ; 10.394 ; 10.394 ; Rise       ; clk             ;
;  output_data[4] ; clk        ; 10.176 ; 10.176 ; Rise       ; clk             ;
;  output_data[5] ; clk        ; 9.743  ; 9.743  ; Rise       ; clk             ;
;  output_data[6] ; clk        ; 10.942 ; 10.942 ; Rise       ; clk             ;
;  output_data[7] ; clk        ; 10.301 ; 10.301 ; Rise       ; clk             ;
; sync_pulse      ; clk        ; 8.392  ; 8.392  ; Rise       ; clk             ;
+-----------------+------------+--------+--------+------------+-----------------+


+------------------------------------------------------+
; Propagation Delay                                    ;
+------------+-------------+--------+----+----+--------+
; Input Port ; Output Port ; RR     ; RF ; FR ; FF     ;
+------------+-------------+--------+----+----+--------+
; reset      ; io[0]       ; 10.321 ;    ;    ; 10.321 ;
; reset      ; io[1]       ; 10.321 ;    ;    ; 10.321 ;
; reset      ; io[2]       ; 9.790  ;    ;    ; 9.790  ;
; reset      ; io[3]       ; 10.321 ;    ;    ; 10.321 ;
; reset      ; io[4]       ; 9.790  ;    ;    ; 9.790  ;
; reset      ; io[5]       ; 9.790  ;    ;    ; 9.790  ;
; reset      ; io[6]       ; 9.790  ;    ;    ; 9.790  ;
; reset      ; io[7]       ; 9.790  ;    ;    ; 9.790  ;
+------------+-------------+--------+----+----+--------+


+------------------------------------------------------+
; Minimum Propagation Delay                            ;
+------------+-------------+--------+----+----+--------+
; Input Port ; Output Port ; RR     ; RF ; FR ; FF     ;
+------------+-------------+--------+----+----+--------+
; reset      ; io[0]       ; 10.321 ;    ;    ; 10.321 ;
; reset      ; io[1]       ; 10.321 ;    ;    ; 10.321 ;
; reset      ; io[2]       ; 9.790  ;    ;    ; 9.790  ;
; reset      ; io[3]       ; 10.321 ;    ;    ; 10.321 ;
; reset      ; io[4]       ; 9.790  ;    ;    ; 9.790  ;
; reset      ; io[5]       ; 9.790  ;    ;    ; 9.790  ;
; reset      ; io[6]       ; 9.790  ;    ;    ; 9.790  ;
; reset      ; io[7]       ; 9.790  ;    ;    ; 9.790  ;
+------------+-------------+--------+----+----+--------+


+-----------------------------------------------------------------------+
; Output Enable Times                                                   ;
+-----------+------------+--------+------+------------+-----------------+
; Data Port ; Clock Port ; Rise   ; Fall ; Clock Edge ; Clock Reference ;
+-----------+------------+--------+------+------------+-----------------+
; io[*]     ; clk        ; 9.797  ;      ; Rise       ; clk             ;
;  io[0]    ; clk        ; 10.328 ;      ; Rise       ; clk             ;
;  io[1]    ; clk        ; 10.328 ;      ; Rise       ; clk             ;
;  io[2]    ; clk        ; 9.797  ;      ; Rise       ; clk             ;
;  io[3]    ; clk        ; 10.328 ;      ; Rise       ; clk             ;
;  io[4]    ; clk        ; 9.797  ;      ; Rise       ; clk             ;
;  io[5]    ; clk        ; 9.797  ;      ; Rise       ; clk             ;
;  io[6]    ; clk        ; 9.797  ;      ; Rise       ; clk             ;
;  io[7]    ; clk        ; 9.797  ;      ; Rise       ; clk             ;
+-----------+------------+--------+------+------------+-----------------+


+----------------------------------------------------------------------+
; Minimum Output Enable Times                                          ;
+-----------+------------+-------+------+------------+-----------------+
; Data Port ; Clock Port ; Rise  ; Fall ; Clock Edge ; Clock Reference ;
+-----------+------------+-------+------+------------+-----------------+
; io[*]     ; clk        ; 9.377 ;      ; Rise       ; clk             ;
;  io[0]    ; clk        ; 9.908 ;      ; Rise       ; clk             ;
;  io[1]    ; clk        ; 9.908 ;      ; Rise       ; clk             ;
;  io[2]    ; clk        ; 9.377 ;      ; Rise       ; clk             ;
;  io[3]    ; clk        ; 9.908 ;      ; Rise       ; clk             ;
;  io[4]    ; clk        ; 9.377 ;      ; Rise       ; clk             ;
;  io[5]    ; clk        ; 9.377 ;      ; Rise       ; clk             ;
;  io[6]    ; clk        ; 9.377 ;      ; Rise       ; clk             ;
;  io[7]    ; clk        ; 9.377 ;      ; Rise       ; clk             ;
+-----------+------------+-------+------+------------+-----------------+


+-------------------------------------------------------------------------------+
; Output Disable Times                                                          ;
+-----------+------------+-----------+-----------+------------+-----------------+
; Data Port ; Clock Port ; 0 to Hi-Z ; 1 to Hi-Z ; Clock Edge ; Clock Reference ;
+-----------+------------+-----------+-----------+------------+-----------------+
; io[*]     ; clk        ; 9.797     ;           ; Rise       ; clk             ;
;  io[0]    ; clk        ; 10.328    ;           ; Rise       ; clk             ;
;  io[1]    ; clk        ; 10.328    ;           ; Rise       ; clk             ;
;  io[2]    ; clk        ; 9.797     ;           ; Rise       ; clk             ;
;  io[3]    ; clk        ; 10.328    ;           ; Rise       ; clk             ;
;  io[4]    ; clk        ; 9.797     ;           ; Rise       ; clk             ;
;  io[5]    ; clk        ; 9.797     ;           ; Rise       ; clk             ;
;  io[6]    ; clk        ; 9.797     ;           ; Rise       ; clk             ;
;  io[7]    ; clk        ; 9.797     ;           ; Rise       ; clk             ;
+-----------+------------+-----------+-----------+------------+-----------------+


+-------------------------------------------------------------------------------+
; Minimum Output Disable Times                                                  ;
+-----------+------------+-----------+-----------+------------+-----------------+
; Data Port ; Clock Port ; 0 to Hi-Z ; 1 to Hi-Z ; Clock Edge ; Clock Reference ;
+-----------+------------+-----------+-----------+------------+-----------------+
; io[*]     ; clk        ; 9.377     ;           ; Rise       ; clk             ;
;  io[0]    ; clk        ; 9.908     ;           ; Rise       ; clk             ;
;  io[1]    ; clk        ; 9.908     ;           ; Rise       ; clk             ;
;  io[2]    ; clk        ; 9.377     ;           ; Rise       ; clk             ;
;  io[3]    ; clk        ; 9.908     ;           ; Rise       ; clk             ;
;  io[4]    ; clk        ; 9.377     ;           ; Rise       ; clk             ;
;  io[5]    ; clk        ; 9.377     ;           ; Rise       ; clk             ;
;  io[6]    ; clk        ; 9.377     ;           ; Rise       ; clk             ;
;  io[7]    ; clk        ; 9.377     ;           ; Rise       ; clk             ;
+-----------+------------+-----------+-----------+------------+-----------------+


+-------------------------------------------------------------------+
; Setup Transfers                                                   ;
+------------+----------+----------+----------+----------+----------+
; From Clock ; To Clock ; RR Paths ; FR Paths ; RF Paths ; FF Paths ;
+------------+----------+----------+----------+----------+----------+
; clk        ; clk      ; 15254    ; 0        ; 0        ; 0        ;
+------------+----------+----------+----------+----------+----------+
Entries labeled "false path" only account for clock-to-clock false paths and not path-based false paths. As a result, actual path counts may be lower than reported.


+-------------------------------------------------------------------+
; Hold Transfers                                                    ;
+------------+----------+----------+----------+----------+----------+
; From Clock ; To Clock ; RR Paths ; FR Paths ; RF Paths ; FF Paths ;
+------------+----------+----------+----------+----------+----------+
; clk        ; clk      ; 15254    ; 0        ; 0        ; 0        ;
+------------+----------+----------+----------+----------+----------+
Entries labeled "false path" only account for clock-to-clock false paths and not path-based false paths. As a result, actual path counts may be lower than reported.


---------------
; Report TCCS ;
---------------
No dedicated SERDES Transmitter circuitry present in device or used in design


---------------
; Report RSKM ;
---------------
No dedicated SERDES Receiver circuitry present in device or used in design


+------------------------------------------------+
; Unconstrained Paths                            ;
+---------------------------------+-------+------+
; Property                        ; Setup ; Hold ;
+---------------------------------+-------+------+
; Illegal Clocks                  ; 0     ; 0    ;
; Unconstrained Clocks            ; 0     ; 0    ;
; Unconstrained Input Ports       ; 12    ; 12   ;
; Unconstrained Input Port Paths  ; 314   ; 314  ;
; Unconstrained Output Ports      ; 51    ; 51   ;
; Unconstrained Output Port Paths ; 75    ; 75   ;
+---------------------------------+-------+------+


+------------------------------------+
; TimeQuest Timing Analyzer Messages ;
+------------------------------------+
Info: *******************************************************************
Info: Running Quartus II 32-bit TimeQuest Timing Analyzer
    Info: Version 12.0 Build 178 05/31/2012 SJ Web Edition
    Info: Processing started: Mon Mar 27 15:52:32 2017
Info: Command: quartus_sta TopLevel -c TopLevel
Info: qsta_default_script.tcl version: #4
Warning (20028): Parallel compilation is not licensed and has been disabled
Info (21077): Low junction temperature is 0 degrees C
Info (21077): High junction temperature is 85 degrees C
Info (306004): Started post-fitting delay annotation
Info (306005): Delay annotation completed successfully
Critical Warning (332012): Synopsys Design Constraints File file not found: 'TopLevel.sdc'. A Synopsys Design Constraints File is required by the TimeQuest Timing Analyzer to get proper timing constraints. Without it, the Compiler will not properly optimize the design.
Info (332142): No user constrained base clocks found in the design. Calling "derive_clocks -period 1.0"
Info (332105): Deriving Clocks
    Info (332105): create_clock -period 1.000 -name clk clk
Info: Found TIMEQUEST_REPORT_SCRIPT_INCLUDE_DEFAULT_ANALYSIS = ON
Critical Warning (332148): Timing requirements not met
Info (332146): Worst-case setup slack is -12.609
    Info (332119):     Slack End Point TNS Clock 
    Info (332119): ========= ============= =====================
    Info (332119):   -12.609     -1925.364 clk 
Info (332146): Worst-case hold slack is 1.639
    Info (332119):     Slack End Point TNS Clock 
    Info (332119): ========= ============= =====================
    Info (332119):     1.639         0.000 clk 
Info (332140): No Recovery paths to report
Info (332140): No Removal paths to report
Info (332146): Worst-case minimum pulse width slack is -2.289
    Info (332119):     Slack End Point TNS Clock 
    Info (332119): ========= ============= =====================
    Info (332119):    -2.289        -2.289 clk 
Info (332001): The selected device family is not supported by the report_metastability command.
Info (332102): Design is not fully constrained for setup requirements
Info (332102): Design is not fully constrained for hold requirements
Info: Quartus II 32-bit TimeQuest Timing Analyzer was successful. 0 errors, 3 warnings
    Info: Peak virtual memory: 296 megabytes
    Info: Processing ended: Mon Mar 27 15:52:35 2017
    Info: Elapsed time: 00:00:03
    Info: Total CPU time (on all processors): 00:00:02


