TimeQuest Timing Analyzer report for UARTReceiver
Tue Feb 28 23:30:32 2017
Quartus II 32-bit Version 12.0 Build 178 05/31/2012 SJ Web Edition


---------------------
; Table of Contents ;
---------------------
  1. Legal Notice
  2. TimeQuest Timing Analyzer Summary
  3. Parallel Compilation
  4. Clocks
  5. Fmax Summary
  6. Setup Summary
  7. Hold Summary
  8. Recovery Summary
  9. Removal Summary
 10. Minimum Pulse Width Summary
 11. Setup: 'clk'
 12. Hold: 'clk'
 13. Minimum Pulse Width: 'clk'
 14. Setup Times
 15. Hold Times
 16. Clock to Output Times
 17. Minimum Clock to Output Times
 18. Setup Transfers
 19. Hold Transfers
 20. Report TCCS
 21. Report RSKM
 22. Unconstrained Paths
 23. TimeQuest Timing Analyzer Messages



----------------
; Legal Notice ;
----------------
Copyright (C) 1991-2012 Altera Corporation
Your use of Altera Corporation's design tools, logic functions 
and other software and tools, and its AMPP partner logic 
functions, and any output files from any of the foregoing 
(including device programming or simulation files), and any 
associated documentation or information are expressly subject 
to the terms and conditions of the Altera Program License 
Subscription Agreement, Altera MegaCore Function License 
Agreement, or other applicable license agreement, including, 
without limitation, that your use is for the sole purpose of 
programming logic devices manufactured by Altera and sold by 
Altera or its authorized distributors.  Please refer to the 
applicable agreement for further details.



+-----------------------------------------------------------------------+
; TimeQuest Timing Analyzer Summary                                     ;
+--------------------+--------------------------------------------------+
; Quartus II Version ; Version 12.0 Build 178 05/31/2012 SJ Web Edition ;
; Revision Name      ; UARTReceiver                                     ;
; Device Family      ; MAX V                                            ;
; Device Name        ; 5M1270ZT144C5                                    ;
; Timing Models      ; Final                                            ;
; Delay Model        ; Slow Model                                       ;
; Rise/Fall Delays   ; Unavailable                                      ;
+--------------------+--------------------------------------------------+


Parallel compilation was disabled, but you have multiple processors available. Enable parallel compilation to reduce compilation time.
+-------------------------------------+
; Parallel Compilation                ;
+----------------------------+--------+
; Processors                 ; Number ;
+----------------------------+--------+
; Number detected on machine ; 4      ;
; Maximum allowed            ; 1      ;
+----------------------------+--------+


+---------------------------------------------------------------------------------------------------------------------------------------------------------------------------------+
; Clocks                                                                                                                                                                          ;
+------------+------+--------+------------+-------+-------+------------+-----------+-------------+-------+--------+-----------+------------+----------+--------+--------+---------+
; Clock Name ; Type ; Period ; Frequency  ; Rise  ; Fall  ; Duty Cycle ; Divide by ; Multiply by ; Phase ; Offset ; Edge List ; Edge Shift ; Inverted ; Master ; Source ; Targets ;
+------------+------+--------+------------+-------+-------+------------+-----------+-------------+-------+--------+-----------+------------+----------+--------+--------+---------+
; clk        ; Base ; 1.000  ; 1000.0 MHz ; 0.000 ; 0.500 ;            ;           ;             ;       ;        ;           ;            ;          ;        ;        ; { clk } ;
+------------+------+--------+------------+-------+-------+------------+-----------+-------------+-------+--------+-----------+------------+----------+--------+--------+---------+


+-------------------------------------------------+
; Fmax Summary                                    ;
+-----------+-----------------+------------+------+
; Fmax      ; Restricted Fmax ; Clock Name ; Note ;
+-----------+-----------------+------------+------+
; 94.46 MHz ; 94.46 MHz       ; clk        ;      ;
+-----------+-----------------+------------+------+
This panel reports FMAX for every clock in the design, regardless of the user-specified clock periods.  FMAX is only computed for paths where the source and destination registers or ports are driven by the same clock.  Paths of different clocks, including generated clocks, are ignored.  For paths between a clock and its inversion, FMAX is computed as if the rising and falling edges are scaled along with FMAX, such that the duty cycle (in terms of a percentage) is maintained. Altera recommends that you always use clock constraints and other slack reports for sign-off analysis.


+--------------------------------+
; Setup Summary                  ;
+-------+--------+---------------+
; Clock ; Slack  ; End Point TNS ;
+-------+--------+---------------+
; clk   ; -9.586 ; -341.567      ;
+-------+--------+---------------+


+-------------------------------+
; Hold Summary                  ;
+-------+-------+---------------+
; Clock ; Slack ; End Point TNS ;
+-------+-------+---------------+
; clk   ; 1.651 ; 0.000         ;
+-------+-------+---------------+


--------------------
; Recovery Summary ;
--------------------
No paths to report.


-------------------
; Removal Summary ;
-------------------
No paths to report.


+--------------------------------+
; Minimum Pulse Width Summary    ;
+-------+--------+---------------+
; Clock ; Slack  ; End Point TNS ;
+-------+--------+---------------+
; clk   ; -2.289 ; -2.289        ;
+-------+--------+---------------+


+----------------------------------------------------------------------------------------------------------------------------------------------------------------------------------------------------------------------------------------------------------+
; Setup: 'clk'                                                                                                                                                                                                                                             ;
+--------+-------------------------------------------------------------------------------------+-------------------------------------------------------------------------------------+--------------+-------------+--------------+------------+------------+
; Slack  ; From Node                                                                           ; To Node                                                                             ; Launch Clock ; Latch Clock ; Relationship ; Clock Skew ; Data Delay ;
+--------+-------------------------------------------------------------------------------------+-------------------------------------------------------------------------------------+--------------+-------------+--------------+------------+------------+
; -9.586 ; UARTReceiverData:DP|UARTTicker:tc|UARTTickerData:DP|DataRegister:count_reg|Dout[11] ; UARTReceiverData:DP|UARTTicker:tc|UARTTickerData:DP|DataRegister:count_reg|Dout[7]  ; clk          ; clk         ; 1.000        ; 0.000      ; 10.253     ;
; -9.586 ; UARTReceiverData:DP|UARTTicker:tc|UARTTickerData:DP|DataRegister:count_reg|Dout[11] ; UARTReceiverData:DP|UARTTicker:tc|UARTTickerData:DP|DataRegister:count_reg|Dout[8]  ; clk          ; clk         ; 1.000        ; 0.000      ; 10.253     ;
; -9.586 ; UARTReceiverData:DP|UARTTicker:tc|UARTTickerData:DP|DataRegister:count_reg|Dout[11] ; UARTReceiverData:DP|UARTTicker:tc|UARTTickerData:DP|DataRegister:count_reg|Dout[9]  ; clk          ; clk         ; 1.000        ; 0.000      ; 10.253     ;
; -9.586 ; UARTReceiverData:DP|UARTTicker:tc|UARTTickerData:DP|DataRegister:count_reg|Dout[11] ; UARTReceiverData:DP|UARTTicker:tc|UARTTickerData:DP|DataRegister:count_reg|Dout[6]  ; clk          ; clk         ; 1.000        ; 0.000      ; 10.253     ;
; -9.586 ; UARTReceiverData:DP|UARTTicker:tc|UARTTickerData:DP|DataRegister:count_reg|Dout[11] ; UARTReceiverData:DP|UARTTicker:tc|UARTTickerData:DP|DataRegister:count_reg|Dout[11] ; clk          ; clk         ; 1.000        ; 0.000      ; 10.253     ;
; -9.586 ; UARTReceiverData:DP|UARTTicker:tc|UARTTickerData:DP|DataRegister:count_reg|Dout[11] ; UARTReceiverData:DP|UARTTicker:tc|UARTTickerData:DP|DataRegister:count_reg|Dout[12] ; clk          ; clk         ; 1.000        ; 0.000      ; 10.253     ;
; -9.586 ; UARTReceiverData:DP|UARTTicker:tc|UARTTickerData:DP|DataRegister:count_reg|Dout[11] ; UARTReceiverData:DP|UARTTicker:tc|UARTTickerData:DP|DataRegister:count_reg|Dout[10] ; clk          ; clk         ; 1.000        ; 0.000      ; 10.253     ;
; -9.562 ; UARTReceiverData:DP|UARTTicker:tc|UARTTickerData:DP|DataRegister:count_reg|Dout[11] ; UARTReceiverData:DP|UARTTicker:tc|UARTTickerData:DP|DataRegister:count_reg|Dout[2]  ; clk          ; clk         ; 1.000        ; 0.000      ; 10.229     ;
; -9.562 ; UARTReceiverData:DP|UARTTicker:tc|UARTTickerData:DP|DataRegister:count_reg|Dout[11] ; UARTReceiverData:DP|UARTTicker:tc|UARTTickerData:DP|DataRegister:count_reg|Dout[3]  ; clk          ; clk         ; 1.000        ; 0.000      ; 10.229     ;
; -9.562 ; UARTReceiverData:DP|UARTTicker:tc|UARTTickerData:DP|DataRegister:count_reg|Dout[11] ; UARTReceiverData:DP|UARTTicker:tc|UARTTickerData:DP|DataRegister:count_reg|Dout[0]  ; clk          ; clk         ; 1.000        ; 0.000      ; 10.229     ;
; -9.562 ; UARTReceiverData:DP|UARTTicker:tc|UARTTickerData:DP|DataRegister:count_reg|Dout[11] ; UARTReceiverData:DP|UARTTicker:tc|UARTTickerData:DP|DataRegister:count_reg|Dout[1]  ; clk          ; clk         ; 1.000        ; 0.000      ; 10.229     ;
; -9.562 ; UARTReceiverData:DP|UARTTicker:tc|UARTTickerData:DP|DataRegister:count_reg|Dout[11] ; UARTReceiverData:DP|UARTTicker:tc|UARTTickerData:DP|DataRegister:count_reg|Dout[5]  ; clk          ; clk         ; 1.000        ; 0.000      ; 10.229     ;
; -9.562 ; UARTReceiverData:DP|UARTTicker:tc|UARTTickerData:DP|DataRegister:count_reg|Dout[11] ; UARTReceiverData:DP|UARTTicker:tc|UARTTickerData:DP|DataRegister:count_reg|Dout[4]  ; clk          ; clk         ; 1.000        ; 0.000      ; 10.229     ;
; -9.556 ; UARTReceiverData:DP|UARTTicker:tc|UARTTickerData:DP|DataRegister:count_reg|Dout[8]  ; UARTReceiverData:DP|UARTTicker:tc|UARTTickerData:DP|DataRegister:count_reg|Dout[7]  ; clk          ; clk         ; 1.000        ; 0.000      ; 10.223     ;
; -9.556 ; UARTReceiverData:DP|UARTTicker:tc|UARTTickerData:DP|DataRegister:count_reg|Dout[8]  ; UARTReceiverData:DP|UARTTicker:tc|UARTTickerData:DP|DataRegister:count_reg|Dout[8]  ; clk          ; clk         ; 1.000        ; 0.000      ; 10.223     ;
; -9.556 ; UARTReceiverData:DP|UARTTicker:tc|UARTTickerData:DP|DataRegister:count_reg|Dout[8]  ; UARTReceiverData:DP|UARTTicker:tc|UARTTickerData:DP|DataRegister:count_reg|Dout[9]  ; clk          ; clk         ; 1.000        ; 0.000      ; 10.223     ;
; -9.556 ; UARTReceiverData:DP|UARTTicker:tc|UARTTickerData:DP|DataRegister:count_reg|Dout[8]  ; UARTReceiverData:DP|UARTTicker:tc|UARTTickerData:DP|DataRegister:count_reg|Dout[6]  ; clk          ; clk         ; 1.000        ; 0.000      ; 10.223     ;
; -9.556 ; UARTReceiverData:DP|UARTTicker:tc|UARTTickerData:DP|DataRegister:count_reg|Dout[8]  ; UARTReceiverData:DP|UARTTicker:tc|UARTTickerData:DP|DataRegister:count_reg|Dout[11] ; clk          ; clk         ; 1.000        ; 0.000      ; 10.223     ;
; -9.556 ; UARTReceiverData:DP|UARTTicker:tc|UARTTickerData:DP|DataRegister:count_reg|Dout[8]  ; UARTReceiverData:DP|UARTTicker:tc|UARTTickerData:DP|DataRegister:count_reg|Dout[12] ; clk          ; clk         ; 1.000        ; 0.000      ; 10.223     ;
; -9.556 ; UARTReceiverData:DP|UARTTicker:tc|UARTTickerData:DP|DataRegister:count_reg|Dout[8]  ; UARTReceiverData:DP|UARTTicker:tc|UARTTickerData:DP|DataRegister:count_reg|Dout[10] ; clk          ; clk         ; 1.000        ; 0.000      ; 10.223     ;
; -9.532 ; UARTReceiverData:DP|UARTTicker:tc|UARTTickerData:DP|DataRegister:count_reg|Dout[8]  ; UARTReceiverData:DP|UARTTicker:tc|UARTTickerData:DP|DataRegister:count_reg|Dout[2]  ; clk          ; clk         ; 1.000        ; 0.000      ; 10.199     ;
; -9.532 ; UARTReceiverData:DP|UARTTicker:tc|UARTTickerData:DP|DataRegister:count_reg|Dout[8]  ; UARTReceiverData:DP|UARTTicker:tc|UARTTickerData:DP|DataRegister:count_reg|Dout[3]  ; clk          ; clk         ; 1.000        ; 0.000      ; 10.199     ;
; -9.532 ; UARTReceiverData:DP|UARTTicker:tc|UARTTickerData:DP|DataRegister:count_reg|Dout[8]  ; UARTReceiverData:DP|UARTTicker:tc|UARTTickerData:DP|DataRegister:count_reg|Dout[0]  ; clk          ; clk         ; 1.000        ; 0.000      ; 10.199     ;
; -9.532 ; UARTReceiverData:DP|UARTTicker:tc|UARTTickerData:DP|DataRegister:count_reg|Dout[8]  ; UARTReceiverData:DP|UARTTicker:tc|UARTTickerData:DP|DataRegister:count_reg|Dout[1]  ; clk          ; clk         ; 1.000        ; 0.000      ; 10.199     ;
; -9.532 ; UARTReceiverData:DP|UARTTicker:tc|UARTTickerData:DP|DataRegister:count_reg|Dout[8]  ; UARTReceiverData:DP|UARTTicker:tc|UARTTickerData:DP|DataRegister:count_reg|Dout[5]  ; clk          ; clk         ; 1.000        ; 0.000      ; 10.199     ;
; -9.532 ; UARTReceiverData:DP|UARTTicker:tc|UARTTickerData:DP|DataRegister:count_reg|Dout[8]  ; UARTReceiverData:DP|UARTTicker:tc|UARTTickerData:DP|DataRegister:count_reg|Dout[4]  ; clk          ; clk         ; 1.000        ; 0.000      ; 10.199     ;
; -9.528 ; UARTReceiverData:DP|UARTTicker:tc|UARTTickerData:DP|DataRegister:count_reg|Dout[4]  ; UARTReceiverData:DP|UARTTicker:tc|UARTTickerData:DP|DataRegister:count_reg|Dout[7]  ; clk          ; clk         ; 1.000        ; 0.000      ; 10.195     ;
; -9.528 ; UARTReceiverData:DP|UARTTicker:tc|UARTTickerData:DP|DataRegister:count_reg|Dout[4]  ; UARTReceiverData:DP|UARTTicker:tc|UARTTickerData:DP|DataRegister:count_reg|Dout[8]  ; clk          ; clk         ; 1.000        ; 0.000      ; 10.195     ;
; -9.528 ; UARTReceiverData:DP|UARTTicker:tc|UARTTickerData:DP|DataRegister:count_reg|Dout[4]  ; UARTReceiverData:DP|UARTTicker:tc|UARTTickerData:DP|DataRegister:count_reg|Dout[9]  ; clk          ; clk         ; 1.000        ; 0.000      ; 10.195     ;
; -9.528 ; UARTReceiverData:DP|UARTTicker:tc|UARTTickerData:DP|DataRegister:count_reg|Dout[4]  ; UARTReceiverData:DP|UARTTicker:tc|UARTTickerData:DP|DataRegister:count_reg|Dout[6]  ; clk          ; clk         ; 1.000        ; 0.000      ; 10.195     ;
; -9.528 ; UARTReceiverData:DP|UARTTicker:tc|UARTTickerData:DP|DataRegister:count_reg|Dout[4]  ; UARTReceiverData:DP|UARTTicker:tc|UARTTickerData:DP|DataRegister:count_reg|Dout[11] ; clk          ; clk         ; 1.000        ; 0.000      ; 10.195     ;
; -9.528 ; UARTReceiverData:DP|UARTTicker:tc|UARTTickerData:DP|DataRegister:count_reg|Dout[4]  ; UARTReceiverData:DP|UARTTicker:tc|UARTTickerData:DP|DataRegister:count_reg|Dout[12] ; clk          ; clk         ; 1.000        ; 0.000      ; 10.195     ;
; -9.528 ; UARTReceiverData:DP|UARTTicker:tc|UARTTickerData:DP|DataRegister:count_reg|Dout[4]  ; UARTReceiverData:DP|UARTTicker:tc|UARTTickerData:DP|DataRegister:count_reg|Dout[10] ; clk          ; clk         ; 1.000        ; 0.000      ; 10.195     ;
; -9.504 ; UARTReceiverData:DP|UARTTicker:tc|UARTTickerData:DP|DataRegister:count_reg|Dout[4]  ; UARTReceiverData:DP|UARTTicker:tc|UARTTickerData:DP|DataRegister:count_reg|Dout[2]  ; clk          ; clk         ; 1.000        ; 0.000      ; 10.171     ;
; -9.504 ; UARTReceiverData:DP|UARTTicker:tc|UARTTickerData:DP|DataRegister:count_reg|Dout[4]  ; UARTReceiverData:DP|UARTTicker:tc|UARTTickerData:DP|DataRegister:count_reg|Dout[3]  ; clk          ; clk         ; 1.000        ; 0.000      ; 10.171     ;
; -9.504 ; UARTReceiverData:DP|UARTTicker:tc|UARTTickerData:DP|DataRegister:count_reg|Dout[4]  ; UARTReceiverData:DP|UARTTicker:tc|UARTTickerData:DP|DataRegister:count_reg|Dout[0]  ; clk          ; clk         ; 1.000        ; 0.000      ; 10.171     ;
; -9.504 ; UARTReceiverData:DP|UARTTicker:tc|UARTTickerData:DP|DataRegister:count_reg|Dout[4]  ; UARTReceiverData:DP|UARTTicker:tc|UARTTickerData:DP|DataRegister:count_reg|Dout[1]  ; clk          ; clk         ; 1.000        ; 0.000      ; 10.171     ;
; -9.504 ; UARTReceiverData:DP|UARTTicker:tc|UARTTickerData:DP|DataRegister:count_reg|Dout[4]  ; UARTReceiverData:DP|UARTTicker:tc|UARTTickerData:DP|DataRegister:count_reg|Dout[5]  ; clk          ; clk         ; 1.000        ; 0.000      ; 10.171     ;
; -9.504 ; UARTReceiverData:DP|UARTTicker:tc|UARTTickerData:DP|DataRegister:count_reg|Dout[4]  ; UARTReceiverData:DP|UARTTicker:tc|UARTTickerData:DP|DataRegister:count_reg|Dout[4]  ; clk          ; clk         ; 1.000        ; 0.000      ; 10.171     ;
; -9.437 ; UARTReceiverData:DP|UARTTicker:tc|UARTTickerData:DP|DataRegister:count_reg|Dout[11] ; UARTReceiverData:DP|DataRegister:shift_r|Dout[7]                                    ; clk          ; clk         ; 1.000        ; 0.000      ; 10.104     ;
; -9.437 ; UARTReceiverData:DP|UARTTicker:tc|UARTTickerData:DP|DataRegister:count_reg|Dout[11] ; UARTReceiverData:DP|DataRegister:count1|Dout[1]                                     ; clk          ; clk         ; 1.000        ; 0.000      ; 10.104     ;
; -9.437 ; UARTReceiverData:DP|UARTTicker:tc|UARTTickerData:DP|DataRegister:count_reg|Dout[11] ; UARTReceiverData:DP|DataRegister:count1|Dout[2]                                     ; clk          ; clk         ; 1.000        ; 0.000      ; 10.104     ;
; -9.391 ; UARTReceiverData:DP|UARTTicker:tc|UARTTickerData:DP|DataRegister:count_reg|Dout[6]  ; UARTReceiverData:DP|UARTTicker:tc|UARTTickerData:DP|DataRegister:count_reg|Dout[7]  ; clk          ; clk         ; 1.000        ; 0.000      ; 10.058     ;
; -9.391 ; UARTReceiverData:DP|UARTTicker:tc|UARTTickerData:DP|DataRegister:count_reg|Dout[6]  ; UARTReceiverData:DP|UARTTicker:tc|UARTTickerData:DP|DataRegister:count_reg|Dout[8]  ; clk          ; clk         ; 1.000        ; 0.000      ; 10.058     ;
; -9.391 ; UARTReceiverData:DP|UARTTicker:tc|UARTTickerData:DP|DataRegister:count_reg|Dout[6]  ; UARTReceiverData:DP|UARTTicker:tc|UARTTickerData:DP|DataRegister:count_reg|Dout[9]  ; clk          ; clk         ; 1.000        ; 0.000      ; 10.058     ;
; -9.391 ; UARTReceiverData:DP|UARTTicker:tc|UARTTickerData:DP|DataRegister:count_reg|Dout[6]  ; UARTReceiverData:DP|UARTTicker:tc|UARTTickerData:DP|DataRegister:count_reg|Dout[6]  ; clk          ; clk         ; 1.000        ; 0.000      ; 10.058     ;
; -9.391 ; UARTReceiverData:DP|UARTTicker:tc|UARTTickerData:DP|DataRegister:count_reg|Dout[6]  ; UARTReceiverData:DP|UARTTicker:tc|UARTTickerData:DP|DataRegister:count_reg|Dout[11] ; clk          ; clk         ; 1.000        ; 0.000      ; 10.058     ;
; -9.391 ; UARTReceiverData:DP|UARTTicker:tc|UARTTickerData:DP|DataRegister:count_reg|Dout[6]  ; UARTReceiverData:DP|UARTTicker:tc|UARTTickerData:DP|DataRegister:count_reg|Dout[12] ; clk          ; clk         ; 1.000        ; 0.000      ; 10.058     ;
; -9.391 ; UARTReceiverData:DP|UARTTicker:tc|UARTTickerData:DP|DataRegister:count_reg|Dout[6]  ; UARTReceiverData:DP|UARTTicker:tc|UARTTickerData:DP|DataRegister:count_reg|Dout[10] ; clk          ; clk         ; 1.000        ; 0.000      ; 10.058     ;
; -9.367 ; UARTReceiverData:DP|UARTTicker:tc|UARTTickerData:DP|DataRegister:count_reg|Dout[6]  ; UARTReceiverData:DP|UARTTicker:tc|UARTTickerData:DP|DataRegister:count_reg|Dout[2]  ; clk          ; clk         ; 1.000        ; 0.000      ; 10.034     ;
; -9.367 ; UARTReceiverData:DP|UARTTicker:tc|UARTTickerData:DP|DataRegister:count_reg|Dout[6]  ; UARTReceiverData:DP|UARTTicker:tc|UARTTickerData:DP|DataRegister:count_reg|Dout[3]  ; clk          ; clk         ; 1.000        ; 0.000      ; 10.034     ;
; -9.367 ; UARTReceiverData:DP|UARTTicker:tc|UARTTickerData:DP|DataRegister:count_reg|Dout[6]  ; UARTReceiverData:DP|UARTTicker:tc|UARTTickerData:DP|DataRegister:count_reg|Dout[0]  ; clk          ; clk         ; 1.000        ; 0.000      ; 10.034     ;
; -9.367 ; UARTReceiverData:DP|UARTTicker:tc|UARTTickerData:DP|DataRegister:count_reg|Dout[6]  ; UARTReceiverData:DP|UARTTicker:tc|UARTTickerData:DP|DataRegister:count_reg|Dout[1]  ; clk          ; clk         ; 1.000        ; 0.000      ; 10.034     ;
; -9.367 ; UARTReceiverData:DP|UARTTicker:tc|UARTTickerData:DP|DataRegister:count_reg|Dout[6]  ; UARTReceiverData:DP|UARTTicker:tc|UARTTickerData:DP|DataRegister:count_reg|Dout[5]  ; clk          ; clk         ; 1.000        ; 0.000      ; 10.034     ;
; -9.367 ; UARTReceiverData:DP|UARTTicker:tc|UARTTickerData:DP|DataRegister:count_reg|Dout[6]  ; UARTReceiverData:DP|UARTTicker:tc|UARTTickerData:DP|DataRegister:count_reg|Dout[4]  ; clk          ; clk         ; 1.000        ; 0.000      ; 10.034     ;
; -9.335 ; UARTReceiverData:DP|UARTTicker:tc|UARTTickerData:DP|DataRegister:count_reg|Dout[5]  ; UARTReceiverData:DP|UARTTicker:tc|UARTTickerData:DP|DataRegister:count_reg|Dout[7]  ; clk          ; clk         ; 1.000        ; 0.000      ; 10.002     ;
; -9.335 ; UARTReceiverData:DP|UARTTicker:tc|UARTTickerData:DP|DataRegister:count_reg|Dout[5]  ; UARTReceiverData:DP|UARTTicker:tc|UARTTickerData:DP|DataRegister:count_reg|Dout[8]  ; clk          ; clk         ; 1.000        ; 0.000      ; 10.002     ;
; -9.335 ; UARTReceiverData:DP|UARTTicker:tc|UARTTickerData:DP|DataRegister:count_reg|Dout[5]  ; UARTReceiverData:DP|UARTTicker:tc|UARTTickerData:DP|DataRegister:count_reg|Dout[9]  ; clk          ; clk         ; 1.000        ; 0.000      ; 10.002     ;
; -9.335 ; UARTReceiverData:DP|UARTTicker:tc|UARTTickerData:DP|DataRegister:count_reg|Dout[5]  ; UARTReceiverData:DP|UARTTicker:tc|UARTTickerData:DP|DataRegister:count_reg|Dout[6]  ; clk          ; clk         ; 1.000        ; 0.000      ; 10.002     ;
; -9.335 ; UARTReceiverData:DP|UARTTicker:tc|UARTTickerData:DP|DataRegister:count_reg|Dout[5]  ; UARTReceiverData:DP|UARTTicker:tc|UARTTickerData:DP|DataRegister:count_reg|Dout[11] ; clk          ; clk         ; 1.000        ; 0.000      ; 10.002     ;
; -9.335 ; UARTReceiverData:DP|UARTTicker:tc|UARTTickerData:DP|DataRegister:count_reg|Dout[5]  ; UARTReceiverData:DP|UARTTicker:tc|UARTTickerData:DP|DataRegister:count_reg|Dout[12] ; clk          ; clk         ; 1.000        ; 0.000      ; 10.002     ;
; -9.335 ; UARTReceiverData:DP|UARTTicker:tc|UARTTickerData:DP|DataRegister:count_reg|Dout[5]  ; UARTReceiverData:DP|UARTTicker:tc|UARTTickerData:DP|DataRegister:count_reg|Dout[10] ; clk          ; clk         ; 1.000        ; 0.000      ; 10.002     ;
; -9.311 ; UARTReceiverData:DP|UARTTicker:tc|UARTTickerData:DP|DataRegister:count_reg|Dout[5]  ; UARTReceiverData:DP|UARTTicker:tc|UARTTickerData:DP|DataRegister:count_reg|Dout[2]  ; clk          ; clk         ; 1.000        ; 0.000      ; 9.978      ;
; -9.311 ; UARTReceiverData:DP|UARTTicker:tc|UARTTickerData:DP|DataRegister:count_reg|Dout[5]  ; UARTReceiverData:DP|UARTTicker:tc|UARTTickerData:DP|DataRegister:count_reg|Dout[3]  ; clk          ; clk         ; 1.000        ; 0.000      ; 9.978      ;
; -9.311 ; UARTReceiverData:DP|UARTTicker:tc|UARTTickerData:DP|DataRegister:count_reg|Dout[5]  ; UARTReceiverData:DP|UARTTicker:tc|UARTTickerData:DP|DataRegister:count_reg|Dout[0]  ; clk          ; clk         ; 1.000        ; 0.000      ; 9.978      ;
; -9.311 ; UARTReceiverData:DP|UARTTicker:tc|UARTTickerData:DP|DataRegister:count_reg|Dout[5]  ; UARTReceiverData:DP|UARTTicker:tc|UARTTickerData:DP|DataRegister:count_reg|Dout[1]  ; clk          ; clk         ; 1.000        ; 0.000      ; 9.978      ;
; -9.311 ; UARTReceiverData:DP|UARTTicker:tc|UARTTickerData:DP|DataRegister:count_reg|Dout[5]  ; UARTReceiverData:DP|UARTTicker:tc|UARTTickerData:DP|DataRegister:count_reg|Dout[5]  ; clk          ; clk         ; 1.000        ; 0.000      ; 9.978      ;
; -9.311 ; UARTReceiverData:DP|UARTTicker:tc|UARTTickerData:DP|DataRegister:count_reg|Dout[5]  ; UARTReceiverData:DP|UARTTicker:tc|UARTTickerData:DP|DataRegister:count_reg|Dout[4]  ; clk          ; clk         ; 1.000        ; 0.000      ; 9.978      ;
; -9.308 ; UARTReceiverData:DP|UARTTicker:tc|UARTTickerData:DP|DataRegister:count_reg|Dout[7]  ; UARTReceiverData:DP|DataRegister:shift_r|Dout[7]                                    ; clk          ; clk         ; 1.000        ; 0.000      ; 9.975      ;
; -9.308 ; UARTReceiverData:DP|UARTTicker:tc|UARTTickerData:DP|DataRegister:count_reg|Dout[7]  ; UARTReceiverData:DP|DataRegister:count1|Dout[1]                                     ; clk          ; clk         ; 1.000        ; 0.000      ; 9.975      ;
; -9.308 ; UARTReceiverData:DP|UARTTicker:tc|UARTTickerData:DP|DataRegister:count_reg|Dout[7]  ; UARTReceiverData:DP|DataRegister:count1|Dout[2]                                     ; clk          ; clk         ; 1.000        ; 0.000      ; 9.975      ;
; -9.268 ; UARTReceiverData:DP|UARTTicker:tc|UARTTickerData:DP|DataRegister:count_reg|Dout[11] ; UARTReceiverData:DP|DataRegister:shift_r|Dout[1]                                    ; clk          ; clk         ; 1.000        ; 0.000      ; 9.935      ;
; -9.268 ; UARTReceiverData:DP|UARTTicker:tc|UARTTickerData:DP|DataRegister:count_reg|Dout[11] ; UARTReceiverData:DP|DataRegister:shift_r|Dout[3]                                    ; clk          ; clk         ; 1.000        ; 0.000      ; 9.935      ;
; -9.268 ; UARTReceiverData:DP|UARTTicker:tc|UARTTickerData:DP|DataRegister:count_reg|Dout[11] ; UARTReceiverData:DP|DataRegister:shift_r|Dout[4]                                    ; clk          ; clk         ; 1.000        ; 0.000      ; 9.935      ;
; -9.268 ; UARTReceiverData:DP|UARTTicker:tc|UARTTickerData:DP|DataRegister:count_reg|Dout[11] ; UARTReceiverData:DP|DataRegister:shift_r|Dout[5]                                    ; clk          ; clk         ; 1.000        ; 0.000      ; 9.935      ;
; -9.268 ; UARTReceiverData:DP|UARTTicker:tc|UARTTickerData:DP|DataRegister:count_reg|Dout[11] ; UARTReceiverData:DP|DataRegister:shift_r|Dout[6]                                    ; clk          ; clk         ; 1.000        ; 0.000      ; 9.935      ;
; -9.253 ; UARTReceiverData:DP|UARTTicker:tc|UARTTickerData:DP|DataRegister:count_reg|Dout[10] ; UARTReceiverData:DP|UARTTicker:tc|UARTTickerData:DP|DataRegister:count_reg|Dout[7]  ; clk          ; clk         ; 1.000        ; 0.000      ; 9.920      ;
; -9.253 ; UARTReceiverData:DP|UARTTicker:tc|UARTTickerData:DP|DataRegister:count_reg|Dout[10] ; UARTReceiverData:DP|UARTTicker:tc|UARTTickerData:DP|DataRegister:count_reg|Dout[8]  ; clk          ; clk         ; 1.000        ; 0.000      ; 9.920      ;
; -9.253 ; UARTReceiverData:DP|UARTTicker:tc|UARTTickerData:DP|DataRegister:count_reg|Dout[10] ; UARTReceiverData:DP|UARTTicker:tc|UARTTickerData:DP|DataRegister:count_reg|Dout[9]  ; clk          ; clk         ; 1.000        ; 0.000      ; 9.920      ;
; -9.253 ; UARTReceiverData:DP|UARTTicker:tc|UARTTickerData:DP|DataRegister:count_reg|Dout[10] ; UARTReceiverData:DP|UARTTicker:tc|UARTTickerData:DP|DataRegister:count_reg|Dout[6]  ; clk          ; clk         ; 1.000        ; 0.000      ; 9.920      ;
; -9.253 ; UARTReceiverData:DP|UARTTicker:tc|UARTTickerData:DP|DataRegister:count_reg|Dout[10] ; UARTReceiverData:DP|UARTTicker:tc|UARTTickerData:DP|DataRegister:count_reg|Dout[11] ; clk          ; clk         ; 1.000        ; 0.000      ; 9.920      ;
; -9.253 ; UARTReceiverData:DP|UARTTicker:tc|UARTTickerData:DP|DataRegister:count_reg|Dout[10] ; UARTReceiverData:DP|UARTTicker:tc|UARTTickerData:DP|DataRegister:count_reg|Dout[12] ; clk          ; clk         ; 1.000        ; 0.000      ; 9.920      ;
; -9.253 ; UARTReceiverData:DP|UARTTicker:tc|UARTTickerData:DP|DataRegister:count_reg|Dout[10] ; UARTReceiverData:DP|UARTTicker:tc|UARTTickerData:DP|DataRegister:count_reg|Dout[10] ; clk          ; clk         ; 1.000        ; 0.000      ; 9.920      ;
; -9.244 ; UARTReceiverData:DP|UARTTicker:tc|UARTTickerData:DP|DataRegister:count_reg|Dout[8]  ; UARTReceiverData:DP|DataRegister:shift_r|Dout[7]                                    ; clk          ; clk         ; 1.000        ; 0.000      ; 9.911      ;
; -9.244 ; UARTReceiverData:DP|UARTTicker:tc|UARTTickerData:DP|DataRegister:count_reg|Dout[8]  ; UARTReceiverData:DP|DataRegister:count1|Dout[1]                                     ; clk          ; clk         ; 1.000        ; 0.000      ; 9.911      ;
; -9.244 ; UARTReceiverData:DP|UARTTicker:tc|UARTTickerData:DP|DataRegister:count_reg|Dout[8]  ; UARTReceiverData:DP|DataRegister:count1|Dout[2]                                     ; clk          ; clk         ; 1.000        ; 0.000      ; 9.911      ;
; -9.242 ; UARTReceiverData:DP|UARTTicker:tc|UARTTickerData:DP|DataRegister:count_reg|Dout[6]  ; UARTReceiverData:DP|DataRegister:shift_r|Dout[7]                                    ; clk          ; clk         ; 1.000        ; 0.000      ; 9.909      ;
; -9.242 ; UARTReceiverData:DP|UARTTicker:tc|UARTTickerData:DP|DataRegister:count_reg|Dout[6]  ; UARTReceiverData:DP|DataRegister:count1|Dout[1]                                     ; clk          ; clk         ; 1.000        ; 0.000      ; 9.909      ;
; -9.242 ; UARTReceiverData:DP|UARTTicker:tc|UARTTickerData:DP|DataRegister:count_reg|Dout[6]  ; UARTReceiverData:DP|DataRegister:count1|Dout[2]                                     ; clk          ; clk         ; 1.000        ; 0.000      ; 9.909      ;
; -9.229 ; UARTReceiverData:DP|UARTTicker:tc|UARTTickerData:DP|DataRegister:count_reg|Dout[10] ; UARTReceiverData:DP|UARTTicker:tc|UARTTickerData:DP|DataRegister:count_reg|Dout[2]  ; clk          ; clk         ; 1.000        ; 0.000      ; 9.896      ;
; -9.229 ; UARTReceiverData:DP|UARTTicker:tc|UARTTickerData:DP|DataRegister:count_reg|Dout[10] ; UARTReceiverData:DP|UARTTicker:tc|UARTTickerData:DP|DataRegister:count_reg|Dout[3]  ; clk          ; clk         ; 1.000        ; 0.000      ; 9.896      ;
; -9.229 ; UARTReceiverData:DP|UARTTicker:tc|UARTTickerData:DP|DataRegister:count_reg|Dout[10] ; UARTReceiverData:DP|UARTTicker:tc|UARTTickerData:DP|DataRegister:count_reg|Dout[0]  ; clk          ; clk         ; 1.000        ; 0.000      ; 9.896      ;
; -9.229 ; UARTReceiverData:DP|UARTTicker:tc|UARTTickerData:DP|DataRegister:count_reg|Dout[10] ; UARTReceiverData:DP|UARTTicker:tc|UARTTickerData:DP|DataRegister:count_reg|Dout[1]  ; clk          ; clk         ; 1.000        ; 0.000      ; 9.896      ;
; -9.229 ; UARTReceiverData:DP|UARTTicker:tc|UARTTickerData:DP|DataRegister:count_reg|Dout[10] ; UARTReceiverData:DP|UARTTicker:tc|UARTTickerData:DP|DataRegister:count_reg|Dout[5]  ; clk          ; clk         ; 1.000        ; 0.000      ; 9.896      ;
; -9.229 ; UARTReceiverData:DP|UARTTicker:tc|UARTTickerData:DP|DataRegister:count_reg|Dout[10] ; UARTReceiverData:DP|UARTTicker:tc|UARTTickerData:DP|DataRegister:count_reg|Dout[4]  ; clk          ; clk         ; 1.000        ; 0.000      ; 9.896      ;
; -9.216 ; UARTReceiverData:DP|UARTTicker:tc|UARTTickerData:DP|DataRegister:count_reg|Dout[4]  ; UARTReceiverData:DP|DataRegister:shift_r|Dout[7]                                    ; clk          ; clk         ; 1.000        ; 0.000      ; 9.883      ;
; -9.216 ; UARTReceiverData:DP|UARTTicker:tc|UARTTickerData:DP|DataRegister:count_reg|Dout[4]  ; UARTReceiverData:DP|DataRegister:count1|Dout[1]                                     ; clk          ; clk         ; 1.000        ; 0.000      ; 9.883      ;
; -9.216 ; UARTReceiverData:DP|UARTTicker:tc|UARTTickerData:DP|DataRegister:count_reg|Dout[4]  ; UARTReceiverData:DP|DataRegister:count1|Dout[2]                                     ; clk          ; clk         ; 1.000        ; 0.000      ; 9.883      ;
; -9.213 ; UARTReceiverData:DP|UARTTicker:tc|UARTTickerData:DP|DataRegister:count_reg|Dout[1]  ; UARTReceiverData:DP|DataRegister:shift_r|Dout[7]                                    ; clk          ; clk         ; 1.000        ; 0.000      ; 9.880      ;
; -9.213 ; UARTReceiverData:DP|UARTTicker:tc|UARTTickerData:DP|DataRegister:count_reg|Dout[1]  ; UARTReceiverData:DP|DataRegister:count1|Dout[1]                                     ; clk          ; clk         ; 1.000        ; 0.000      ; 9.880      ;
+--------+-------------------------------------------------------------------------------------+-------------------------------------------------------------------------------------+--------------+-------------+--------------+------------+------------+


+---------------------------------------------------------------------------------------------------------------------------------------------------------------------------------------------------------------------------------------------------------+
; Hold: 'clk'                                                                                                                                                                                                                                             ;
+-------+-------------------------------------------------------------------------------------+-------------------------------------------------------------------------------------+--------------+-------------+--------------+------------+------------+
; Slack ; From Node                                                                           ; To Node                                                                             ; Launch Clock ; Latch Clock ; Relationship ; Clock Skew ; Data Delay ;
+-------+-------------------------------------------------------------------------------------+-------------------------------------------------------------------------------------+--------------+-------------+--------------+------------+------------+
; 1.651 ; UARTReceiverData:DP|DataRegister:shift_r|Dout[5]                                    ; UARTReceiverData:DP|DataRegister:dout|Dout[4]                                       ; clk          ; clk         ; 0.000        ; 0.000      ; 1.872      ;
; 1.654 ; UARTReceiverData:DP|DataRegister:shift_r|Dout[4]                                    ; UARTReceiverData:DP|DataRegister:dout|Dout[3]                                       ; clk          ; clk         ; 0.000        ; 0.000      ; 1.875      ;
; 1.654 ; UARTReceiverData:DP|DataRegister:shift_r|Dout[6]                                    ; UARTReceiverData:DP|DataRegister:dout|Dout[5]                                       ; clk          ; clk         ; 0.000        ; 0.000      ; 1.875      ;
; 1.659 ; UARTReceiverData:DP|DataRegister:count1|Dout[0]                                     ; UARTReceiverData:DP|DataRegister:count1|Dout[0]                                     ; clk          ; clk         ; 0.000        ; 0.000      ; 1.880      ;
; 1.697 ; UARTReceiverData:DP|DataRegister:count1|Dout[1]                                     ; UARTReceiverData:DP|DataRegister:count1|Dout[1]                                     ; clk          ; clk         ; 0.000        ; 0.000      ; 1.918      ;
; 1.710 ; UARTReceiverControl:CP|state.S1                                                     ; UARTReceiverControl:CP|state.S2                                                     ; clk          ; clk         ; 0.000        ; 0.000      ; 1.931      ;
; 1.710 ; UARTReceiverControl:CP|state.S1                                                     ; UARTReceiverControl:CP|state.S1                                                     ; clk          ; clk         ; 0.000        ; 0.000      ; 1.931      ;
; 1.963 ; UARTReceiverData:DP|UARTTicker:tc|UARTTickerControl:CP|state.S1                     ; UARTReceiverData:DP|UARTTicker:tc|UARTTickerControl:CP|state.S1                     ; clk          ; clk         ; 0.000        ; 0.000      ; 2.184      ;
; 1.965 ; UARTReceiverData:DP|UARTTicker:tc|UARTTickerControl:CP|state.S1                     ; UARTReceiverData:DP|UARTTicker:tc|UARTTickerControl:CP|state.S2                     ; clk          ; clk         ; 0.000        ; 0.000      ; 2.186      ;
; 2.032 ; UARTReceiverData:DP|DataRegister:shift_r|Dout[3]                                    ; UARTReceiverData:DP|DataRegister:dout|Dout[2]                                       ; clk          ; clk         ; 0.000        ; 0.000      ; 2.253      ;
; 2.033 ; UARTReceiverData:DP|DataRegister:shift_r|Dout[1]                                    ; UARTReceiverData:DP|DataRegister:dout|Dout[0]                                       ; clk          ; clk         ; 0.000        ; 0.000      ; 2.254      ;
; 2.117 ; UARTReceiverData:DP|UARTTicker:tc|UARTTickerData:DP|DataRegister:count_reg|Dout[7]  ; UARTReceiverData:DP|UARTTicker:tc|UARTTickerData:DP|DataRegister:count_reg|Dout[7]  ; clk          ; clk         ; 0.000        ; 0.000      ; 2.338      ;
; 2.117 ; UARTReceiverData:DP|UARTTicker:tc|UARTTickerData:DP|DataRegister:count_reg|Dout[8]  ; UARTReceiverData:DP|UARTTicker:tc|UARTTickerData:DP|DataRegister:count_reg|Dout[8]  ; clk          ; clk         ; 0.000        ; 0.000      ; 2.338      ;
; 2.126 ; UARTReceiverData:DP|UARTTicker:tc|UARTTickerData:DP|DataRegister:count_reg|Dout[3]  ; UARTReceiverData:DP|UARTTicker:tc|UARTTickerData:DP|DataRegister:count_reg|Dout[3]  ; clk          ; clk         ; 0.000        ; 0.000      ; 2.347      ;
; 2.134 ; UARTReceiverData:DP|DataRegister:shift_r|Dout[9]                                    ; UARTReceiverData:DP|DataRegister:shift_r|Dout[8]                                    ; clk          ; clk         ; 0.000        ; 0.000      ; 2.355      ;
; 2.144 ; UARTReceiverData:DP|UARTTicker:tc|UARTTickerData:DP|DataRegister:count_reg|Dout[5]  ; UARTReceiverData:DP|UARTTicker:tc|UARTTickerData:DP|DataRegister:count_reg|Dout[5]  ; clk          ; clk         ; 0.000        ; 0.000      ; 2.365      ;
; 2.152 ; UARTReceiverData:DP|DataRegister:count1|Dout[2]                                     ; UARTReceiverData:DP|DataRegister:count1|Dout[2]                                     ; clk          ; clk         ; 0.000        ; 0.000      ; 2.373      ;
; 2.156 ; UARTReceiverData:DP|DataRegister:shift_r|Dout[5]                                    ; UARTReceiverData:DP|DataRegister:shift_r|Dout[4]                                    ; clk          ; clk         ; 0.000        ; 0.000      ; 2.377      ;
; 2.158 ; UARTReceiverControl:CP|state.S2                                                     ; UARTReceiverControl:CP|state.S2                                                     ; clk          ; clk         ; 0.000        ; 0.000      ; 2.379      ;
; 2.159 ; UARTReceiverControl:CP|state.S0                                                     ; UARTReceiverControl:CP|state.S1                                                     ; clk          ; clk         ; 0.000        ; 0.000      ; 2.380      ;
; 2.173 ; UARTReceiverControl:CP|state.S2                                                     ; UARTReceiverControl:CP|state.S3                                                     ; clk          ; clk         ; 0.000        ; 0.000      ; 2.394      ;
; 2.175 ; UARTReceiverData:DP|UARTTicker:tc|UARTTickerControl:CP|state.S2                     ; UARTReceiverData:DP|UARTTicker:tc|UARTTickerControl:CP|state.S2                     ; clk          ; clk         ; 0.000        ; 0.000      ; 2.396      ;
; 2.181 ; UARTReceiverData:DP|UARTTicker:tc|UARTTickerControl:CP|state.S2                     ; UARTReceiverData:DP|UARTTicker:tc|UARTTickerControl:CP|state.S3                     ; clk          ; clk         ; 0.000        ; 0.000      ; 2.402      ;
; 2.231 ; UARTReceiverControl:CP|state.S3                                                     ; UARTReceiverControl:CP|state.S3                                                     ; clk          ; clk         ; 0.000        ; 0.000      ; 2.452      ;
; 2.233 ; UARTReceiverData:DP|UARTTicker:tc|UARTTickerData:DP|DataRegister:count_reg|Dout[0]  ; UARTReceiverData:DP|UARTTicker:tc|UARTTickerData:DP|DataRegister:count_reg|Dout[0]  ; clk          ; clk         ; 0.000        ; 0.000      ; 2.454      ;
; 2.240 ; UARTReceiverData:DP|UARTTicker:tc|UARTTickerControl:CP|state.S4                     ; UARTReceiverData:DP|UARTTicker:tc|UARTTickerControl:CP|state.S0                     ; clk          ; clk         ; 0.000        ; 0.000      ; 2.461      ;
; 2.241 ; UARTReceiverControl:CP|state.S3                                                     ; UARTReceiverControl:CP|state.S4                                                     ; clk          ; clk         ; 0.000        ; 0.000      ; 2.462      ;
; 2.259 ; UARTReceiverData:DP|UARTTicker:tc|UARTTickerData:DP|DataRegister:count_reg|Dout[12] ; UARTReceiverData:DP|UARTTicker:tc|UARTTickerData:DP|DataRegister:count_reg|Dout[12] ; clk          ; clk         ; 0.000        ; 0.000      ; 2.480      ;
; 2.264 ; UARTReceiverControl:CP|state.S4                                                     ; UARTReceiverControl:CP|state.S1                                                     ; clk          ; clk         ; 0.000        ; 0.000      ; 2.485      ;
; 2.283 ; UARTReceiverData:DP|UARTTicker:tc|UARTTickerData:DP|DataRegister:count_reg|Dout[4]  ; UARTReceiverData:DP|UARTTicker:tc|UARTTickerData:DP|DataRegister:count_reg|Dout[4]  ; clk          ; clk         ; 0.000        ; 0.000      ; 2.504      ;
; 2.283 ; UARTReceiverData:DP|UARTTicker:tc|UARTTickerData:DP|DataRegister:count_reg|Dout[10] ; UARTReceiverData:DP|UARTTicker:tc|UARTTickerData:DP|DataRegister:count_reg|Dout[10] ; clk          ; clk         ; 0.000        ; 0.000      ; 2.504      ;
; 2.311 ; UARTReceiverData:DP|DataRegister:shift_r|Dout[6]                                    ; UARTReceiverData:DP|DataRegister:shift_r|Dout[5]                                    ; clk          ; clk         ; 0.000        ; 0.000      ; 2.532      ;
; 2.508 ; UARTReceiverData:DP|UARTTicker:tc|UARTTickerData:DP|DataRegister:count_reg|Dout[6]  ; UARTReceiverData:DP|UARTTicker:tc|UARTTickerData:DP|DataRegister:count_reg|Dout[6]  ; clk          ; clk         ; 0.000        ; 0.000      ; 2.729      ;
; 2.558 ; UARTReceiverData:DP|UARTTicker:tc|UARTTickerData:DP|DataRegister:count_reg|Dout[2]  ; UARTReceiverData:DP|UARTTicker:tc|UARTTickerData:DP|DataRegister:count_reg|Dout[2]  ; clk          ; clk         ; 0.000        ; 0.000      ; 2.779      ;
; 2.575 ; UARTReceiverData:DP|DataRegister:shift_r|Dout[4]                                    ; UARTReceiverData:DP|DataRegister:shift_r|Dout[3]                                    ; clk          ; clk         ; 0.000        ; 0.000      ; 2.796      ;
; 2.578 ; UARTReceiverData:DP|DataRegister:shift_r|Dout[2]                                    ; UARTReceiverData:DP|DataRegister:dout|Dout[1]                                       ; clk          ; clk         ; 0.000        ; 0.000      ; 2.799      ;
; 2.605 ; UARTReceiverData:DP|UARTTicker:tc|UARTTickerData:DP|DataRegister:count_reg|Dout[9]  ; UARTReceiverData:DP|UARTTicker:tc|UARTTickerData:DP|DataRegister:count_reg|Dout[9]  ; clk          ; clk         ; 0.000        ; 0.000      ; 2.826      ;
; 2.628 ; UARTReceiverData:DP|UARTTicker:tc|UARTTickerData:DP|DataRegister:count_reg|Dout[11] ; UARTReceiverData:DP|UARTTicker:tc|UARTTickerData:DP|DataRegister:count_reg|Dout[11] ; clk          ; clk         ; 0.000        ; 0.000      ; 2.849      ;
; 2.674 ; UARTReceiverData:DP|DataRegister:shift_r|Dout[7]                                    ; UARTReceiverData:DP|DataRegister:dout|Dout[6]                                       ; clk          ; clk         ; 0.000        ; 0.000      ; 2.895      ;
; 2.766 ; UARTReceiverControl:CP|state.S1                                                     ; UARTReceiverData:DP|UARTTicker:tc|UARTTickerControl:CP|state.S0                     ; clk          ; clk         ; 0.000        ; 0.000      ; 2.987      ;
; 2.895 ; UARTReceiverControl:CP|state.S4                                                     ; UARTReceiverData:DP|UARTTicker:tc|UARTTickerControl:CP|state.S0                     ; clk          ; clk         ; 0.000        ; 0.000      ; 3.116      ;
; 2.949 ; UARTReceiverData:DP|UARTTicker:tc|UARTTickerData:DP|DataRegister:count_reg|Dout[7]  ; UARTReceiverData:DP|UARTTicker:tc|UARTTickerData:DP|DataRegister:count_reg|Dout[8]  ; clk          ; clk         ; 0.000        ; 0.000      ; 3.170      ;
; 2.949 ; UARTReceiverData:DP|UARTTicker:tc|UARTTickerData:DP|DataRegister:count_reg|Dout[8]  ; UARTReceiverData:DP|UARTTicker:tc|UARTTickerData:DP|DataRegister:count_reg|Dout[9]  ; clk          ; clk         ; 0.000        ; 0.000      ; 3.170      ;
; 2.958 ; UARTReceiverData:DP|UARTTicker:tc|UARTTickerData:DP|DataRegister:count_reg|Dout[3]  ; UARTReceiverData:DP|UARTTicker:tc|UARTTickerData:DP|DataRegister:count_reg|Dout[4]  ; clk          ; clk         ; 0.000        ; 0.000      ; 3.179      ;
; 3.060 ; UARTReceiverData:DP|UARTTicker:tc|UARTTickerData:DP|DataRegister:count_reg|Dout[8]  ; UARTReceiverData:DP|UARTTicker:tc|UARTTickerData:DP|DataRegister:count_reg|Dout[10] ; clk          ; clk         ; 0.000        ; 0.000      ; 3.281      ;
; 3.060 ; UARTReceiverData:DP|UARTTicker:tc|UARTTickerData:DP|DataRegister:count_reg|Dout[7]  ; UARTReceiverData:DP|UARTTicker:tc|UARTTickerData:DP|DataRegister:count_reg|Dout[9]  ; clk          ; clk         ; 0.000        ; 0.000      ; 3.281      ;
; 3.069 ; UARTReceiverData:DP|UARTTicker:tc|UARTTickerData:DP|DataRegister:count_reg|Dout[3]  ; UARTReceiverData:DP|UARTTicker:tc|UARTTickerData:DP|DataRegister:count_reg|Dout[5]  ; clk          ; clk         ; 0.000        ; 0.000      ; 3.290      ;
; 3.100 ; UARTReceiverData:DP|DataRegister:count1|Dout[0]                                     ; UARTReceiverData:DP|DataRegister:count1|Dout[1]                                     ; clk          ; clk         ; 0.000        ; 0.000      ; 3.321      ;
; 3.117 ; UARTReceiverControl:CP|state.S4                                                     ; UARTReceiverData:DP|UARTTicker:tc|UARTTickerControl:CP|state.S4                     ; clk          ; clk         ; 0.000        ; 0.000      ; 3.338      ;
; 3.171 ; UARTReceiverData:DP|UARTTicker:tc|UARTTickerData:DP|DataRegister:count_reg|Dout[7]  ; UARTReceiverData:DP|UARTTicker:tc|UARTTickerData:DP|DataRegister:count_reg|Dout[10] ; clk          ; clk         ; 0.000        ; 0.000      ; 3.392      ;
; 3.186 ; UARTReceiverData:DP|DataRegister:count1|Dout[1]                                     ; UARTReceiverData:DP|DataRegister:count1|Dout[2]                                     ; clk          ; clk         ; 0.000        ; 0.000      ; 3.407      ;
; 3.223 ; UARTReceiverData:DP|UARTTicker:tc|UARTTickerData:DP|DataRegister:count_reg|Dout[4]  ; UARTReceiverData:DP|UARTTicker:tc|UARTTickerData:DP|DataRegister:count_reg|Dout[5]  ; clk          ; clk         ; 0.000        ; 0.000      ; 3.444      ;
; 3.224 ; UARTReceiverData:DP|DataRegister:shift_r|Dout[2]                                    ; UARTReceiverData:DP|DataRegister:shift_r|Dout[1]                                    ; clk          ; clk         ; 0.000        ; 0.000      ; 3.445      ;
; 3.247 ; UARTReceiverData:DP|UARTTicker:tc|UARTTickerControl:CP|state.S0                     ; UARTReceiverData:DP|UARTTicker:tc|UARTTickerControl:CP|state.S1                     ; clk          ; clk         ; 0.000        ; 0.000      ; 3.468      ;
; 3.278 ; UARTReceiverData:DP|UARTTicker:tc|UARTTickerData:DP|DataRegister:count_reg|Dout[1]  ; UARTReceiverData:DP|UARTTicker:tc|UARTTickerData:DP|DataRegister:count_reg|Dout[1]  ; clk          ; clk         ; 0.000        ; 0.000      ; 3.499      ;
; 3.333 ; UARTReceiverData:DP|DataRegister:shift_r|Dout[7]                                    ; UARTReceiverData:DP|DataRegister:shift_r|Dout[6]                                    ; clk          ; clk         ; 0.000        ; 0.000      ; 3.554      ;
; 3.340 ; UARTReceiverData:DP|UARTTicker:tc|UARTTickerData:DP|DataRegister:count_reg|Dout[6]  ; UARTReceiverData:DP|UARTTicker:tc|UARTTickerData:DP|DataRegister:count_reg|Dout[7]  ; clk          ; clk         ; 0.000        ; 0.000      ; 3.561      ;
; 3.383 ; UARTReceiverData:DP|DataRegister:shift_r|Dout[8]                                    ; UARTReceiverData:DP|DataRegister:dout|Dout[7]                                       ; clk          ; clk         ; 0.000        ; 0.000      ; 3.604      ;
; 3.390 ; UARTReceiverData:DP|UARTTicker:tc|UARTTickerData:DP|DataRegister:count_reg|Dout[2]  ; UARTReceiverData:DP|UARTTicker:tc|UARTTickerData:DP|DataRegister:count_reg|Dout[3]  ; clk          ; clk         ; 0.000        ; 0.000      ; 3.611      ;
; 3.451 ; UARTReceiverData:DP|UARTTicker:tc|UARTTickerData:DP|DataRegister:count_reg|Dout[6]  ; UARTReceiverData:DP|UARTTicker:tc|UARTTickerData:DP|DataRegister:count_reg|Dout[8]  ; clk          ; clk         ; 0.000        ; 0.000      ; 3.672      ;
; 3.494 ; UARTReceiverData:DP|UARTTicker:tc|UARTTickerData:DP|DataRegister:count_reg|Dout[0]  ; UARTReceiverData:DP|UARTTicker:tc|UARTTickerData:DP|DataRegister:count_reg|Dout[2]  ; clk          ; clk         ; 0.000        ; 0.000      ; 3.715      ;
; 3.494 ; UARTReceiverData:DP|UARTTicker:tc|UARTTickerData:DP|DataRegister:count_reg|Dout[0]  ; UARTReceiverData:DP|UARTTicker:tc|UARTTickerData:DP|DataRegister:count_reg|Dout[3]  ; clk          ; clk         ; 0.000        ; 0.000      ; 3.715      ;
; 3.494 ; UARTReceiverData:DP|UARTTicker:tc|UARTTickerData:DP|DataRegister:count_reg|Dout[0]  ; UARTReceiverData:DP|UARTTicker:tc|UARTTickerData:DP|DataRegister:count_reg|Dout[1]  ; clk          ; clk         ; 0.000        ; 0.000      ; 3.715      ;
; 3.494 ; UARTReceiverData:DP|UARTTicker:tc|UARTTickerData:DP|DataRegister:count_reg|Dout[0]  ; UARTReceiverData:DP|UARTTicker:tc|UARTTickerData:DP|DataRegister:count_reg|Dout[5]  ; clk          ; clk         ; 0.000        ; 0.000      ; 3.715      ;
; 3.494 ; UARTReceiverData:DP|UARTTicker:tc|UARTTickerData:DP|DataRegister:count_reg|Dout[0]  ; UARTReceiverData:DP|UARTTicker:tc|UARTTickerData:DP|DataRegister:count_reg|Dout[4]  ; clk          ; clk         ; 0.000        ; 0.000      ; 3.715      ;
; 3.501 ; UARTReceiverData:DP|UARTTicker:tc|UARTTickerData:DP|DataRegister:count_reg|Dout[2]  ; UARTReceiverData:DP|UARTTicker:tc|UARTTickerData:DP|DataRegister:count_reg|Dout[4]  ; clk          ; clk         ; 0.000        ; 0.000      ; 3.722      ;
; 3.529 ; UARTReceiverData:DP|UARTTicker:tc|UARTTickerData:DP|DataRegister:count_reg|Dout[8]  ; UARTReceiverData:DP|UARTTicker:tc|UARTTickerData:DP|DataRegister:count_reg|Dout[11] ; clk          ; clk         ; 0.000        ; 0.000      ; 3.750      ;
; 3.529 ; UARTReceiverData:DP|UARTTicker:tc|UARTTickerData:DP|DataRegister:count_reg|Dout[8]  ; UARTReceiverData:DP|UARTTicker:tc|UARTTickerData:DP|DataRegister:count_reg|Dout[12] ; clk          ; clk         ; 0.000        ; 0.000      ; 3.750      ;
; 3.531 ; UARTReceiverData:DP|UARTTicker:tc|UARTTickerControl:CP|state.S3                     ; UARTReceiverData:DP|UARTTicker:tc|UARTTickerControl:CP|state.S3                     ; clk          ; clk         ; 0.000        ; 0.000      ; 3.752      ;
; 3.544 ; UARTReceiverData:DP|UARTTicker:tc|UARTTickerData:DP|DataRegister:count_reg|Dout[10] ; UARTReceiverData:DP|UARTTicker:tc|UARTTickerData:DP|DataRegister:count_reg|Dout[11] ; clk          ; clk         ; 0.000        ; 0.000      ; 3.765      ;
; 3.544 ; UARTReceiverData:DP|UARTTicker:tc|UARTTickerData:DP|DataRegister:count_reg|Dout[10] ; UARTReceiverData:DP|UARTTicker:tc|UARTTickerData:DP|DataRegister:count_reg|Dout[12] ; clk          ; clk         ; 0.000        ; 0.000      ; 3.765      ;
; 3.545 ; UARTReceiverData:DP|UARTTicker:tc|UARTTickerData:DP|DataRegister:count_reg|Dout[9]  ; UARTReceiverData:DP|UARTTicker:tc|UARTTickerData:DP|DataRegister:count_reg|Dout[10] ; clk          ; clk         ; 0.000        ; 0.000      ; 3.766      ;
; 3.562 ; UARTReceiverData:DP|UARTTicker:tc|UARTTickerData:DP|DataRegister:count_reg|Dout[6]  ; UARTReceiverData:DP|UARTTicker:tc|UARTTickerData:DP|DataRegister:count_reg|Dout[9]  ; clk          ; clk         ; 0.000        ; 0.000      ; 3.783      ;
; 3.568 ; UARTReceiverData:DP|UARTTicker:tc|UARTTickerData:DP|DataRegister:count_reg|Dout[11] ; UARTReceiverData:DP|UARTTicker:tc|UARTTickerData:DP|DataRegister:count_reg|Dout[12] ; clk          ; clk         ; 0.000        ; 0.000      ; 3.789      ;
; 3.612 ; UARTReceiverData:DP|UARTTicker:tc|UARTTickerData:DP|DataRegister:count_reg|Dout[2]  ; UARTReceiverData:DP|UARTTicker:tc|UARTTickerData:DP|DataRegister:count_reg|Dout[5]  ; clk          ; clk         ; 0.000        ; 0.000      ; 3.833      ;
; 3.640 ; UARTReceiverData:DP|UARTTicker:tc|UARTTickerData:DP|DataRegister:count_reg|Dout[7]  ; UARTReceiverData:DP|UARTTicker:tc|UARTTickerData:DP|DataRegister:count_reg|Dout[11] ; clk          ; clk         ; 0.000        ; 0.000      ; 3.861      ;
; 3.640 ; UARTReceiverData:DP|UARTTicker:tc|UARTTickerData:DP|DataRegister:count_reg|Dout[7]  ; UARTReceiverData:DP|UARTTicker:tc|UARTTickerData:DP|DataRegister:count_reg|Dout[12] ; clk          ; clk         ; 0.000        ; 0.000      ; 3.861      ;
; 3.673 ; UARTReceiverData:DP|UARTTicker:tc|UARTTickerData:DP|DataRegister:count_reg|Dout[6]  ; UARTReceiverData:DP|UARTTicker:tc|UARTTickerData:DP|DataRegister:count_reg|Dout[10] ; clk          ; clk         ; 0.000        ; 0.000      ; 3.894      ;
; 3.680 ; UARTReceiverControl:CP|state.S1                                                     ; UARTReceiverData:DP|UARTTicker:tc|UARTTickerControl:CP|state.S4                     ; clk          ; clk         ; 0.000        ; 0.000      ; 3.901      ;
; 3.795 ; UARTReceiverData:DP|UARTTicker:tc|UARTTickerData:DP|DataRegister:count_reg|Dout[5]  ; UARTReceiverData:DP|UARTTicker:tc|UARTTickerData:DP|DataRegister:count_reg|Dout[11] ; clk          ; clk         ; 0.000        ; 0.000      ; 4.016      ;
; 3.795 ; UARTReceiverData:DP|UARTTicker:tc|UARTTickerData:DP|DataRegister:count_reg|Dout[5]  ; UARTReceiverData:DP|UARTTicker:tc|UARTTickerData:DP|DataRegister:count_reg|Dout[12] ; clk          ; clk         ; 0.000        ; 0.000      ; 4.016      ;
; 3.808 ; UARTReceiverData:DP|UARTTicker:tc|UARTTickerData:DP|DataRegister:count_reg|Dout[5]  ; UARTReceiverData:DP|UARTTicker:tc|UARTTickerData:DP|DataRegister:count_reg|Dout[7]  ; clk          ; clk         ; 0.000        ; 0.000      ; 4.029      ;
; 3.808 ; UARTReceiverData:DP|UARTTicker:tc|UARTTickerData:DP|DataRegister:count_reg|Dout[5]  ; UARTReceiverData:DP|UARTTicker:tc|UARTTickerData:DP|DataRegister:count_reg|Dout[8]  ; clk          ; clk         ; 0.000        ; 0.000      ; 4.029      ;
; 3.808 ; UARTReceiverData:DP|UARTTicker:tc|UARTTickerData:DP|DataRegister:count_reg|Dout[5]  ; UARTReceiverData:DP|UARTTicker:tc|UARTTickerData:DP|DataRegister:count_reg|Dout[9]  ; clk          ; clk         ; 0.000        ; 0.000      ; 4.029      ;
; 3.808 ; UARTReceiverData:DP|UARTTicker:tc|UARTTickerData:DP|DataRegister:count_reg|Dout[5]  ; UARTReceiverData:DP|UARTTicker:tc|UARTTickerData:DP|DataRegister:count_reg|Dout[6]  ; clk          ; clk         ; 0.000        ; 0.000      ; 4.029      ;
; 3.808 ; UARTReceiverData:DP|UARTTicker:tc|UARTTickerData:DP|DataRegister:count_reg|Dout[5]  ; UARTReceiverData:DP|UARTTicker:tc|UARTTickerData:DP|DataRegister:count_reg|Dout[10] ; clk          ; clk         ; 0.000        ; 0.000      ; 4.029      ;
; 3.919 ; UARTReceiverData:DP|UARTTicker:tc|UARTTickerData:DP|DataRegister:count_reg|Dout[3]  ; UARTReceiverData:DP|UARTTicker:tc|UARTTickerData:DP|DataRegister:count_reg|Dout[11] ; clk          ; clk         ; 0.000        ; 0.000      ; 4.140      ;
; 3.919 ; UARTReceiverData:DP|UARTTicker:tc|UARTTickerData:DP|DataRegister:count_reg|Dout[3]  ; UARTReceiverData:DP|UARTTicker:tc|UARTTickerData:DP|DataRegister:count_reg|Dout[12] ; clk          ; clk         ; 0.000        ; 0.000      ; 4.140      ;
; 3.932 ; UARTReceiverData:DP|UARTTicker:tc|UARTTickerData:DP|DataRegister:count_reg|Dout[3]  ; UARTReceiverData:DP|UARTTicker:tc|UARTTickerData:DP|DataRegister:count_reg|Dout[7]  ; clk          ; clk         ; 0.000        ; 0.000      ; 4.153      ;
; 3.932 ; UARTReceiverData:DP|UARTTicker:tc|UARTTickerData:DP|DataRegister:count_reg|Dout[3]  ; UARTReceiverData:DP|UARTTicker:tc|UARTTickerData:DP|DataRegister:count_reg|Dout[8]  ; clk          ; clk         ; 0.000        ; 0.000      ; 4.153      ;
; 3.932 ; UARTReceiverData:DP|UARTTicker:tc|UARTTickerData:DP|DataRegister:count_reg|Dout[3]  ; UARTReceiverData:DP|UARTTicker:tc|UARTTickerData:DP|DataRegister:count_reg|Dout[9]  ; clk          ; clk         ; 0.000        ; 0.000      ; 4.153      ;
; 3.932 ; UARTReceiverData:DP|UARTTicker:tc|UARTTickerData:DP|DataRegister:count_reg|Dout[3]  ; UARTReceiverData:DP|UARTTicker:tc|UARTTickerData:DP|DataRegister:count_reg|Dout[6]  ; clk          ; clk         ; 0.000        ; 0.000      ; 4.153      ;
; 3.932 ; UARTReceiverData:DP|UARTTicker:tc|UARTTickerData:DP|DataRegister:count_reg|Dout[3]  ; UARTReceiverData:DP|UARTTicker:tc|UARTTickerData:DP|DataRegister:count_reg|Dout[10] ; clk          ; clk         ; 0.000        ; 0.000      ; 4.153      ;
; 4.014 ; UARTReceiverData:DP|UARTTicker:tc|UARTTickerData:DP|DataRegister:count_reg|Dout[9]  ; UARTReceiverData:DP|UARTTicker:tc|UARTTickerData:DP|DataRegister:count_reg|Dout[11] ; clk          ; clk         ; 0.000        ; 0.000      ; 4.235      ;
; 4.014 ; UARTReceiverData:DP|UARTTicker:tc|UARTTickerData:DP|DataRegister:count_reg|Dout[9]  ; UARTReceiverData:DP|UARTTicker:tc|UARTTickerData:DP|DataRegister:count_reg|Dout[12] ; clk          ; clk         ; 0.000        ; 0.000      ; 4.235      ;
; 4.068 ; UARTReceiverData:DP|DataRegister:count1|Dout[2]                                     ; UARTReceiverData:DP|DataRegister:count1|Dout[1]                                     ; clk          ; clk         ; 0.000        ; 0.000      ; 4.289      ;
; 4.073 ; UARTReceiverData:DP|UARTTicker:tc|UARTTickerData:DP|DataRegister:count_reg|Dout[4]  ; UARTReceiverData:DP|UARTTicker:tc|UARTTickerData:DP|DataRegister:count_reg|Dout[11] ; clk          ; clk         ; 0.000        ; 0.000      ; 4.294      ;
; 4.073 ; UARTReceiverData:DP|UARTTicker:tc|UARTTickerData:DP|DataRegister:count_reg|Dout[4]  ; UARTReceiverData:DP|UARTTicker:tc|UARTTickerData:DP|DataRegister:count_reg|Dout[12] ; clk          ; clk         ; 0.000        ; 0.000      ; 4.294      ;
; 4.074 ; UARTReceiverControl:CP|state.S4                                                     ; UARTReceiverData:DP|DataRegister:dout|Dout[0]                                       ; clk          ; clk         ; 0.000        ; 0.000      ; 4.295      ;
; 4.074 ; UARTReceiverControl:CP|state.S4                                                     ; UARTReceiverData:DP|DataRegister:dout|Dout[2]                                       ; clk          ; clk         ; 0.000        ; 0.000      ; 4.295      ;
+-------+-------------------------------------------------------------------------------------+-------------------------------------------------------------------------------------+--------------+-------------+--------------+------------+------------+


+----------------------------------------------------------------------------------------------------------------------------------------------------------------------+
; Minimum Pulse Width: 'clk'                                                                                                                                           ;
+--------+--------------+----------------+------------------+-------+------------+-------------------------------------------------------------------------------------+
; Slack  ; Actual Width ; Required Width ; Type             ; Clock ; Clock Edge ; Target                                                                              ;
+--------+--------------+----------------+------------------+-------+------------+-------------------------------------------------------------------------------------+
; -2.289 ; 1.000        ; 3.289          ; Port Rate        ; clk   ; Rise       ; clk                                                                                 ;
; 0.234  ; 0.500        ; 0.266          ; High Pulse Width ; clk   ; Rise       ; UARTReceiverControl:CP|state.S0                                                     ;
; 0.234  ; 0.500        ; 0.266          ; Low Pulse Width  ; clk   ; Rise       ; UARTReceiverControl:CP|state.S0                                                     ;
; 0.234  ; 0.500        ; 0.266          ; High Pulse Width ; clk   ; Rise       ; UARTReceiverControl:CP|state.S1                                                     ;
; 0.234  ; 0.500        ; 0.266          ; Low Pulse Width  ; clk   ; Rise       ; UARTReceiverControl:CP|state.S1                                                     ;
; 0.234  ; 0.500        ; 0.266          ; High Pulse Width ; clk   ; Rise       ; UARTReceiverControl:CP|state.S2                                                     ;
; 0.234  ; 0.500        ; 0.266          ; Low Pulse Width  ; clk   ; Rise       ; UARTReceiverControl:CP|state.S2                                                     ;
; 0.234  ; 0.500        ; 0.266          ; High Pulse Width ; clk   ; Rise       ; UARTReceiverControl:CP|state.S3                                                     ;
; 0.234  ; 0.500        ; 0.266          ; Low Pulse Width  ; clk   ; Rise       ; UARTReceiverControl:CP|state.S3                                                     ;
; 0.234  ; 0.500        ; 0.266          ; High Pulse Width ; clk   ; Rise       ; UARTReceiverControl:CP|state.S4                                                     ;
; 0.234  ; 0.500        ; 0.266          ; Low Pulse Width  ; clk   ; Rise       ; UARTReceiverControl:CP|state.S4                                                     ;
; 0.234  ; 0.500        ; 0.266          ; High Pulse Width ; clk   ; Rise       ; UARTReceiverData:DP|DataRegister:count1|Dout[0]                                     ;
; 0.234  ; 0.500        ; 0.266          ; Low Pulse Width  ; clk   ; Rise       ; UARTReceiverData:DP|DataRegister:count1|Dout[0]                                     ;
; 0.234  ; 0.500        ; 0.266          ; High Pulse Width ; clk   ; Rise       ; UARTReceiverData:DP|DataRegister:count1|Dout[1]                                     ;
; 0.234  ; 0.500        ; 0.266          ; Low Pulse Width  ; clk   ; Rise       ; UARTReceiverData:DP|DataRegister:count1|Dout[1]                                     ;
; 0.234  ; 0.500        ; 0.266          ; High Pulse Width ; clk   ; Rise       ; UARTReceiverData:DP|DataRegister:count1|Dout[2]                                     ;
; 0.234  ; 0.500        ; 0.266          ; Low Pulse Width  ; clk   ; Rise       ; UARTReceiverData:DP|DataRegister:count1|Dout[2]                                     ;
; 0.234  ; 0.500        ; 0.266          ; High Pulse Width ; clk   ; Rise       ; UARTReceiverData:DP|DataRegister:count1|Dout[3]                                     ;
; 0.234  ; 0.500        ; 0.266          ; Low Pulse Width  ; clk   ; Rise       ; UARTReceiverData:DP|DataRegister:count1|Dout[3]                                     ;
; 0.234  ; 0.500        ; 0.266          ; High Pulse Width ; clk   ; Rise       ; UARTReceiverData:DP|DataRegister:dout|Dout[0]                                       ;
; 0.234  ; 0.500        ; 0.266          ; Low Pulse Width  ; clk   ; Rise       ; UARTReceiverData:DP|DataRegister:dout|Dout[0]                                       ;
; 0.234  ; 0.500        ; 0.266          ; High Pulse Width ; clk   ; Rise       ; UARTReceiverData:DP|DataRegister:dout|Dout[1]                                       ;
; 0.234  ; 0.500        ; 0.266          ; Low Pulse Width  ; clk   ; Rise       ; UARTReceiverData:DP|DataRegister:dout|Dout[1]                                       ;
; 0.234  ; 0.500        ; 0.266          ; High Pulse Width ; clk   ; Rise       ; UARTReceiverData:DP|DataRegister:dout|Dout[2]                                       ;
; 0.234  ; 0.500        ; 0.266          ; Low Pulse Width  ; clk   ; Rise       ; UARTReceiverData:DP|DataRegister:dout|Dout[2]                                       ;
; 0.234  ; 0.500        ; 0.266          ; High Pulse Width ; clk   ; Rise       ; UARTReceiverData:DP|DataRegister:dout|Dout[3]                                       ;
; 0.234  ; 0.500        ; 0.266          ; Low Pulse Width  ; clk   ; Rise       ; UARTReceiverData:DP|DataRegister:dout|Dout[3]                                       ;
; 0.234  ; 0.500        ; 0.266          ; High Pulse Width ; clk   ; Rise       ; UARTReceiverData:DP|DataRegister:dout|Dout[4]                                       ;
; 0.234  ; 0.500        ; 0.266          ; Low Pulse Width  ; clk   ; Rise       ; UARTReceiverData:DP|DataRegister:dout|Dout[4]                                       ;
; 0.234  ; 0.500        ; 0.266          ; High Pulse Width ; clk   ; Rise       ; UARTReceiverData:DP|DataRegister:dout|Dout[5]                                       ;
; 0.234  ; 0.500        ; 0.266          ; Low Pulse Width  ; clk   ; Rise       ; UARTReceiverData:DP|DataRegister:dout|Dout[5]                                       ;
; 0.234  ; 0.500        ; 0.266          ; High Pulse Width ; clk   ; Rise       ; UARTReceiverData:DP|DataRegister:dout|Dout[6]                                       ;
; 0.234  ; 0.500        ; 0.266          ; Low Pulse Width  ; clk   ; Rise       ; UARTReceiverData:DP|DataRegister:dout|Dout[6]                                       ;
; 0.234  ; 0.500        ; 0.266          ; High Pulse Width ; clk   ; Rise       ; UARTReceiverData:DP|DataRegister:dout|Dout[7]                                       ;
; 0.234  ; 0.500        ; 0.266          ; Low Pulse Width  ; clk   ; Rise       ; UARTReceiverData:DP|DataRegister:dout|Dout[7]                                       ;
; 0.234  ; 0.500        ; 0.266          ; High Pulse Width ; clk   ; Rise       ; UARTReceiverData:DP|DataRegister:shift_r|Dout[1]                                    ;
; 0.234  ; 0.500        ; 0.266          ; Low Pulse Width  ; clk   ; Rise       ; UARTReceiverData:DP|DataRegister:shift_r|Dout[1]                                    ;
; 0.234  ; 0.500        ; 0.266          ; High Pulse Width ; clk   ; Rise       ; UARTReceiverData:DP|DataRegister:shift_r|Dout[2]                                    ;
; 0.234  ; 0.500        ; 0.266          ; Low Pulse Width  ; clk   ; Rise       ; UARTReceiverData:DP|DataRegister:shift_r|Dout[2]                                    ;
; 0.234  ; 0.500        ; 0.266          ; High Pulse Width ; clk   ; Rise       ; UARTReceiverData:DP|DataRegister:shift_r|Dout[3]                                    ;
; 0.234  ; 0.500        ; 0.266          ; Low Pulse Width  ; clk   ; Rise       ; UARTReceiverData:DP|DataRegister:shift_r|Dout[3]                                    ;
; 0.234  ; 0.500        ; 0.266          ; High Pulse Width ; clk   ; Rise       ; UARTReceiverData:DP|DataRegister:shift_r|Dout[4]                                    ;
; 0.234  ; 0.500        ; 0.266          ; Low Pulse Width  ; clk   ; Rise       ; UARTReceiverData:DP|DataRegister:shift_r|Dout[4]                                    ;
; 0.234  ; 0.500        ; 0.266          ; High Pulse Width ; clk   ; Rise       ; UARTReceiverData:DP|DataRegister:shift_r|Dout[5]                                    ;
; 0.234  ; 0.500        ; 0.266          ; Low Pulse Width  ; clk   ; Rise       ; UARTReceiverData:DP|DataRegister:shift_r|Dout[5]                                    ;
; 0.234  ; 0.500        ; 0.266          ; High Pulse Width ; clk   ; Rise       ; UARTReceiverData:DP|DataRegister:shift_r|Dout[6]                                    ;
; 0.234  ; 0.500        ; 0.266          ; Low Pulse Width  ; clk   ; Rise       ; UARTReceiverData:DP|DataRegister:shift_r|Dout[6]                                    ;
; 0.234  ; 0.500        ; 0.266          ; High Pulse Width ; clk   ; Rise       ; UARTReceiverData:DP|DataRegister:shift_r|Dout[7]                                    ;
; 0.234  ; 0.500        ; 0.266          ; Low Pulse Width  ; clk   ; Rise       ; UARTReceiverData:DP|DataRegister:shift_r|Dout[7]                                    ;
; 0.234  ; 0.500        ; 0.266          ; High Pulse Width ; clk   ; Rise       ; UARTReceiverData:DP|DataRegister:shift_r|Dout[8]                                    ;
; 0.234  ; 0.500        ; 0.266          ; Low Pulse Width  ; clk   ; Rise       ; UARTReceiverData:DP|DataRegister:shift_r|Dout[8]                                    ;
; 0.234  ; 0.500        ; 0.266          ; High Pulse Width ; clk   ; Rise       ; UARTReceiverData:DP|DataRegister:shift_r|Dout[9]                                    ;
; 0.234  ; 0.500        ; 0.266          ; Low Pulse Width  ; clk   ; Rise       ; UARTReceiverData:DP|DataRegister:shift_r|Dout[9]                                    ;
; 0.234  ; 0.500        ; 0.266          ; High Pulse Width ; clk   ; Rise       ; UARTReceiverData:DP|UARTTicker:tc|UARTTickerControl:CP|state.S0                     ;
; 0.234  ; 0.500        ; 0.266          ; Low Pulse Width  ; clk   ; Rise       ; UARTReceiverData:DP|UARTTicker:tc|UARTTickerControl:CP|state.S0                     ;
; 0.234  ; 0.500        ; 0.266          ; High Pulse Width ; clk   ; Rise       ; UARTReceiverData:DP|UARTTicker:tc|UARTTickerControl:CP|state.S1                     ;
; 0.234  ; 0.500        ; 0.266          ; Low Pulse Width  ; clk   ; Rise       ; UARTReceiverData:DP|UARTTicker:tc|UARTTickerControl:CP|state.S1                     ;
; 0.234  ; 0.500        ; 0.266          ; High Pulse Width ; clk   ; Rise       ; UARTReceiverData:DP|UARTTicker:tc|UARTTickerControl:CP|state.S2                     ;
; 0.234  ; 0.500        ; 0.266          ; Low Pulse Width  ; clk   ; Rise       ; UARTReceiverData:DP|UARTTicker:tc|UARTTickerControl:CP|state.S2                     ;
; 0.234  ; 0.500        ; 0.266          ; High Pulse Width ; clk   ; Rise       ; UARTReceiverData:DP|UARTTicker:tc|UARTTickerControl:CP|state.S3                     ;
; 0.234  ; 0.500        ; 0.266          ; Low Pulse Width  ; clk   ; Rise       ; UARTReceiverData:DP|UARTTicker:tc|UARTTickerControl:CP|state.S3                     ;
; 0.234  ; 0.500        ; 0.266          ; High Pulse Width ; clk   ; Rise       ; UARTReceiverData:DP|UARTTicker:tc|UARTTickerControl:CP|state.S4                     ;
; 0.234  ; 0.500        ; 0.266          ; Low Pulse Width  ; clk   ; Rise       ; UARTReceiverData:DP|UARTTicker:tc|UARTTickerControl:CP|state.S4                     ;
; 0.234  ; 0.500        ; 0.266          ; High Pulse Width ; clk   ; Rise       ; UARTReceiverData:DP|UARTTicker:tc|UARTTickerData:DP|DataRegister:count_reg|Dout[0]  ;
; 0.234  ; 0.500        ; 0.266          ; Low Pulse Width  ; clk   ; Rise       ; UARTReceiverData:DP|UARTTicker:tc|UARTTickerData:DP|DataRegister:count_reg|Dout[0]  ;
; 0.234  ; 0.500        ; 0.266          ; High Pulse Width ; clk   ; Rise       ; UARTReceiverData:DP|UARTTicker:tc|UARTTickerData:DP|DataRegister:count_reg|Dout[10] ;
; 0.234  ; 0.500        ; 0.266          ; Low Pulse Width  ; clk   ; Rise       ; UARTReceiverData:DP|UARTTicker:tc|UARTTickerData:DP|DataRegister:count_reg|Dout[10] ;
; 0.234  ; 0.500        ; 0.266          ; High Pulse Width ; clk   ; Rise       ; UARTReceiverData:DP|UARTTicker:tc|UARTTickerData:DP|DataRegister:count_reg|Dout[11] ;
; 0.234  ; 0.500        ; 0.266          ; Low Pulse Width  ; clk   ; Rise       ; UARTReceiverData:DP|UARTTicker:tc|UARTTickerData:DP|DataRegister:count_reg|Dout[11] ;
; 0.234  ; 0.500        ; 0.266          ; High Pulse Width ; clk   ; Rise       ; UARTReceiverData:DP|UARTTicker:tc|UARTTickerData:DP|DataRegister:count_reg|Dout[12] ;
; 0.234  ; 0.500        ; 0.266          ; Low Pulse Width  ; clk   ; Rise       ; UARTReceiverData:DP|UARTTicker:tc|UARTTickerData:DP|DataRegister:count_reg|Dout[12] ;
; 0.234  ; 0.500        ; 0.266          ; High Pulse Width ; clk   ; Rise       ; UARTReceiverData:DP|UARTTicker:tc|UARTTickerData:DP|DataRegister:count_reg|Dout[1]  ;
; 0.234  ; 0.500        ; 0.266          ; Low Pulse Width  ; clk   ; Rise       ; UARTReceiverData:DP|UARTTicker:tc|UARTTickerData:DP|DataRegister:count_reg|Dout[1]  ;
; 0.234  ; 0.500        ; 0.266          ; High Pulse Width ; clk   ; Rise       ; UARTReceiverData:DP|UARTTicker:tc|UARTTickerData:DP|DataRegister:count_reg|Dout[2]  ;
; 0.234  ; 0.500        ; 0.266          ; Low Pulse Width  ; clk   ; Rise       ; UARTReceiverData:DP|UARTTicker:tc|UARTTickerData:DP|DataRegister:count_reg|Dout[2]  ;
; 0.234  ; 0.500        ; 0.266          ; High Pulse Width ; clk   ; Rise       ; UARTReceiverData:DP|UARTTicker:tc|UARTTickerData:DP|DataRegister:count_reg|Dout[3]  ;
; 0.234  ; 0.500        ; 0.266          ; Low Pulse Width  ; clk   ; Rise       ; UARTReceiverData:DP|UARTTicker:tc|UARTTickerData:DP|DataRegister:count_reg|Dout[3]  ;
; 0.234  ; 0.500        ; 0.266          ; High Pulse Width ; clk   ; Rise       ; UARTReceiverData:DP|UARTTicker:tc|UARTTickerData:DP|DataRegister:count_reg|Dout[4]  ;
; 0.234  ; 0.500        ; 0.266          ; Low Pulse Width  ; clk   ; Rise       ; UARTReceiverData:DP|UARTTicker:tc|UARTTickerData:DP|DataRegister:count_reg|Dout[4]  ;
; 0.234  ; 0.500        ; 0.266          ; High Pulse Width ; clk   ; Rise       ; UARTReceiverData:DP|UARTTicker:tc|UARTTickerData:DP|DataRegister:count_reg|Dout[5]  ;
; 0.234  ; 0.500        ; 0.266          ; Low Pulse Width  ; clk   ; Rise       ; UARTReceiverData:DP|UARTTicker:tc|UARTTickerData:DP|DataRegister:count_reg|Dout[5]  ;
; 0.234  ; 0.500        ; 0.266          ; High Pulse Width ; clk   ; Rise       ; UARTReceiverData:DP|UARTTicker:tc|UARTTickerData:DP|DataRegister:count_reg|Dout[6]  ;
; 0.234  ; 0.500        ; 0.266          ; Low Pulse Width  ; clk   ; Rise       ; UARTReceiverData:DP|UARTTicker:tc|UARTTickerData:DP|DataRegister:count_reg|Dout[6]  ;
; 0.234  ; 0.500        ; 0.266          ; High Pulse Width ; clk   ; Rise       ; UARTReceiverData:DP|UARTTicker:tc|UARTTickerData:DP|DataRegister:count_reg|Dout[7]  ;
; 0.234  ; 0.500        ; 0.266          ; Low Pulse Width  ; clk   ; Rise       ; UARTReceiverData:DP|UARTTicker:tc|UARTTickerData:DP|DataRegister:count_reg|Dout[7]  ;
; 0.234  ; 0.500        ; 0.266          ; High Pulse Width ; clk   ; Rise       ; UARTReceiverData:DP|UARTTicker:tc|UARTTickerData:DP|DataRegister:count_reg|Dout[8]  ;
; 0.234  ; 0.500        ; 0.266          ; Low Pulse Width  ; clk   ; Rise       ; UARTReceiverData:DP|UARTTicker:tc|UARTTickerData:DP|DataRegister:count_reg|Dout[8]  ;
; 0.234  ; 0.500        ; 0.266          ; High Pulse Width ; clk   ; Rise       ; UARTReceiverData:DP|UARTTicker:tc|UARTTickerData:DP|DataRegister:count_reg|Dout[9]  ;
; 0.234  ; 0.500        ; 0.266          ; Low Pulse Width  ; clk   ; Rise       ; UARTReceiverData:DP|UARTTicker:tc|UARTTickerData:DP|DataRegister:count_reg|Dout[9]  ;
; 0.500  ; 0.500        ; 0.000          ; High Pulse Width ; clk   ; Rise       ; CP|state.S0|clk                                                                     ;
; 0.500  ; 0.500        ; 0.000          ; Low Pulse Width  ; clk   ; Rise       ; CP|state.S0|clk                                                                     ;
; 0.500  ; 0.500        ; 0.000          ; High Pulse Width ; clk   ; Rise       ; CP|state.S1|clk                                                                     ;
; 0.500  ; 0.500        ; 0.000          ; Low Pulse Width  ; clk   ; Rise       ; CP|state.S1|clk                                                                     ;
; 0.500  ; 0.500        ; 0.000          ; High Pulse Width ; clk   ; Rise       ; CP|state.S2|clk                                                                     ;
; 0.500  ; 0.500        ; 0.000          ; Low Pulse Width  ; clk   ; Rise       ; CP|state.S2|clk                                                                     ;
; 0.500  ; 0.500        ; 0.000          ; High Pulse Width ; clk   ; Rise       ; CP|state.S3|clk                                                                     ;
; 0.500  ; 0.500        ; 0.000          ; Low Pulse Width  ; clk   ; Rise       ; CP|state.S3|clk                                                                     ;
; 0.500  ; 0.500        ; 0.000          ; High Pulse Width ; clk   ; Rise       ; CP|state.S4|clk                                                                     ;
; 0.500  ; 0.500        ; 0.000          ; Low Pulse Width  ; clk   ; Rise       ; CP|state.S4|clk                                                                     ;
; 0.500  ; 0.500        ; 0.000          ; High Pulse Width ; clk   ; Rise       ; DP|count1|Dout[0]|clk                                                               ;
+--------+--------------+----------------+------------------+-------+------------+-------------------------------------------------------------------------------------+


+-----------------------------------------------------------------------+
; Setup Times                                                           ;
+-----------+------------+-------+-------+------------+-----------------+
; Data Port ; Clock Port ; Rise  ; Fall  ; Clock Edge ; Clock Reference ;
+-----------+------------+-------+-------+------------+-----------------+
; data_in   ; clk        ; 7.419 ; 7.419 ; Rise       ; clk             ;
; reset     ; clk        ; 7.686 ; 7.686 ; Rise       ; clk             ;
+-----------+------------+-------+-------+------------+-----------------+


+-------------------------------------------------------------------------+
; Hold Times                                                              ;
+-----------+------------+--------+--------+------------+-----------------+
; Data Port ; Clock Port ; Rise   ; Fall   ; Clock Edge ; Clock Reference ;
+-----------+------------+--------+--------+------------+-----------------+
; data_in   ; clk        ; -3.244 ; -3.244 ; Rise       ; clk             ;
; reset     ; clk        ; -2.142 ; -2.142 ; Rise       ; clk             ;
+-----------+------------+--------+--------+------------+-----------------+


+----------------------------------------------------------------------------+
; Clock to Output Times                                                      ;
+--------------+------------+--------+--------+------------+-----------------+
; Data Port    ; Clock Port ; Rise   ; Fall   ; Clock Edge ; Clock Reference ;
+--------------+------------+--------+--------+------------+-----------------+
; data_out[*]  ; clk        ; 8.432  ; 8.432  ; Rise       ; clk             ;
;  data_out[0] ; clk        ; 8.252  ; 8.252  ; Rise       ; clk             ;
;  data_out[1] ; clk        ; 8.252  ; 8.252  ; Rise       ; clk             ;
;  data_out[2] ; clk        ; 7.171  ; 7.171  ; Rise       ; clk             ;
;  data_out[3] ; clk        ; 8.374  ; 8.374  ; Rise       ; clk             ;
;  data_out[4] ; clk        ; 8.268  ; 8.268  ; Rise       ; clk             ;
;  data_out[5] ; clk        ; 7.171  ; 7.171  ; Rise       ; clk             ;
;  data_out[6] ; clk        ; 7.171  ; 7.171  ; Rise       ; clk             ;
;  data_out[7] ; clk        ; 8.432  ; 8.432  ; Rise       ; clk             ;
; debug[*]     ; clk        ; 10.298 ; 10.298 ; Rise       ; clk             ;
;  debug[0]    ; clk        ; 8.939  ; 8.939  ; Rise       ; clk             ;
;  debug[1]    ; clk        ; 9.168  ; 9.168  ; Rise       ; clk             ;
;  debug[2]    ; clk        ; 8.809  ; 8.809  ; Rise       ; clk             ;
;  debug[3]    ; clk        ; 9.143  ; 9.143  ; Rise       ; clk             ;
;  debug[4]    ; clk        ; 8.796  ; 8.796  ; Rise       ; clk             ;
;  debug[5]    ; clk        ; 8.911  ; 8.911  ; Rise       ; clk             ;
;  debug[6]    ; clk        ; 8.457  ; 8.457  ; Rise       ; clk             ;
;  debug[7]    ; clk        ; 10.298 ; 10.298 ; Rise       ; clk             ;
+--------------+------------+--------+--------+------------+-----------------+


+----------------------------------------------------------------------------+
; Minimum Clock to Output Times                                              ;
+--------------+------------+--------+--------+------------+-----------------+
; Data Port    ; Clock Port ; Rise   ; Fall   ; Clock Edge ; Clock Reference ;
+--------------+------------+--------+--------+------------+-----------------+
; data_out[*]  ; clk        ; 7.171  ; 7.171  ; Rise       ; clk             ;
;  data_out[0] ; clk        ; 8.252  ; 8.252  ; Rise       ; clk             ;
;  data_out[1] ; clk        ; 8.252  ; 8.252  ; Rise       ; clk             ;
;  data_out[2] ; clk        ; 7.171  ; 7.171  ; Rise       ; clk             ;
;  data_out[3] ; clk        ; 8.374  ; 8.374  ; Rise       ; clk             ;
;  data_out[4] ; clk        ; 8.268  ; 8.268  ; Rise       ; clk             ;
;  data_out[5] ; clk        ; 7.171  ; 7.171  ; Rise       ; clk             ;
;  data_out[6] ; clk        ; 7.171  ; 7.171  ; Rise       ; clk             ;
;  data_out[7] ; clk        ; 8.432  ; 8.432  ; Rise       ; clk             ;
; debug[*]     ; clk        ; 8.457  ; 8.457  ; Rise       ; clk             ;
;  debug[0]    ; clk        ; 8.939  ; 8.939  ; Rise       ; clk             ;
;  debug[1]    ; clk        ; 9.168  ; 9.168  ; Rise       ; clk             ;
;  debug[2]    ; clk        ; 8.809  ; 8.809  ; Rise       ; clk             ;
;  debug[3]    ; clk        ; 9.143  ; 9.143  ; Rise       ; clk             ;
;  debug[4]    ; clk        ; 8.796  ; 8.796  ; Rise       ; clk             ;
;  debug[5]    ; clk        ; 8.911  ; 8.911  ; Rise       ; clk             ;
;  debug[6]    ; clk        ; 8.457  ; 8.457  ; Rise       ; clk             ;
;  debug[7]    ; clk        ; 10.298 ; 10.298 ; Rise       ; clk             ;
+--------------+------------+--------+--------+------------+-----------------+


+-------------------------------------------------------------------+
; Setup Transfers                                                   ;
+------------+----------+----------+----------+----------+----------+
; From Clock ; To Clock ; RR Paths ; FR Paths ; RF Paths ; FF Paths ;
+------------+----------+----------+----------+----------+----------+
; clk        ; clk      ; 1559     ; 0        ; 0        ; 0        ;
+------------+----------+----------+----------+----------+----------+
Entries labeled "false path" only account for clock-to-clock false paths and not path-based false paths. As a result, actual path counts may be lower than reported.


+-------------------------------------------------------------------+
; Hold Transfers                                                    ;
+------------+----------+----------+----------+----------+----------+
; From Clock ; To Clock ; RR Paths ; FR Paths ; RF Paths ; FF Paths ;
+------------+----------+----------+----------+----------+----------+
; clk        ; clk      ; 1559     ; 0        ; 0        ; 0        ;
+------------+----------+----------+----------+----------+----------+
Entries labeled "false path" only account for clock-to-clock false paths and not path-based false paths. As a result, actual path counts may be lower than reported.


---------------
; Report TCCS ;
---------------
No dedicated SERDES Transmitter circuitry present in device or used in design


---------------
; Report RSKM ;
---------------
No dedicated SERDES Receiver circuitry present in device or used in design


+------------------------------------------------+
; Unconstrained Paths                            ;
+---------------------------------+-------+------+
; Property                        ; Setup ; Hold ;
+---------------------------------+-------+------+
; Illegal Clocks                  ; 0     ; 0    ;
; Unconstrained Clocks            ; 0     ; 0    ;
; Unconstrained Input Ports       ; 2     ; 2    ;
; Unconstrained Input Port Paths  ; 52    ; 52   ;
; Unconstrained Output Ports      ; 16    ; 16   ;
; Unconstrained Output Port Paths ; 16    ; 16   ;
+---------------------------------+-------+------+


+------------------------------------+
; TimeQuest Timing Analyzer Messages ;
+------------------------------------+
Info: *******************************************************************
Info: Running Quartus II 32-bit TimeQuest Timing Analyzer
    Info: Version 12.0 Build 178 05/31/2012 SJ Web Edition
    Info: Processing started: Tue Feb 28 23:30:31 2017
Info: Command: quartus_sta UARTReceiver -c UARTReceiver
Info: qsta_default_script.tcl version: #4
Warning (20028): Parallel compilation is not licensed and has been disabled
Info (21077): Low junction temperature is 0 degrees C
Info (21077): High junction temperature is 85 degrees C
Info (306004): Started post-fitting delay annotation
Info (306005): Delay annotation completed successfully
Critical Warning (332012): Synopsys Design Constraints File file not found: 'UARTReceiver.sdc'. A Synopsys Design Constraints File is required by the TimeQuest Timing Analyzer to get proper timing constraints. Without it, the Compiler will not properly optimize the design.
Info (332142): No user constrained base clocks found in the design. Calling "derive_clocks -period 1.0"
Info (332105): Deriving Clocks
    Info (332105): create_clock -period 1.000 -name clk clk
Info: Found TIMEQUEST_REPORT_SCRIPT_INCLUDE_DEFAULT_ANALYSIS = ON
Critical Warning (332148): Timing requirements not met
Info (332146): Worst-case setup slack is -9.586
    Info (332119):     Slack End Point TNS Clock 
    Info (332119): ========= ============= =====================
    Info (332119):    -9.586      -341.567 clk 
Info (332146): Worst-case hold slack is 1.651
    Info (332119):     Slack End Point TNS Clock 
    Info (332119): ========= ============= =====================
    Info (332119):     1.651         0.000 clk 
Info (332140): No Recovery paths to report
Info (332140): No Removal paths to report
Info (332146): Worst-case minimum pulse width slack is -2.289
    Info (332119):     Slack End Point TNS Clock 
    Info (332119): ========= ============= =====================
    Info (332119):    -2.289        -2.289 clk 
Info (332001): The selected device family is not supported by the report_metastability command.
Info (332102): Design is not fully constrained for setup requirements
Info (332102): Design is not fully constrained for hold requirements
Info: Quartus II 32-bit TimeQuest Timing Analyzer was successful. 0 errors, 3 warnings
    Info: Peak virtual memory: 304 megabytes
    Info: Processing ended: Tue Feb 28 23:30:32 2017
    Info: Elapsed time: 00:00:01
    Info: Total CPU time (on all processors): 00:00:01


